01:55:01    4698 --> ...                                                                                              [tcl] ucliGUI::start /afs/asu.edu/users/c/f/a/cfarnsw2/datamining/data_mining/src/simv -ucligui 
01:55:01    4699 --> ...                                                                                                  [tcl] set ucliGUI::state
01:55:01    4700 --> ...  [tcl] gui_update_simulator_buttons
01:55:02    4701 --> ...      [tcl] set ucliGUI::state
01:55:02    4702 --> ...          [tcl] ucliCore::getToolPID
01:55:02    4703 --> ...              [tcl] synopsys::env hasTB
01:55:02    4704 --> ...                  [tcl] trigger_hier_stack_context_switch 0
01:55:02    4705 --> ...                      [tcl] synUtils::setDVEInitPhase 1
01:55:02    4706 --> ...                          [tcl] gui_get_env SIMSETUP::SIMVPD
01:55:02    4707 --> ...                              [tcl] synopsys::dump -type VPD -file /afs/asu.edu/users/c/f/a/cfarnsw2/datamining/data_mining/src/inter.vpd -locking
01:55:02    4708 --> ...                                  [tcl] synopsys::dump -autoflush on -fid VPD22
01:55:02    4709 --> ...                                      [tcl] set ::dve_fid VPD22
01:55:02    4710 --> ...                                          [tcl] synUtils::setDVEInitPhase 0
01:55:02    4711 --> ...                                              [tcl] ucliCore::getToolPID
01:55:02    4712 --> ...                                                  [tcl] synUtils::sendTool -active _icl_setToolSocket /tmp/smlnpJxVxhM
01:55:02    4713 --> ...                                                      [tcl] synUtils::sendTool -active {_icl_start_rpc -version "K-2015.09_Full64" -sync_file /tmp/vcs_dve_rpc.cfarnsw2.18465}
01:55:02    4714 --> ...                                                          [tcl] synUtils::sendTool -active {_icl_createSharedMemory /tmp/vcs_dve_general.cfarnsw2.18465}
01:55:02    4715 --> ...                                                              [tcl] config endofsim noexit
01:55:02    4716 --> ...                                                                  [tcl] config onfail enable all
01:55:02    4717 --> ...                                                                      [tcl] config syscaddplainmembers
01:55:02    4718 --> ...                                                                          [tcl] config syscaddsourcenames
01:55:02    4719 --> ...                                                                              [tcl] config syscaddstructtypes
01:55:02    4720 --> ...                                                                                  [tcl] synopsys::listing -disable
01:55:02    4721 --> ...                                                                                      [tcl] # Begin_DVE_Session_Save_Info
01:55:02    4722 --> ...                                                                                          [tcl] # DVE restart session
01:55:02    4723 --> ...                                                                                              [tcl] # Saved on Sat Nov 26 01:55:00 2016
01:55:02    4724 --> ...                                                                                                  [tcl] # Designs open: 1
01:55:02    4725 --> ...  [tcl] #   Sim: /afs/asu.edu/users/c/f/a/cfarnsw2/datamining/data_mining/src/simv
01:55:02    4726 --> ...      [tcl] # Toplevel windows open: 2
01:55:02    4727 --> ...          [tcl] # 	TopLevel.1
01:55:02    4728 --> ...              [tcl] # 	TopLevel.2
01:55:02    4729 --> ...                  [tcl] #   Source.1: CONNECT_testbench_sample.i_top_level.i_mkNetwork.net_routers_router_core_8.flitBuffers_3
01:55:02    4730 --> ...                      [tcl] #   Wave.1: 44 signals
01:55:02    4731 --> ...                          [tcl] #   Group count = 3
01:55:02    4732 --> ...                              [tcl] #   Group mapper0 signal count = 26
01:55:02    4733 --> ...                                  [tcl] #   Group reducer signal count = 15
01:55:02    4734 --> ...                                      [tcl] #   Group input_arb signal count = 3
01:55:02    4735 --> ...                                          [tcl] # End_DVE_Session_Save_Info
01:55:02    4736 --> ...                                              [tcl] # DVE version: K-2015.09_Full64
01:55:02    4737 --> ...                                                  [tcl] # DVE build date: Aug 25 2015 21:36:02
01:55:02    4738 --> ...                                                      [tcl] #<Session mode="Restart" path=".restartSimSession.tcl" type="Debug">
01:55:02    4739 --> ...                                                          [tcl] gui_set_loading_session_type Restart
01:55:02    4740 --> ...                                                              [tcl] gui_continuetime_set
01:55:02    4741 --> ...                                                                  [tcl] gui_clear_window -type Wave
01:55:02    4742 --> ...                                                                      [tcl] gui_clear_window -type List
01:55:02    4743 --> ...                                                                          [tcl] # Application preferences
01:55:02    4744 --> ...                                                                              [tcl] gui_set_pref_value -key app_default_font -value {Helvetica,10,-1,5,50,0,0,0,0,0}
01:55:02    4745 --> ...                                                                                  [tcl] gui_src_preferences -tabstop 8 -maxbits 24 -windownumber 1
01:55:02    4746 --> ...                                                                                      [tcl] #<WindowLayout>
01:55:02    4747 --> ...                                                                                          [tcl] # DVE top-level session
01:55:02    4748 --> ...                                                                                              [tcl] # Create and position top-level window: TopLevel.1
01:55:02    4749 --> ...                                                                                                  [tcl] set TopLevel.1 TopLevel.1
01:55:02    4750 --> ...  [tcl] # Docked window settings
01:55:02    4751 --> ...      [tcl] set HSPane.1 HSPane.1
01:55:02    4752 --> ...          [tcl] set Hier.1 Hier.1
01:55:02    4753 --> ...              [tcl] set DLPane.1 DLPane.1
01:55:02    4754 --> ...                  [tcl] set Data.1 Data.1
01:55:02    4755 --> ...                      [tcl] set Console.1 Console.1
01:55:02    4756 --> ...                          [tcl] set DriverLoad.1 DriverLoad.1
01:55:02    4757 --> ...                              [tcl] gui_sync_global -id ${TopLevel.1} -option true
01:55:02    4758 --> ...                                  [tcl] # MDI window settings
01:55:02    4759 --> ...                                      [tcl] set Source.1 Source.1
01:55:02    4760 --> ...                                          [tcl] gui_update_layout -id ${Source.1} {{show_state maximized} {dock_state undocked} {dock_on_new_line false}}
01:55:02    4761 --> ...                                              [tcl] # End MDI window settings
01:55:02    4762 --> ...                                                  [tcl] # Create and position top-level window: TopLevel.2
01:55:02    4763 --> ...                                                      [tcl] set TopLevel.2 TopLevel.2
01:55:02    4764 --> ...                                                          [tcl] # Docked window settings
01:55:02    4765 --> ...                                                              [tcl] gui_sync_global -id ${TopLevel.2} -option true
01:55:02    4766 --> ...                                                                  [tcl] # MDI window settings
01:55:02    4767 --> ...                                                                      [tcl] set Wave.1 Wave.1
01:55:02    4768 --> ...                                                                          [tcl] gui_update_layout -id ${Wave.1} {{show_state maximized} {dock_state undocked} {dock_on_new_line false} {child_wave_left 345} {child_wave_right 673} {child_wave_colname 203} {child_wave_colvalue 138} {child_wave_col1 0} {child_wave_col2 1}}
01:55:02    4769 --> ...                                                                              [tcl] # End MDI window settings
01:55:02    4770 --> ...                                                                                  [tcl] #</WindowLayout>
01:55:02    4771 --> ...                                                                                      [tcl] #<Database>
01:55:02    4772 --> ...                                                                                          [tcl] gui_set_precision 1ps
01:55:02    4773 --> ...                                                                                              [tcl] gui_set_time_units 1ps
01:55:02    4774 --> ...                                                                                                  [tcl] dump -add { CONNECT_testbench_sample.i_top_level.i_MapReduceMapper_unq1_1.flit_out_mapper } -depth 0 -scope "."
01:55:02    4775 --> ...  [tcl] dump -add { CONNECT_testbench_sample.i_top_level.i_MapReduceMapper_unq1_1.flit_out_mapper } -depth 0 -scope "."
01:55:02    4776 --> ...      [tcl] dump -add { CONNECT_testbench_sample.i_top_level.i_MapReduceMapper_unq1_1.flit_out_mapper } -depth 0 -scope "."
01:55:02    4777 --> ...          [tcl] dump -add { CONNECT_testbench_sample CONNECT_testbench_sample.i_top_level CONNECT_testbench_sample.i_top_level.i_MapReduceMapper_unq1_1 CONNECT_testbench_sample.i_top_level.i_MapReduceReducer_unq1 CONNECT_testbench_sample.i_top_level.i_mkNetwork CONNECT_testbench_sample.i_top_level.i_noc_input_controller CONNECT_testbench_sample.i_top_level.i_ram_sp_sr_sw CONNECT_testbench_sample.task_send_flit mkInputArbiter mkOutputArbiter mkRouterInputArbitersStatic mkRouterOutputArbitersStatic }  -depth 0 -scope "."
01:55:02    4778 --> ...              [tcl] #</Database>
01:55:02    4779 --> ...                  [tcl] # DVE Global setting session:
01:55:02    4780 --> ...                      [tcl] # Global: Breakpoints
01:55:02    4781 --> ...                          [tcl] stop -disable -file {/afs/asu.edu/users/c/f/a/cfarnsw2/datamining/data_mining/src/mkInputVCQueues.v}  -line {391}
01:55:02    4782 --> ...                              [tcl] synopsys::watch -raw
01:55:02    4783 --> ...                                  [tcl] gui_postwatch -bpid 1  -line 391 -file /afs/asu.edu/users/c/f/a/cfarnsw2/datamining/data_mining/src/mkInputVCQueues.v -createdisable
01:55:02    4784 --> ...                                      [tcl] # Global: Bus
01:55:02    4785 --> ...                                          [tcl] gui_bus_create -name EXP:wordcompare {{CONNECT_testbench_sample.i_top_level.i_MapReduceMapper_unq1_1.word[319:0]} {CONNECT_testbench_sample.i_top_level.i_MapReduceMapper_unq1_1.value[63:0]}}
01:55:02    4786 --> ...                                              [tcl] synopsys::virtual bus -install . {CONNECT_testbench_sample.i_top_level.i_MapReduceMapper_unq1_1.word[319:0] & CONNECT_testbench_sample.i_top_level.i_MapReduceMapper_unq1_1.value[63:0]} wordcompare
01:55:02    4787 --> ...                                                  [tcl] catch {senv activeDomain} dveMisc::result 
01:55:02    4788 --> ...                                                      [tcl] set dveMisc::result
01:55:02    4789 --> ...                                                          [tcl] dveMisc::vbusExpand _vcs_unit__2274222008
01:55:02    4790 --> ...                                                              [tcl] catch {senv activeDomain} dveMisc::result 
01:55:02    4791 --> ...                                                                  [tcl] set dveMisc::result
01:55:02    4792 --> ...                                                                      [tcl] # Global: Expressions
01:55:02    4793 --> ...                                                                          [tcl] # Global: Signal Time Shift
01:55:02    4794 --> ...                                                                              [tcl] # Global: Signal Compare
01:55:02    4795 --> ...                                                                                  [tcl] # Global: Signal Groups
01:55:02    4796 --> ...                                                                                      [tcl] gui_load_child_values {CONNECT_testbench_sample.i_top_level.i_MapReduceMapper_unq1_1}
01:55:02    4797 --> ...                                                                                          [tcl] synopsys::dump -add {CONNECT_testbench_sample.i_top_level.i_MapReduceMapper_unq1_1} -scope "." -depth 1 -fid VPD22
01:55:02    4798 --> ...                                                                                              [tcl] set _session_group_61 mapper0
01:55:02    4799 --> ...                                                                                                  [tcl] gui_sg_create "$_session_group_61"
01:55:02    4800 --> ...  [tcl] set mapper0 "$_session_group_61"
01:55:02    4801 --> ...      [tcl] gui_sg_addsignal -group "$_session_group_61" { CONNECT_testbench_sample.i_top_level.i_MapReduceMapper_unq1_1.enable CONNECT_testbench_sample.i_top_level.i_MapReduceMapper_unq1_1.task_id CONNECT_testbench_sample.i_top_level.i_MapReduceMapper_unq1_1.key CONNECT_testbench_sample.i_top_level.i_MapReduceMapper_unq1_1.value EXP:wordcompare CONNECT_testbench_sample.i_top_level.i_MapReduceMapper_unq1_1.clk CONNECT_testbench_sample.i_top_level.i_MapReduceMapper_unq1_1.rstn CONNECT_testbench_sample.i_top_level.i_MapReduceMapper_unq1_1.clear CONNECT_testbench_sample.i_top_level.i_MapReduceMapper_unq1_1.tail CONNECT_testbench_sample.i_top_level.i_MapReduceMapper_unq1_1.finish CONNECT_testbench_sample.i_top_level.i_MapReduceMapper_unq1_1.read_request CONNECT_testbench_sample.i_top_level.i_MapReduceMapper_unq1_1.write_request CONNECT_testbench_sample.i_top_level.i_MapReduceMapper_unq1_1.int_key CONNECT_testbench_sample.i_top_level.i_MapReduceMapper_unq1_1.int_value CONNECT_testbench_sample.i_top_level.i_MapReduceMapper_unq1_1.read_addr CONNECT_testbench_sample.i_top_level.i_MapReduceMapper_unq1_1.write_addr CONNECT_testbench_sample.i_top_level.i_MapReduceMapper_unq1_1.counter CONNECT_testbench_sample.i_top_level.i_MapReduceMapper_unq1_1.index CONNECT_testbench_sample.i_top_level.i_MapReduceMapper_unq1_1.word CONNECT_testbench_sample.i_top_level.i_MapReduceMapper_unq1_1.done CONNECT_testbench_sample.i_top_level.i_MapReduceMapper_unq1_1.flit_out_mapper CONNECT_testbench_sample.i_top_level.i_MapReduceMapper_unq1_1.en_put_credits_mapper CONNECT_testbench_sample.i_top_level.i_MapReduceMapper_unq1_1.put_credits_mapper CONNECT_testbench_sample.i_top_level.i_MapReduceMapper_unq1_1.en_get_credit CONNECT_testbench_sample.i_top_level.i_MapReduceMapper_unq1_1.get_credit CONNECT_testbench_sample.i_top_level.i_MapReduceReducer_unq1.task_id }
01:55:02    4802 --> ...          [tcl] gui_set_radix -radix {ascii} -signals {Sim:CONNECT_testbench_sample.i_top_level.i_MapReduceMapper_unq1_1.key}
01:55:02    4803 --> ...              [tcl] gui_set_radix -radix {unsigned} -signals {Sim:CONNECT_testbench_sample.i_top_level.i_MapReduceMapper_unq1_1.key}
01:55:02    4804 --> ...                  [tcl] gui_set_radix -radix {ascii} -signals {Sim:CONNECT_testbench_sample.i_top_level.i_MapReduceMapper_unq1_1.value}
01:55:02    4805 --> ...                      [tcl] gui_set_radix -radix {unsigned} -signals {Sim:CONNECT_testbench_sample.i_top_level.i_MapReduceMapper_unq1_1.value}
01:55:02    4806 --> ...                          [tcl] gui_set_radix -radix {ascii} -signals {EXP:wordcompare}
01:55:02    4807 --> ...                              [tcl] gui_set_radix -radix {unsigned} -signals {EXP:wordcompare}
01:55:02    4808 --> ...                                  [tcl] gui_set_radix -radix {ascii} -signals {Sim:CONNECT_testbench_sample.i_top_level.i_MapReduceMapper_unq1_1.int_key}
01:55:02    4809 --> ...                                      [tcl] gui_set_radix -radix {unsigned} -signals {Sim:CONNECT_testbench_sample.i_top_level.i_MapReduceMapper_unq1_1.int_key}
01:55:02    4810 --> ...                                          [tcl] gui_set_radix -radix {ascii} -signals {Sim:CONNECT_testbench_sample.i_top_level.i_MapReduceMapper_unq1_1.word}
01:55:02    4811 --> ...                                              [tcl] gui_set_radix -radix {unsigned} -signals {Sim:CONNECT_testbench_sample.i_top_level.i_MapReduceMapper_unq1_1.word}
01:55:02    4812 --> ...                                                  [tcl] set _session_group_62 reducer
01:55:02    4813 --> ...                                                      [tcl] gui_sg_create "$_session_group_62"
01:55:02    4814 --> ...                                                          [tcl] set reducer "$_session_group_62"
01:55:02    4815 --> ...                                                              [tcl] gui_sg_addsignal -group "$_session_group_62" { CONNECT_testbench_sample.i_top_level.i_MapReduceReducer_unq1.enable CONNECT_testbench_sample.i_top_level.i_MapReduceReducer_unq1.int_key CONNECT_testbench_sample.i_top_level.i_MapReduceReducer_unq1.search_key CONNECT_testbench_sample.i_top_level.i_MapReduceReducer_unq1.int_value CONNECT_testbench_sample.i_top_level.i_MapReduceReducer_unq1.clk CONNECT_testbench_sample.i_top_level.i_MapReduceReducer_unq1.finish CONNECT_testbench_sample.i_top_level.i_MapReduceReducer_unq1.read_request CONNECT_testbench_sample.i_top_level.i_MapReduceReducer_unq1.write_request CONNECT_testbench_sample.i_top_level.i_MapReduceReducer_unq1.result CONNECT_testbench_sample.i_top_level.i_MapReduceReducer_unq1.read_addr CONNECT_testbench_sample.i_top_level.i_MapReduceReducer_unq1.write_addr CONNECT_testbench_sample.i_top_level.i_MapReduceReducer_unq1.counter CONNECT_testbench_sample.i_top_level.i_MapReduceReducer_unq1.addr CONNECT_testbench_sample.i_top_level.i_MapReduceReducer_unq1.en_put_credits_reducer CONNECT_testbench_sample.i_top_level.i_MapReduceReducer_unq1.put_credits_reducer }
01:55:02    4816 --> ...                                                                  [tcl] gui_set_radix -radix {ascii} -signals {Sim:CONNECT_testbench_sample.i_top_level.i_MapReduceReducer_unq1.int_key}
01:55:02    4817 --> ...                                                                      [tcl] gui_set_radix -radix {unsigned} -signals {Sim:CONNECT_testbench_sample.i_top_level.i_MapReduceReducer_unq1.int_key}
01:55:02    4818 --> ...                                                                          [tcl] gui_set_radix -radix {ascii} -signals {Sim:CONNECT_testbench_sample.i_top_level.i_MapReduceReducer_unq1.search_key}
01:55:02    4819 --> ...                                                                              [tcl] gui_set_radix -radix {unsigned} -signals {Sim:CONNECT_testbench_sample.i_top_level.i_MapReduceReducer_unq1.search_key}
01:55:02    4820 --> ...                                                                                  [tcl] gui_set_radix -radix {decimal} -signals {Sim:CONNECT_testbench_sample.i_top_level.i_MapReduceReducer_unq1.result}
01:55:02    4821 --> ...                                                                                      [tcl] gui_set_radix -radix {unsigned} -signals {Sim:CONNECT_testbench_sample.i_top_level.i_MapReduceReducer_unq1.result}
01:55:02    4822 --> ...                                                                                          [tcl] set _session_group_63 input_arb
01:55:02    4823 --> ...                                                                                              [tcl] gui_sg_create "$_session_group_63"
01:55:02    4824 --> ...                                                                                                  [tcl] set input_arb "$_session_group_63"
01:55:02    4825 --> ...  [tcl] gui_sg_addsignal -group "$_session_group_63" { CONNECT_testbench_sample.i_top_level.i_noc_input_controller.en_get_credit CONNECT_testbench_sample.i_top_level.i_noc_input_controller.get_credit CONNECT_testbench_sample.i_top_level.i_noc_input_controller.num_credits }
01:55:02    4826 --> ...      [tcl] # Global: Highlighting
01:55:02    4827 --> ...          [tcl] gui_highlight_signals -color #00ff00 {CONNECT_testbench_sample.i_top_level.i_mkNetwork.net_routers_router_core.flitBuffers.inputVCQueues_ifc_mf_ifc_not_full_1 {CONNECT_testbench_sample.i_top_level.i_mkNetwork.net_routers_router_core_5$out_ports_0_getFlit[70:0]} CONNECT_testbench_sample.i_top_level.i_mkNetwork.net_routers_router_core.flitBuffers.inputVCQueues_ifc_mf_ifc_not_full}
01:55:02    4828 --> ...              [tcl] dveMisc::vbusExpand CONNECT_testbench_sample.i_top_level.i_mkNetwork.net_routers_router_core.flitBuffers
01:55:02    4829 --> ...                  [tcl] dveMisc::vbusExpand CONNECT_testbench_sample.i_top_level.i_mkNetwork
01:55:03    4830 --> ...                      [tcl] # Global: Stack
01:55:03    4831 --> ...                          [tcl] gui_change_stack_mode -mode list
01:55:03    4832 --> ...                              [tcl] # Post database loading setting...
01:55:03    4833 --> ...                                  [tcl] # Save global setting...
01:55:03    4834 --> ...                                      [tcl] # Wave/List view global setting
01:55:03    4835 --> ...                                          [tcl] gui_cov_show_value -switch false
01:55:03    4836 --> ...                                              [tcl] # Close all empty TopLevel windows
01:55:03    4837 --> ...                                                  [tcl] foreach __top [gui_ekki_get_window_ids -type TopLevel] {     if { [llength [gui_ekki_get_window_ids -parent $__top]] == 0} {         gui_close_window -window $__top     } }
01:55:03    4838 --> ...                                                      [tcl] gui_set_loading_session_type noSession
01:55:03    4839 --> ...                                                          [tcl] # DVE View/pane content session:
01:55:03    4840 --> ...                                                              [tcl] # Hier 'Hier.1'
01:55:03    4841 --> ...                                                                  [tcl] gui_show_window -window ${Hier.1}
01:55:03    4842 --> ...                                                                      [tcl] gui_list_set_filter -id ${Hier.1} -list { {Package 1} {All 0} {Process 1} {VirtPowSwitch 0} {UnnamedProcess 1} {UDP 0} {Function 1} {Block 1} {SrsnAndSpaCell 0} {OVA Unit 1} {LeafScCell 1} {LeafVlgCell 1} {Interface 1} {LeafVhdCell 1} {$unit 1} {NamedBlock 1} {Task 1} {VlgPackage 1} {ClassDef 1} {VirtIsoCell 0} }
01:55:03    4843 --> ...                                                                          [tcl] gui_list_set_filter -id ${Hier.1} -text {*}
01:55:03    4844 --> ...                                                                              [tcl] gui_change_design -id ${Hier.1} -design Sim
01:55:03    4845 --> ...                                                                                  [tcl] catch {gui_list_expand -id ${Hier.1} CONNECT_testbench_sample}
01:55:03    4846 --> ...                                                                                      [tcl] catch {gui_list_expand -id ${Hier.1} CONNECT_testbench_sample.i_top_level}
01:55:03    4847 --> ...                                                                                          [tcl] catch {gui_list_select -id ${Hier.1} {CONNECT_testbench_sample.i_top_level.i_MapReduceReducer_unq1}}
01:55:03    4848 --> ...                                                                                              [tcl] dveMisc::vbusExpand CONNECT_testbench_sample.i_top_level.i_MapReduceReducer_unq1
01:55:03    4849 --> ...                                                                                                  [tcl] ucliGUI::getSignalValues -scope CONNECT_testbench_sample.i_top_level.i_MapReduceReducer_unq1 -radix {binary binary binary binary hexadecimal hexadecimal hexadecimal hexadecimal binary decimal binary hexadecimal hexadecimal hexadecimal binary } -list {clk en_put_credits_reducer enable finish {int_key[319:0]} {int_value[31:0]} {put_credits_reducer[1:0]} {read_addr[31:0]} read_request {result[31:0]} rstn {search_key[319:0]} {task_id[31:0]} {write_addr[31:0]} write_request }
01:55:03    4850 --> ...  [tcl] gui_view_scroll -id ${Hier.1} -vertical -set 0
01:55:03    4851 --> ...      [tcl] gui_view_scroll -id ${Hier.1} -horizontal -set 0
01:55:03    4852 --> ...          [tcl] # Data 'Data.1'
01:55:03    4853 --> ...              [tcl] gui_list_set_filter -id ${Data.1} -list { {Buffer 0} {Input 1} {Others 0} {Linkage 0} {Output 1} {LowPower 0} {Parameter 0} {All 0} {Aggregate 0} {LibBaseMember 0} {Event 0} {Assertion 0} {Constant 0} {Interface 0} {BaseMembers 0} {Signal 0} {$unit 0} {Inout 1} {Variable 0} }
01:55:03    4854 --> ...                  [tcl] gui_list_set_filter -id ${Data.1} -text {*}
01:55:03    4855 --> ...                      [tcl] gui_list_show_data -id ${Data.1} {CONNECT_testbench_sample.i_top_level.i_MapReduceReducer_unq1}
01:55:03    4856 --> ...                          [tcl] gui_show_window -window ${Data.1}
01:55:03    4857 --> ...                              [tcl] catch { gui_list_select -id ${Data.1} {CONNECT_testbench_sample.i_top_level.i_MapReduceReducer_unq1.en_put_credits_reducer CONNECT_testbench_sample.i_top_level.i_MapReduceReducer_unq1.put_credits_reducer }}
01:55:03    4858 --> ...                                  [tcl] gui_view_scroll -id ${Data.1} -vertical -set 0
01:55:03    4859 --> ...                                      [tcl] gui_view_scroll -id ${Data.1} -horizontal -set 0
01:55:03    4860 --> ...                                          [tcl] gui_view_scroll -id ${Hier.1} -vertical -set 0
01:55:03    4861 --> ...                                              [tcl] gui_view_scroll -id ${Hier.1} -horizontal -set 0
01:55:03    4862 --> ...                                                  [tcl] # Source 'Source.1'
01:55:03    4863 --> ...                                                      [tcl] gui_src_value_annotate -id ${Source.1} -switch false
01:55:03    4864 --> ...                                                          [tcl] gui_set_env TOGGLE::VALUEANNOTATE 0
01:55:03    4865 --> ...                                                              [tcl] gui_open_source -id ${Source.1}  -replace -active CONNECT_testbench_sample.i_top_level.i_mkNetwork.net_routers_router_core_8.flitBuffers_3 /afs/asu.edu/users/c/f/a/cfarnsw2/datamining/data_mining/src/mkInputVCQueues.v
01:55:03    4866 --> ...                                                                  [tcl] gui_src_value_annotate -id ${Source.1} -switch true
01:55:03    4867 --> ...                                                                      [tcl] ucliGUI::getSignalValues -scope CONNECT_testbench_sample.i_top_level.i_mkNetwork.net_routers_router_core_8.flitBuffers_3 -radix {binary binary binary hexadecimal binary binary binary hexadecimal hexadecimal hexadecimal hexadecimal hexadecimal hexadecimal hexadecimal hexadecimal hexadecimal } -list {CLK RST_N enq_fifo_in {enq_data_in[69:0]} EN_enq deq_fifo_out EN_deq {deq[69:0]} {notEmpty[1:0]} {notFull[1:0]} {inputVCQueues_ifc_mf_ifc_new_head$wget[2:0]} {inputVCQueues_ifc_mf_ifc_new_tail$wget[2:0]} {inputVCQueues_ifc_mf_ifc_rdFIFO$wget[1:0]} {inputVCQueues_ifc_mf_ifc_wrFIFO$wget[1:0]} {inputVCQueues_ifc_mf_ifc_heads[2:0]} {inputVCQueues_ifc_mf_ifc_heads$D_IN[2:0]} }
01:55:03    4868 --> ...                                                                          [tcl] gui_set_env TOGGLE::VALUEANNOTATE 1
01:55:03    4869 --> ...                                                                              [tcl] gui_view_scroll -id ${Source.1} -vertical -set 3465
01:55:03    4870 --> ...                                                                                  [tcl] gui_src_set_reusable -id ${Source.1}
01:55:03    4871 --> ...                                                                                      [tcl] # View 'Wave.1'
01:55:03    4872 --> ...                                                                                          [tcl] gui_wv_sync -id ${Wave.1} -switch false
01:55:03    4873 --> ...                                                                                              [tcl] set groupExD [gui_get_pref_value -category Wave -key exclusiveSG]
01:55:03    4874 --> ...                                                                                                  [tcl] gui_set_pref_value -category Wave -key exclusiveSG -value {false}
01:55:03    4875 --> ...  [tcl] set origWaveHeight [gui_get_pref_value -category Wave -key waveRowHeight]
01:55:03    4876 --> ...      [tcl] gui_list_set_height -id Wave -height 25
01:55:03    4877 --> ...          [tcl] set origGroupCreationState [gui_list_create_group_when_add -wave]
01:55:03    4878 --> ...              [tcl] gui_list_create_group_when_add -wave -disable
01:55:03    4879 --> ...                  [tcl] gui_wv_zoom_timerange -id ${Wave.1} 0 10015000
01:55:03    4880 --> ...                      [tcl] gui_list_add_group -id ${Wave.1} -after {New Group} {mapper0}
01:55:03    4881 --> ...                          [tcl] ucliGUI::getSignalValues -scope CONNECT_testbench_sample.i_top_level.i_mkNetwork.net_routers_router_core_8.flitBuffers_3 -radix {binary binary binary binary binary binary binary binary binary binary binary binary binary binary binary binary hexadecimal hexadecimal } -list {inputVCQueues_ifc_mf_ifc_wrFIFO_whas_AND_input_ETC___d32 {inputVCQueues_ifc_mf_ifc_rdFIFO$wget[1]} NOT_inputVCQueues_ifc_mf_ifc_wrFIFO_whas_5_OR__ETC___d63 {inputVCQueues_ifc_mf_ifc_not_empty_1$D_IN} inputVCQueues_ifc_mf_ifc_wrFIFO_whas_AND_input_ETC___d30 {inputVCQueues_ifc_mf_ifc_not_empty_1$EN} NOT_inputVCQueues_ifc_mf_ifc_wrFIFO_whas_5_OR__ETC___d60 {inputVCQueues_ifc_mf_ifc_not_full$D_IN} {inputVCQueues_ifc_mf_ifc_wrFIFO$wget[1]} NOT_inputVCQueues_ifc_mf_ifc_rdFIFO_whas__2_3__ETC___d41 {inputVCQueues_ifc_mf_ifc_not_full$EN} inputVCQueues_ifc_mf_ifc_rdFIFO_whas__2_AND_in_ETC___d54 {inputVCQueues_ifc_mf_ifc_not_full_1$D_IN} NOT_inputVCQueues_ifc_mf_ifc_rdFIFO_whas__2_3__ETC___d38 {inputVCQueues_ifc_mf_ifc_not_full_1$EN} inputVCQueues_ifc_mf_ifc_rdFIFO_whas__2_AND_in_ETC___d52 {inputVCQueues_ifc_mf_ifc_tails$D_IN[2:0]} {x__h2438[2:0]} }
01:55:03    4882 --> ...                              [tcl] gui_list_add_group -id ${Wave.1} -after {New Group} {reducer}
01:55:03    4883 --> ...                                  [tcl] gui_list_add_group -id ${Wave.1} -after {New Group} {input_arb}
01:55:03    4884 --> ...                                      [tcl] gui_list_select -id ${Wave.1} {CONNECT_testbench_sample.i_top_level.i_MapReduceReducer_unq1.result }
01:55:03    4885 --> ...                                          [tcl] gui_seek_criteria -id ${Wave.1} {Value...}
01:55:03    4886 --> ...                                              [tcl] gui_set_env TOGGLE::DEFAULT_WAVE_WINDOW ${Wave.1}
01:55:03    4887 --> ...                                                  [tcl] gui_set_pref_value -category Wave -key exclusiveSG -value $groupExD
01:55:03    4888 --> ...                                                      [tcl] gui_list_set_height -id Wave -height $origWaveHeight
01:55:03    4889 --> ...                                                          [tcl] if {$origGroupCreationState} { 	gui_list_create_group_when_add -wave -enable }
01:55:03    4890 --> ...                                                              [tcl] if { $groupExD } {  gui_msg_report -code DVWW028 }
01:55:03    4891 --> ...                                                                  [tcl] gui_list_set_filter -id ${Wave.1} -list { {Buffer 1} {Input 1} {Others 1} {Linkage 1} {Output 1} {Parameter 1} {All 1} {Aggregate 1} {LibBaseMember 1} {Event 1} {Assertion 1} {Constant 1} {Interface 1} {BaseMembers 1} {Signal 1} {$unit 1} {Inout 1} {Variable 1} }
01:55:03    4892 --> ...                                                                      [tcl] gui_list_set_filter -id ${Wave.1} -text {*}
01:55:03    4893 --> ...                                                                          [tcl] gui_list_set_insertion_bar  -id ${Wave.1} -group reducer  -item {CONNECT_testbench_sample.i_top_level.i_MapReduceReducer_unq1.put_credits_reducer[1:0]} -position below
01:55:03    4894 --> ...                                                                              [tcl] gui_view_scroll -id ${Wave.1} -vertical -set 617
01:55:03    4895 --> ...                                                                                  [tcl] gui_show_grid -id ${Wave.1} -enable false
01:55:03    4896 --> ...                                                                                      [tcl] # DriverLoad 'DriverLoad.1'
01:55:03    4897 --> ...                                                                                          [tcl] gui_get_drivers -session -id ${DriverLoad.1} -signal CONNECT_testbench_sample.i_top_level.i_mkNetwork.EN_send_ports_0_getCredits -time 155000 -starttime 155000
01:55:03    4898 --> ...                                                                                              [tcl] gui_get_loads -session -id ${DriverLoad.1} -signal CONNECT_testbench_sample.i_top_level.i_mkNetwork.EN_send_ports_0_getCredits
01:55:03    4899 --> ...                                                                                                  [tcl] gui_get_drivers -session -id ${DriverLoad.1} -signal {CONNECT_testbench_sample.i_top_level.i_MapReduceReducer_unq1.int_value[31:0]} -time 335000 -starttime 335000
01:55:03    4900 --> ...  [tcl] gui_get_drivers -session -id ${DriverLoad.1} -signal {CONNECT_testbench_sample.i_top_level.i_noc_input_controller.get_credit[1:0]} -time 75000 -starttime 1805000
01:55:03    4901 --> ...      [tcl] gui_get_drivers -session -id ${DriverLoad.1} -signal {CONNECT_testbench_sample.i_top_level.i_mkNetwork.net_routers_router_core$in_ports_0_getCredits[1:0]} -time 75000 -starttime 1805000
01:55:03    4902 --> ...          [tcl] gui_get_drivers -session -id ${DriverLoad.1} -signal CONNECT_testbench_sample.i_top_level.i_mkNetwork.net_routers_router_core.outport_encoder_76_BIT_3_77_AND_IF_flitBuffers_ETC___d654 -time 75000 -starttime 1805000
01:55:03    4903 --> ...              [tcl] gui_get_drivers -session -id ${DriverLoad.1} -signal CONNECT_testbench_sample.i_top_level.i_mkNetwork.net_routers_router_core.NOT_IF_outPortFIFOs_0_first__90_EQ_0_91_THEN_c_ETC___d652 -time 0 -starttime 1805000
01:55:03    4904 --> ...                  [tcl] gui_get_drivers -session -id ${DriverLoad.1} -signal CONNECT_testbench_sample.i_top_level.i_mkNetwork.net_routers_router_core.fifo_out__h38368 -time 75000 -starttime 1805000
01:55:03    4905 --> ...                      [tcl] gui_get_drivers -session -id ${DriverLoad.1} -signal {CONNECT_testbench_sample.i_top_level.i_noc_input_controller.flit_out[70:0]} -time 1805000 -starttime 1805000
01:55:03    4906 --> ...                          [tcl] gui_get_drivers -session -id ${DriverLoad.1} -signal {CONNECT_testbench_sample.i_top_level.i_noc_input_controller.data_internal[63:0]} -time 1805000 -starttime 1805000
01:55:03    4907 --> ...                              [tcl] gui_get_loads -session -id ${DriverLoad.1} -signal {CONNECT_testbench_sample.i_top_level.i_noc_input_controller.data_internal[63:0]}
01:55:03    4908 --> ...                                  [tcl] gui_get_drivers -session -id ${DriverLoad.1} -signal {CONNECT_testbench_sample.i_top_level.i_mkNetwork.send_ports_1_putFlit_flit_in[70:0]} -time 1805000 -starttime 1805000
01:55:03    4909 --> ...                                      [tcl] gui_get_drivers -session -id ${DriverLoad.1} -signal {CONNECT_testbench_sample.i_top_level.i_noc_input_controller.data_in[63:0]} -time 1805000 -starttime 1805000
01:55:03    4910 --> ...                                          [tcl] gui_get_drivers -session -id ${DriverLoad.1} -signal {CONNECT_testbench_sample.i_top_level.i_mkNetwork.net_routers_routeTable_rt_ifc_banks_banks_rf.ADDR_IN[3:0]} -time 0 -starttime 1805000
01:55:03    4911 --> ...                                              [tcl] gui_get_drivers -session -id ${DriverLoad.1} -signal {CONNECT_testbench_sample.i_top_level.i_mkNetwork.net_routers_routeTable_rt_ifc_banks_banks_rf.ADDR_1[3:0]} -time 55000 -starttime 1805000
01:55:03    4912 --> ...                                                  [tcl] gui_get_drivers -session -id ${DriverLoad.1} -signal {CONNECT_testbench_sample.i_top_level.i_mkNetwork.send_ports_0_putFlit_flit_in[70:0]} -time 1805000 -starttime 1805000
01:55:03    4913 --> ...                                                      [tcl] gui_get_drivers -session -id ${DriverLoad.1} -signal CONNECT_testbench_sample.i_top_level.i_mkNetwork.net_routers_router_core.flitBuffers.IF_enq_fifo_in_THEN_NOT_inputVCQueues_ifc_mf_i_ETC___d88 -time 5000 -starttime 852787
01:55:03    4914 --> ...                                                          [tcl] gui_get_drivers -session -id ${DriverLoad.1} -signal CONNECT_testbench_sample.i_top_level.i_mkNetwork.net_routers_router_core.flitBuffers.inputVCQueues_ifc_mf_ifc_not_full -time 5000 -starttime 852787
01:55:03    4915 --> ...                                                              [tcl] gui_get_drivers -session -id ${DriverLoad.1} -signal CONNECT_testbench_sample.i_top_level.i_mkNetwork.net_routers_router_core.flitBuffers.IF_enq_fifo_in_THEN_NOT_inputVCQueues_ifc_mf_i_ETC___d88 -time 5000 -starttime 5489816
01:55:03    4916 --> ...                                                                  [tcl] gui_get_drivers -session -id ${DriverLoad.1} -signal CONNECT_testbench_sample.i_top_level.i_mkNetwork.net_routers_router_core.flitBuffers.inputVCQueues_ifc_mf_ifc_not_full_1 -time 5000 -starttime 5489816
01:55:03    4917 --> ...                                                                      [tcl] gui_get_drivers -session -id ${DriverLoad.1} -signal CONNECT_testbench_sample.i_top_level.i_mkNetwork.net_routers_router_core.flitBuffers.IF_enq_fifo_in_THEN_NOT_inputVCQueues_ifc_mf_i_ETC___d88 -time 5000 -starttime 8670000
01:55:03    4918 --> ...                                                                          [tcl] # Restore toplevel window zorder
01:55:03    4919 --> ...                                                                              [tcl] # The toplevel window could be closed if it has no view/pane
01:55:03    4920 --> ...                                                                                  [tcl] if {[gui_exist_window -window ${TopLevel.1}]} { 	gui_set_active_window -window ${TopLevel.1} 	gui_set_active_window -window ${Source.1} 	gui_set_active_window -window ${DLPane.1} }
01:55:03    4921 --> ...                                                                                      [tcl] if {[gui_exist_window -window ${TopLevel.2}]} { 	gui_set_active_window -window ${TopLevel.2} 	gui_set_active_window -window ${Wave.1} }
01:55:03    4922 --> ...                                                                                          [tcl] #</Session>
01:55:05    4923 --> ...                                                                                              [tcl] synopsys::run
01:55:05    4924 --> ...                                                                                                  [tcl] set ucliGUI::state
01:55:05    4925 --> ...  [tcl] set ucliGUI::state
01:55:05    4926 --> ...      [tcl] gui_update_simulator_buttons
01:55:08    4927 --> ...          [tcl] set synopsys::env(time) 215480000
01:55:11    4928 --> ...              [tcl] set synopsys::env(time) 423345000
01:55:14    4929 --> ...                  [tcl] set ucliGUI::state
01:55:14    4930 --> ...                      [tcl] set ucliGUI::state
01:55:14    4931 --> ...                          [tcl] catch {senv activeDomain} dveMisc::result 
01:55:14    4932 --> ...                              [tcl] set dveMisc::result
01:55:14    4933 --> ...                                  [tcl] gui_update_simulator_buttons
01:55:14    4934 --> ...                                      [tcl] ucliGUI::getSignalValues -scope CONNECT_testbench_sample.i_top_level.i_MapReduceReducer_unq1 -radix {binary binary binary binary hexadecimal hexadecimal hexadecimal hexadecimal binary decimal binary hexadecimal hexadecimal hexadecimal binary } -list {clk en_put_credits_reducer enable finish {int_key[319:0]} {int_value[31:0]} {put_credits_reducer[1:0]} {read_addr[31:0]} read_request {result[31:0]} rstn {search_key[319:0]} {task_id[31:0]} {write_addr[31:0]} write_request }
01:55:15    4935 --> ...                                          [tcl] dveMisc::vbusExpand CONNECT_testbench_sample.i_top_level.i_mkNetwork.net_routers_router_core_8.flitBuffers_3
01:55:15    4936 --> ...                                              [tcl] ucliGUI::getSignalValues -scope CONNECT_testbench_sample.i_top_level.i_mkNetwork.net_routers_router_core_8.flitBuffers_3 -radix {binary binary binary binary binary binary binary binary binary binary binary binary binary binary binary binary binary binary hexadecimal hexadecimal binary binary hexadecimal binary hexadecimal binary hexadecimal hexadecimal } -list {inputVCQueues_ifc_mf_ifc_wrFIFO_whas_AND_input_ETC___d32 EN_deq {inputVCQueues_ifc_mf_ifc_rdFIFO$wget[1]} NOT_inputVCQueues_ifc_mf_ifc_wrFIFO_whas_5_OR__ETC___d63 {inputVCQueues_ifc_mf_ifc_not_empty_1$D_IN} inputVCQueues_ifc_mf_ifc_wrFIFO_whas_AND_input_ETC___d30 {inputVCQueues_ifc_mf_ifc_not_empty_1$EN} NOT_inputVCQueues_ifc_mf_ifc_wrFIFO_whas_5_OR__ETC___d60 {inputVCQueues_ifc_mf_ifc_not_full$D_IN} EN_enq {inputVCQueues_ifc_mf_ifc_wrFIFO$wget[1]} NOT_inputVCQueues_ifc_mf_ifc_rdFIFO_whas__2_3__ETC___d41 {inputVCQueues_ifc_mf_ifc_not_full$EN} inputVCQueues_ifc_mf_ifc_rdFIFO_whas__2_AND_in_ETC___d54 {inputVCQueues_ifc_mf_ifc_not_full_1$D_IN} NOT_inputVCQueues_ifc_mf_ifc_rdFIFO_whas__2_3__ETC___d38 {inputVCQueues_ifc_mf_ifc_not_full_1$EN} inputVCQueues_ifc_mf_ifc_rdFIFO_whas__2_AND_in_ETC___d52 {inputVCQueues_ifc_mf_ifc_tails$D_IN[2:0]} {x__h2438[2:0]} {inputVCQueues_ifc_mf_ifc_tails$EN} {inputVCQueues_ifc_mf_ifc_wrFIFO$wget[0]} {inputVCQueues_ifc_mf_ifc_tails_1$D_IN[2:0]} {inputVCQueues_ifc_mf_ifc_tails_1$EN} {inputVCQueues_ifc_mf_ifc_fifoMem$ADDR_IN[3:0]} enq_fifo_in {fifoWrPtr__h3541[2:0]} {inputVCQueues_ifc_mf_ifc_fifoMem$ADDR_OUT[3:0]} }
02:01:49    4937 --> ...                                                  [tcl] synopsys::finish
02:01:49    4938 --> ...                                                      [tcl] set ucliGUI::state
02:01:49    4939 --> ...                                                          [tcl] set ucliGUI::state
02:01:49    4940 --> ...                                                              [tcl] catch {senv activeDomain} dveMisc::result 
02:01:49    4941 --> ...                                                                  [tcl] set dveMisc::result
02:01:49    4942 --> ...                                                                      [tcl] gui_update_simulator_buttons
02:05:27    4943 --> ...                                                                          [tcl] if [catch {gui_sim_terminate}] {gui_sim_terminate -kill}
02:05:27    4944 --> ...                                                                              [tcl] ucli_exit
