# Preference setting overrides
gui_create_pref_key -category {Globals} -key {load_detail_for_funcov} -value_type {bool} -value {false}

# State setting overrides
gui_state_default_create -off -ini
gui_set_state_value -category Layout -key child_console_size_x -value 1535
gui_set_state_value -category Layout -key child_console_size_y -value 179
gui_set_state_value -category Layout -key child_data_colvariable -value 194
gui_set_state_value -category Layout -key child_data_size_x -value 288
gui_set_state_value -category Layout -key child_data_size_y -value 524
gui_set_state_value -category Layout -key child_hier_col3 -value {-1}
gui_set_state_value -category Layout -key child_hier_colhier -value 303
gui_set_state_value -category Layout -key child_hier_colpd -value 0
gui_set_state_value -category Layout -key child_hier_size_x -value 412
gui_set_state_value -category Layout -key child_hier_size_y -value 524
gui_set_state_value -category Layout -key child_source_docknewline -value false
gui_set_state_value -category Layout -key child_source_pos_x -value {-2}
gui_set_state_value -category Layout -key child_source_pos_y -value {-15}
gui_set_state_value -category Layout -key child_source_size_x -value 838
gui_set_state_value -category Layout -key child_source_size_y -value 519
gui_set_state_value -category Layout -key child_wave_colname -value 211
gui_set_state_value -category Layout -key child_wave_colvalue -value 212
gui_set_state_value -category Layout -key child_wave_left -value 427
gui_set_state_value -category Layout -key child_wave_right -value 1042
gui_set_state_value -category Layout -key main_pos_x -value 0
gui_set_state_value -category Layout -key main_pos_y -value 23
gui_set_state_value -category Layout -key main_size_x -value 1535
gui_set_state_value -category Layout -key main_size_y -value 825
gui_set_state_value -category Layout -key stand_wave_child_docknewline -value false
gui_set_state_value -category Layout -key stand_wave_child_pos_x -value {-2}
gui_set_state_value -category Layout -key stand_wave_child_pos_y -value {-15}
gui_set_state_value -category Layout -key stand_wave_child_size_x -value 1479
gui_set_state_value -category Layout -key stand_wave_child_size_y -value 678
gui_set_state_value -category Layout -key stand_wave_top_pos_x -value 28
gui_set_state_value -category Layout -key stand_wave_top_pos_y -value 51
gui_set_state_value -category Layout -key stand_wave_top_size_x -value 1502
gui_set_state_value -category Layout -key stand_wave_top_size_y -value 833
gui_create_state_key -category FindDialog -key m_pMatchCase -value_type bool -value false
gui_create_state_key -category FindDialog -key m_pMatchWord -value_type bool -value false
gui_create_state_key -category FindDialog -key m_pUseCombo -value_type string -value {}
gui_create_state_key -category FindDialog -key m_pWrapAround -value_type bool -value true
gui_create_state_key -category Widget_History -key dlgDumpValues|m_Combo -value_type string -value {{CONNECT_testbench_sample CONNECT_testbench_sample.i_top_level CONNECT_testbench_sample.i_top_level.i_MapReduceMapper_unq1_1 CONNECT_testbench_sample.i_top_level.i_MapReduceReducer_unq1 CONNECT_testbench_sample.i_top_level.i_mkNetwork CONNECT_testbench_sample.i_top_level.i_noc_input_controller CONNECT_testbench_sample.i_top_level.i_ram_sp_sr_sw CONNECT_testbench_sample.task_send_flit mkInputArbiter mkOutputArbiter mkRouterInputArbitersStatic mkRouterOutputArbitersStatic top_MapReduce} {CONNECT_testbench_sample mkInputArbiter mkOutputArbiter mkRouterInputArbitersStatic mkRouterOutputArbitersStatic}}
gui_state_default_create -off

# Begin command logging
gui_sim_run Ucli -exe ./simv -args {-ucligui  } -dir .
gui_list_expand -id  Hier.1   mkOutputArbiter
gui_list_collapse -id  Hier.1   mkOutputArbiter
gui_list_expand -id  Hier.1   mkInputArbiter
gui_list_collapse -id  Hier.1   mkInputArbiter
gui_list_expand -id  Hier.1   CONNECT_testbench_sample
gui_list_expand -id  Hier.1   CONNECT_testbench_sample.i_top_level
gui_list_select -id Hier.1 -current_item_name CONNECT_testbench_sample.i_top_level.i_MapReduceMapper_unq1_1 -current_item_type Scope  -selected  { CONNECT_testbench_sample.i_top_level.i_MapReduceMapper_unq1_1   }
gui_list_select -id Data.1 -selected  { CONNECT_testbench_sample.i_top_level.i_MapReduceMapper_unq1_1.enable   }
gui_list_select -id Data.1 { {CONNECT_testbench_sample.i_top_level.i_MapReduceMapper_unq1_1.task_id[31:0]}  {CONNECT_testbench_sample.i_top_level.i_MapReduceMapper_unq1_1.key[39:0]}  {CONNECT_testbench_sample.i_top_level.i_MapReduceMapper_unq1_1.value[63:0]}  CONNECT_testbench_sample.i_top_level.i_MapReduceMapper_unq1_1.clk  CONNECT_testbench_sample.i_top_level.i_MapReduceMapper_unq1_1.rstn  CONNECT_testbench_sample.i_top_level.i_MapReduceMapper_unq1_1.clear  CONNECT_testbench_sample.i_top_level.i_MapReduceMapper_unq1_1.tail  CONNECT_testbench_sample.i_top_level.i_MapReduceMapper_unq1_1.finish  CONNECT_testbench_sample.i_top_level.i_MapReduceMapper_unq1_1.read_request  CONNECT_testbench_sample.i_top_level.i_MapReduceMapper_unq1_1.write_request  {CONNECT_testbench_sample.i_top_level.i_MapReduceMapper_unq1_1.int_key[39:0]}  {CONNECT_testbench_sample.i_top_level.i_MapReduceMapper_unq1_1.int_value[31:0]}  {CONNECT_testbench_sample.i_top_level.i_MapReduceMapper_unq1_1.read_addr[31:0]}  {CONNECT_testbench_sample.i_top_level.i_MapReduceMapper_unq1_1.write_addr[31:0]}  {CONNECT_testbench_sample.i_top_level.i_MapReduceMapper_unq1_1.counter[31:0]}  {CONNECT_testbench_sample.i_top_level.i_MapReduceMapper_unq1_1.index[3:0]}  {CONNECT_testbench_sample.i_top_level.i_MapReduceMapper_unq1_1.word[319:0]}  CONNECT_testbench_sample.i_top_level.i_MapReduceMapper_unq1_1.done   }
gui_open_window Wave
gui_list_add -id Wave.1 -from Data.1 { CONNECT_testbench_sample.i_top_level.i_MapReduceMapper_unq1_1.enable {CONNECT_testbench_sample.i_top_level.i_MapReduceMapper_unq1_1.task_id[31:0]} {CONNECT_testbench_sample.i_top_level.i_MapReduceMapper_unq1_1.key[39:0]} {CONNECT_testbench_sample.i_top_level.i_MapReduceMapper_unq1_1.value[63:0]} CONNECT_testbench_sample.i_top_level.i_MapReduceMapper_unq1_1.clk CONNECT_testbench_sample.i_top_level.i_MapReduceMapper_unq1_1.rstn CONNECT_testbench_sample.i_top_level.i_MapReduceMapper_unq1_1.clear CONNECT_testbench_sample.i_top_level.i_MapReduceMapper_unq1_1.tail CONNECT_testbench_sample.i_top_level.i_MapReduceMapper_unq1_1.finish CONNECT_testbench_sample.i_top_level.i_MapReduceMapper_unq1_1.read_request CONNECT_testbench_sample.i_top_level.i_MapReduceMapper_unq1_1.write_request {CONNECT_testbench_sample.i_top_level.i_MapReduceMapper_unq1_1.int_key[39:0]} {CONNECT_testbench_sample.i_top_level.i_MapReduceMapper_unq1_1.int_value[31:0]} {CONNECT_testbench_sample.i_top_level.i_MapReduceMapper_unq1_1.read_addr[31:0]} {CONNECT_testbench_sample.i_top_level.i_MapReduceMapper_unq1_1.write_addr[31:0]} {CONNECT_testbench_sample.i_top_level.i_MapReduceMapper_unq1_1.counter[31:0]} {CONNECT_testbench_sample.i_top_level.i_MapReduceMapper_unq1_1.index[3:0]} {CONNECT_testbench_sample.i_top_level.i_MapReduceMapper_unq1_1.word[319:0]} CONNECT_testbench_sample.i_top_level.i_MapReduceMapper_unq1_1.done } -insertionbar
gui_sim_continue  
gui_zoom -window  Wave.1  -full
gui_zoom -window  Wave.1  -full
gui_marker_move -id  Wave.1 C1 95000
gui_wv_zoom_timerange -id  Wave.1 77424 171851
gui_wv_zoom_timerange -id  Wave.1 82311 166750
gui_list_select -id Wave.1 -selected  { {CONNECT_testbench_sample.i_top_level.i_MapReduceMapper_unq1_1.value[63:0]}   }
gui_list_select -id Wave.1 -selected  { {CONNECT_testbench_sample.i_top_level.i_MapReduceMapper_unq1_1.value[63:0]}  {CONNECT_testbench_sample.i_top_level.i_MapReduceMapper_unq1_1.word[319:0]}   }
gui_list_select -id Wave.1 -selected  { {CONNECT_testbench_sample.i_top_level.i_MapReduceMapper_unq1_1.value[63:0]}  {CONNECT_testbench_sample.i_top_level.i_MapReduceMapper_unq1_1.word[319:0]}  {CONNECT_testbench_sample.i_top_level.i_MapReduceMapper_unq1_1.int_key[39:0]}   }
gui_list_select -id Wave.1 -selected  { {CONNECT_testbench_sample.i_top_level.i_MapReduceMapper_unq1_1.value[63:0]}  {CONNECT_testbench_sample.i_top_level.i_MapReduceMapper_unq1_1.word[319:0]}  {CONNECT_testbench_sample.i_top_level.i_MapReduceMapper_unq1_1.int_key[39:0]}  {CONNECT_testbench_sample.i_top_level.i_MapReduceMapper_unq1_1.key[39:0]}   }
gui_list_set_selected_property -id Wave.1 -radix ascii
gui_marker_move -id  Wave.1 C1 105000
gui_marker_move -id  Wave.1 C1 115000
gui_marker_move -id  Wave.1 C1 105000
gui_marker_move -id  Wave.1 C1 115000
gui_marker_move -id  Wave.1 C1 105000
gui_marker_move -id  Wave.1 C1 115000
gui_marker_move -id  Wave.1 C1 125000
gui_marker_move -id  Wave.1 C1 135000
gui_marker_move -id  Wave.1 C1 125000
gui_marker_move -id  Wave.1 C1 115000
gui_marker_move -id  Wave.1 C1 105000
gui_marker_move -id  Wave.1 C1 95000
gui_marker_move -id  Wave.1 C1 105000
gui_marker_move -id  Wave.1 C1 95000
gui_marker_move -id  Wave.1 C1 105000
gui_marker_move -id  Wave.1 C1 95000
gui_marker_move -id  Wave.1 C1 105000
gui_marker_move -id  Wave.1 C1 95000
gui_marker_move -id  Wave.1 C1 105000
gui_marker_move -id  Wave.1 C1 95000
gui_sim_restart
gui_sim_continue  
gui_zoom -window  Wave.1  -full
gui_marker_move -id  Wave.1 C1 95000
gui_wv_zoom_timerange -id  Wave.1 0 146650
gui_wv_scroll_hslidermove -id  Wave.1 185
gui_wv_zoom_timerange -id  Wave.1 77728 176709
gui_wv_zoom_timerange -id  Wave.1 77668 185871
gui_wv_zoom_timerange -id  Wave.1 77668 185256
gui_wv_zoom_timerange -id  Wave.1 77668 185871
gui_wv_zoom_timerange -id  Wave.1 77668 185256
gui_marker_move -id  Wave.1 C1 105000
gui_marker_move -id  Wave.1 C1 115000
gui_marker_move -id  Wave.1 C1 95000
gui_marker_move -id  Wave.1 C1 105000
gui_sim_restart
gui_sim_continue  
gui_zoom -window  Wave.1  -full
gui_marker_move -id  Wave.1 C1 125000
gui_marker_move -id  Wave.1 C1 135000
gui_marker_move -id  Wave.1 C1 125000
gui_wv_zoom_timerange -id  Wave.1 112781 156476
gui_marker_move -id  Wave.1 C1 135000
gui_marker_move -id  Wave.1 C1 125000
gui_marker_move -id  Wave.1 C1 129753
gui_marker_move -id  Wave.1 C1 125000
gui_marker_move -id  Wave.1 C1 128838
gui_marker_move -id  Wave.1 C1 125000
gui_marker_move -id  Wave.1 C1 128338
gui_marker_move -id  Wave.1 C1 122845
gui_marker_move -id  Wave.1 C1 128255
gui_marker_move -id  Wave.1 C1 123262
gui_marker_move -id  Wave.1 C1 128838
gui_marker_move -id  Wave.1 C1 125000
gui_marker_move -id  Wave.1 C1 123178
gui_marker_move -id  Wave.1 C1 128172
gui_sim_restart
gui_sim_continue  
gui_zoom -window  Wave.1  -full
gui_list_select -id Wave.1 -selected  { {CONNECT_testbench_sample.i_top_level.i_MapReduceMapper_unq1_1.counter[31:0]}   }
gui_marker_move -id  Wave.1 C1 135000
gui_list_select -id Wave.1 -selected  { {CONNECT_testbench_sample.i_top_level.i_MapReduceMapper_unq1_1.value[63:0]}   }
gui_copy_selected -id Wave.1
gui_paste_clipboard -id Wave.1
gui_list_select -id Wave.1 -selected  { {CONNECT_testbench_sample.i_top_level.i_MapReduceMapper_unq1_1.value[63:0]}   }
gui_list_move  -id  Wave.1    -sid  Wave.1   -after {CONNECT_testbench_sample.i_top_level.i_MapReduceMapper_unq1_1.value[63:0]} {{CONNECT_testbench_sample.i_top_level.i_MapReduceMapper_unq1_1.value[63:0]}} 
gui_list_select -id Wave.1 -selected  { {CONNECT_testbench_sample.i_top_level.i_MapReduceMapper_unq1_1.word[319:0]}   }
gui_list_move  -id  Wave.1    -sid  Wave.1   -after {CONNECT_testbench_sample.i_top_level.i_MapReduceMapper_unq1_1.value[63:0]} {{CONNECT_testbench_sample.i_top_level.i_MapReduceMapper_unq1_1.word[319:0]}} 
gui_list_move  -id  Wave.1    -sid  Wave.1   -after {CONNECT_testbench_sample.i_top_level.i_MapReduceMapper_unq1_1.value[63:0]} {{CONNECT_testbench_sample.i_top_level.i_MapReduceMapper_unq1_1.word[319:0]}} 
gui_copy_selected -id Wave.1
gui_paste_clipboard -id Wave.1
gui_list_select -id Wave.1 -selected  { {CONNECT_testbench_sample.i_top_level.i_MapReduceMapper_unq1_1.word[319:0]}   }
gui_list_move  -id  Wave.1    -sid  Wave.1   -after {CONNECT_testbench_sample.i_top_level.i_MapReduceMapper_unq1_1.write_addr[31:0]} {{CONNECT_testbench_sample.i_top_level.i_MapReduceMapper_unq1_1.word[319:0]}} 
gui_list_move  -id  Wave.1    -sid  Wave.1   -after {CONNECT_testbench_sample.i_top_level.i_MapReduceMapper_unq1_1.counter[31:0]} {{CONNECT_testbench_sample.i_top_level.i_MapReduceMapper_unq1_1.word[319:0]}} 
gui_list_move  -id  Wave.1    -sid  Wave.1   -after {CONNECT_testbench_sample.i_top_level.i_MapReduceMapper_unq1_1.index[3:0]} {{CONNECT_testbench_sample.i_top_level.i_MapReduceMapper_unq1_1.word[319:0]}} 
gui_list_select -id Wave.1 -selected  { {CONNECT_testbench_sample.i_top_level.i_MapReduceMapper_unq1_1.value[63:0]}   }
gui_list_select -id Wave.1 -selected  { {CONNECT_testbench_sample.i_top_level.i_MapReduceMapper_unq1_1.word[319:0]}   }
gui_list_select -id Wave.1 -selected  { {CONNECT_testbench_sample.i_top_level.i_MapReduceMapper_unq1_1.word[319:0]}  {CONNECT_testbench_sample.i_top_level.i_MapReduceMapper_unq1_1.value[63:0]}   }
gui_bus_create -name wordcompare {{CONNECT_testbench_sample.i_top_level.i_MapReduceMapper_unq1_1.word[319:0]} {CONNECT_testbench_sample.i_top_level.i_MapReduceMapper_unq1_1.value[63:0]}}
gui_list_add -id Wave.1 -after [gui_list_get_insertion_bar -id Wave.1] EXP:wordcompare -insertionbar
gui_list_select -id Wave.1 -selected  { EXP:wordcompare   }
gui_list_move  -id  Wave.1    -sid  Wave.1   -after {CONNECT_testbench_sample.i_top_level.i_MapReduceMapper_unq1_1.value[63:0]} {{EXP:wordcompare}} 
gui_list_select -id Wave.1 -selected  { {CONNECT_testbench_sample.i_top_level.i_MapReduceMapper_unq1_1.value[63:0]}   }
gui_list_select -id Wave.1 -selected  { {CONNECT_testbench_sample.i_top_level.i_MapReduceMapper_unq1_1.value[63:0]}  {CONNECT_testbench_sample.i_top_level.i_MapReduceMapper_unq1_1.word[319:0]}   }
gui_delete_selected -id  Wave.1
gui_list_select -id Wave.1 -selected  { EXP:wordcompare   }
gui_list_set_selected_property -id Wave.1 -radix ascii
gui_marker_move -id  Wave.1 C1 85000
gui_marker_move -id  Wave.1 C1 95000
gui_marker_move -id  Wave.1 C1 105000
gui_marker_move -id  Wave.1 C1 115000
gui_marker_move -id  Wave.1 C1 125000
gui_marker_move -id  Wave.1 C1 135000
gui_marker_move -id  Wave.1 C1 145000
gui_marker_move -id  Wave.1 C1 155000
gui_marker_move -id  Wave.1 C1 165000
gui_marker_move -id  Wave.1 C1 145000
gui_marker_move -id  Wave.1 C1 125000
gui_sim_restart
gui_sim_continue  
gui_zoom -window  Wave.1  -full
gui_sim_restart
gui_sim_continue  
gui_zoom -window  Wave.1  -full
gui_marker_move -id  Wave.1 C1 85000
gui_marker_move -id  Wave.1 C1 95000
gui_save_session -savedb relative -global { Breakpoint Bus Radix Expression TimeShift Compare SignalGroup Highlight Stack }  -file /afs/asu.edu/users/c/f/a/cfarnsw2/datamining/data_mining/src/session.inter.vpd.tcl
gui_list_select -id Data.1 -selected  {  }
gui_data_toggle_value_annotate -id  Data.1   {CONNECT_testbench_sample.i_top_level.i_MapReduceMapper_unq1_1.enable}
gui_list_select -id Data.1 -selected  { CONNECT_testbench_sample.i_top_level.i_MapReduceMapper_unq1_1.enable   }
gui_list_select -id Hier.1 -current_item_name CONNECT_testbench_sample -current_item_type Scope  -selected  { CONNECT_testbench_sample   }
gui_list_select -id Hier.1 -current_item_name CONNECT_testbench_sample.i_top_level.i_MapReduceMapper_unq1_1 -current_item_type Scope  -selected  { CONNECT_testbench_sample.i_top_level.i_MapReduceMapper_unq1_1   }
gui_list_select -id Hier.1 -current_item_name CONNECT_testbench_sample.i_top_level.i_mkNetwork -current_item_type Scope  -selected  { CONNECT_testbench_sample.i_top_level.i_mkNetwork   }
gui_list_select -id Hier.1 -current_item_name CONNECT_testbench_sample.i_top_level.i_MapReduceReducer_unq1 -current_item_type Scope  -selected  { CONNECT_testbench_sample.i_top_level.i_MapReduceReducer_unq1   }
gui_list_select -id Hier.1 -current_item_name CONNECT_testbench_sample.i_top_level.i_MapReduceMapper_unq1_1 -current_item_type Scope  -selected  { CONNECT_testbench_sample.i_top_level.i_MapReduceMapper_unq1_1   }
gui_list_action -id  Hier.1 CONNECT_testbench_sample.i_top_level.i_MapReduceMapper_unq1_1
gui_toggle_source_value_annotate Source.1
gui_set_pref_value -category {Source} -key {value_annotate} -value {true}
gui_wv_zoom_timerange -id  Wave.1 65543 194857
gui_marker_move -id  Wave.1 C1 135000
gui_marker_move -id  Wave.1 C1 125000
gui_marker_move -id  Wave.1 C1 135000
gui_list_select -id Wave.1 -selected  { {CONNECT_testbench_sample.i_top_level.i_MapReduceMapper_unq1_1.key[39:0]}   }
gui_marker_move -id  Wave.1 C1 72170
gui_sim_restart
gui_set_pref_value -category {Source} -key {value_annotate} -value {false}
gui_set_pref_value -category {Source} -key {value_annotate} -value {true}
gui_sim_continue  
gui_zoom -window  Wave.1  -full
gui_marker_move -id  Wave.1 C1 125000
gui_marker_move -id  Wave.1 C1 135000
gui_marker_move -id  Wave.1 C1 125000
gui_marker_move -id  Wave.1 C1 135000
gui_marker_move -id  Wave.1 C1 125000
gui_wv_zoom_timerange -id  Wave.1 76171 109238
gui_sim_restart
gui_set_pref_value -category {Source} -key {value_annotate} -value {false}
gui_set_pref_value -category {Source} -key {value_annotate} -value {true}
gui_sim_continue  
gui_zoom -window  Wave.1  -full
gui_marker_move -id  Wave.1 C1 95000
gui_wv_zoom_timerange -id  Wave.1 76762 115143
gui_sim_restart
gui_set_pref_value -category {Source} -key {value_annotate} -value {false}
gui_set_pref_value -category {Source} -key {value_annotate} -value {true}
gui_sim_continue  
gui_zoom -window  Wave.1  -full
gui_zoom -window  Wave.1  -full
gui_zoom -window  Wave.1  -full
gui_zoom -window  Wave.1  -full
gui_zoom -window  Wave.1  -full
gui_wv_zoom_timerange -id  Wave.1 90933 150571
gui_marker_move -id  Wave.1 C1 125000
gui_marker_move -id  Wave.1 C1 125000
gui_marker_move -id  Wave.1 C1 135000
gui_marker_select -id  Wave.1 { C1 }
gui_marker_move -id  Wave.1 C1 135000
gui_marker_move -id  Wave.1 C1 125000
gui_marker_move -id  Wave.1 C1 135000
gui_marker_move -id  Wave.1 C1 125000
gui_marker_move -id  Wave.1 C1 135000
gui_list_select -id Wave.1 -selected  { {CONNECT_testbench_sample.i_top_level.i_MapReduceMapper_unq1_1.int_key[319:0]}   }
gui_wv_scroll_hslidermove -id  Wave.1 762
gui_sim_restart
gui_set_pref_value -category {Source} -key {value_annotate} -value {false}
gui_set_pref_value -category {Source} -key {value_annotate} -value {true}
gui_sim_continue  
gui_zoom -window  Wave.1  -full
gui_marker_move -id  Wave.1 C1 95000
gui_marker_move -id  Wave.1 C1 105000
gui_marker_move -id  Wave.1 C1 115000
gui_marker_move -id  Wave.1 C1 135000
gui_marker_move -id  Wave.1 C1 145000
gui_marker_move -id  Wave.1 C1 135000
gui_marker_move -id  Wave.1 C1 145000
gui_marker_move -id  Wave.1 C1 135000
gui_marker_move -id  Wave.1 C1 125000
gui_marker_move -id  Wave.1 C1 135000
gui_marker_move -id  Wave.1 C1 115000
gui_marker_move -id  Wave.1 C1 135000
gui_wv_zoom_timerange -id  Wave.1 103924 154705
gui_marker_move -id  Wave.1 C1 137544
gui_marker_move -id  Wave.1 C1 145000
gui_marker_move -id  Wave.1 C1 135000
