Assembler report for data_mining_4mapper
Mon Nov 28 22:52:17 2016
Quartus Prime Version 16.0.2 Build 222 07/20/2016 SJ Lite Edition


---------------------
; Table of Contents ;
---------------------
  1. Legal Notice
  2. Assembler Summary
  3. Assembler Settings
  4. Assembler Generated Files
  5. Assembler Device Options: C:/Users/Kate/Desktop/Classes/EEE 598/Proyect/data_mining_4mapper/output_files/data_mining_4mapper.sof
  6. Assembler Messages



----------------
; Legal Notice ;
----------------
Copyright (C) 1991-2016 Altera Corporation. All rights reserved.
Your use of Altera Corporation's design tools, logic functions 
and other software and tools, and its AMPP partner logic 
functions, and any output files from any of the foregoing 
(including device programming or simulation files), and any 
associated documentation or information are expressly subject 
to the terms and conditions of the Altera Program License 
Subscription Agreement, the Altera Quartus Prime License Agreement,
the Altera MegaCore Function License Agreement, or other 
applicable license agreement, including, without limitation, 
that your use is for the sole purpose of programming logic 
devices manufactured by Altera and sold by Altera or its 
authorized distributors.  Please refer to the applicable 
agreement for further details.



+---------------------------------------------------------------+
; Assembler Summary                                             ;
+-----------------------+---------------------------------------+
; Assembler Status      ; Successful - Mon Nov 28 22:52:16 2016 ;
; Revision Name         ; data_mining_4mapper                   ;
; Top-level Entity Name ; top_level                             ;
; Family                ; Cyclone V                             ;
; Device                ; 5CGXFC9E6F35C7                        ;
+-----------------------+---------------------------------------+


+----------------------------------+
; Assembler Settings               ;
+--------+---------+---------------+
; Option ; Setting ; Default Value ;
+--------+---------+---------------+


+--------------------------------------------------------------------------------------------------------+
; Assembler Generated Files                                                                              ;
+--------------------------------------------------------------------------------------------------------+
; File Name                                                                                              ;
+--------------------------------------------------------------------------------------------------------+
; C:/Users/Kate/Desktop/Classes/EEE 598/Proyect/data_mining_4mapper/output_files/data_mining_4mapper.sof ;
+--------------------------------------------------------------------------------------------------------+


+----------------------------------------------------------------------------------------------------------------------------------+
; Assembler Device Options: C:/Users/Kate/Desktop/Classes/EEE 598/Proyect/data_mining_4mapper/output_files/data_mining_4mapper.sof ;
+----------------+-----------------------------------------------------------------------------------------------------------------+
; Option         ; Setting                                                                                                         ;
+----------------+-----------------------------------------------------------------------------------------------------------------+
; Device         ; 5CGXFC9E6F35C7                                                                                                  ;
; JTAG usercode  ; 0x0712D8EA                                                                                                      ;
; Checksum       ; 0x0712D8EA                                                                                                      ;
+----------------+-----------------------------------------------------------------------------------------------------------------+


+--------------------+
; Assembler Messages ;
+--------------------+
Info: *******************************************************************
Info: Running Quartus Prime Assembler
    Info: Version 16.0.2 Build 222 07/20/2016 SJ Lite Edition
    Info: Processing started: Mon Nov 28 22:50:39 2016
Info: Command: quartus_asm --read_settings_files=off --write_settings_files=off data_mining_4mapper -c data_mining_4mapper
Info (115030): Assembler is generating device programming files
Info: Quartus Prime Assembler was successful. 0 errors, 0 warnings
    Info: Peak virtual memory: 1474 megabytes
    Info: Processing ended: Mon Nov 28 22:52:19 2016
    Info: Elapsed time: 00:01:40
    Info: Total CPU time (on all processors): 00:00:57


