23:17:00    485 --> ...                                          [tcl] ucliGUI::start /afs/asu.edu/users/c/f/a/cfarnsw2/datamining/data_mining_4mapper/src/simv -ucligui 
23:17:00    486 --> ...                                              [tcl] set ucliGUI::state
23:17:00    487 --> ...                                                  [tcl] gui_update_simulator_buttons
23:17:01    488 --> ...                                                      [tcl] set ucliGUI::state
23:17:01    489 --> ...                                                          [tcl] ucliCore::getToolPID
23:17:01    490 --> ...                                                              [tcl] synopsys::env hasTB
23:17:01    491 --> ...                                                                  [tcl] trigger_hier_stack_context_switch 0
23:17:01    492 --> ...                                                                      [tcl] synUtils::setDVEInitPhase 1
23:17:01    493 --> ...                                                                          [tcl] gui_get_env SIMSETUP::SIMVPD
23:17:01    494 --> ...                                                                              [tcl] synopsys::dump -type VPD -file /afs/asu.edu/users/c/f/a/cfarnsw2/datamining/data_mining_4mapper/src/inter.vpd -locking
23:17:01    495 --> ...                                                                                  [tcl] synopsys::dump -autoflush on -fid VPD2
23:17:01    496 --> ...                                                                                      [tcl] set ::dve_fid VPD2
23:17:01    497 --> ...                                                                                          [tcl] synUtils::setDVEInitPhase 0
23:17:01    498 --> ...                                                                                              [tcl] ucliCore::getToolPID
23:17:01    499 --> ...                                                                                                  [tcl] synUtils::sendTool -active _icl_setToolSocket /tmp/smlnpVsWKFr
23:17:01    500 --> ...  [tcl] synUtils::sendTool -active {_icl_start_rpc -version "K-2015.09_Full64" -sync_file /tmp/vcs_dve_rpc.cfarnsw2.15653}
23:17:01    501 --> ...      [tcl] synUtils::sendTool -active {_icl_createSharedMemory /tmp/vcs_dve_general.cfarnsw2.15653}
23:17:01    502 --> ...          [tcl] config endofsim noexit
23:17:01    503 --> ...              [tcl] config onfail enable all
23:17:01    504 --> ...                  [tcl] config syscaddplainmembers
23:17:01    505 --> ...                      [tcl] config syscaddsourcenames
23:17:01    506 --> ...                          [tcl] config syscaddstructtypes
23:17:01    507 --> ...                              [tcl] synopsys::listing -disable
23:17:01    508 --> ...                                  [tcl] # Begin_DVE_Session_Save_Info
23:17:01    509 --> ...                                      [tcl] # DVE restart session
23:17:01    510 --> ...                                          [tcl] # Saved on Sat Nov 26 23:16:59 2016
23:17:01    511 --> ...                                              [tcl] # Designs open: 1
23:17:01    512 --> ...                                                  [tcl] #   Sim: /afs/asu.edu/users/c/f/a/cfarnsw2/datamining/data_mining_4mapper/src/simv
23:17:01    513 --> ...                                                      [tcl] # Toplevel windows open: 2
23:17:01    514 --> ...                                                          [tcl] # 	TopLevel.1
23:17:01    515 --> ...                                                              [tcl] # 	TopLevel.2
23:17:01    516 --> ...                                                                  [tcl] #   Source.1: CONNECT_testbench_sample.i_top_level.i_mkNetwork.net_routers_router_core_8.flitBuffers_3
23:17:01    517 --> ...                                                                      [tcl] #   Wave.1: 38 signals
23:17:01    518 --> ...                                                                          [tcl] #   Group count = 7
23:17:01    519 --> ...                                                                              [tcl] #   Group mapper0 signal count = 13
23:17:01    520 --> ...                                                                                  [tcl] #   Group mapper1 signal count = 12
23:17:01    521 --> ...                                                                                      [tcl] #   Group mapper2 signal count = 0
23:17:01    522 --> ...                                                                                          [tcl] #   Group mapper3 signal count = 0
23:17:01    523 --> ...                                                                                              [tcl] #   Group reducer signal count = 8
23:17:01    524 --> ...                                                                                                  [tcl] #   Group input_arb signal count = 5
23:17:01    525 --> ...  [tcl] #   Group Group1 signal count = 1
23:17:01    526 --> ...      [tcl] # End_DVE_Session_Save_Info
23:17:01    527 --> ...          [tcl] # DVE version: K-2015.09_Full64
23:17:01    528 --> ...              [tcl] # DVE build date: Aug 25 2015 21:36:02
23:17:01    529 --> ...                  [tcl] #<Session mode="Restart" path=".restartSimSession.tcl" type="Debug">
23:17:01    530 --> ...                      [tcl] gui_set_loading_session_type Restart
23:17:01    531 --> ...                          [tcl] gui_continuetime_set
23:17:01    532 --> ...                              [tcl] gui_clear_window -type Wave
23:17:01    533 --> ...                                  [tcl] gui_clear_window -type List
23:17:01    534 --> ...                                      [tcl] # Application preferences
23:17:01    535 --> ...                                          [tcl] gui_set_pref_value -key app_default_font -value {Helvetica,10,-1,5,50,0,0,0,0,0}
23:17:01    536 --> ...                                              [tcl] gui_src_preferences -tabstop 8 -maxbits 24 -windownumber 1
23:17:01    537 --> ...                                                  [tcl] #<WindowLayout>
23:17:01    538 --> ...                                                      [tcl] # DVE top-level session
23:17:01    539 --> ...                                                          [tcl] # Create and position top-level window: TopLevel.1
23:17:01    540 --> ...                                                              [tcl] set TopLevel.1 TopLevel.1
23:17:01    541 --> ...                                                                  [tcl] # Docked window settings
23:17:01    542 --> ...                                                                      [tcl] set HSPane.1 HSPane.1
23:17:01    543 --> ...                                                                          [tcl] set Hier.1 Hier.1
23:17:01    544 --> ...                                                                              [tcl] set DLPane.1 DLPane.1
23:17:01    545 --> ...                                                                                  [tcl] set Data.1 Data.1
23:17:01    546 --> ...                                                                                      [tcl] set Console.1 Console.1
23:17:01    547 --> ...                                                                                          [tcl] set DriverLoad.1 DriverLoad.1
23:17:01    548 --> ...                                                                                              [tcl] gui_sync_global -id ${TopLevel.1} -option true
23:17:01    549 --> ...                                                                                                  [tcl] # MDI window settings
23:17:01    550 --> ...  [tcl] set Source.1 Source.1
23:17:01    551 --> ...      [tcl] gui_update_layout -id ${Source.1} {{show_state maximized} {dock_state undocked} {dock_on_new_line false}}
23:17:01    552 --> ...          [tcl] # End MDI window settings
23:17:01    553 --> ...              [tcl] # Create and position top-level window: TopLevel.2
23:17:01    554 --> ...                  [tcl] set TopLevel.2 TopLevel.2
23:17:01    555 --> ...                      [tcl] # Docked window settings
23:17:01    556 --> ...                          [tcl] gui_sync_global -id ${TopLevel.2} -option true
23:17:01    557 --> ...                              [tcl] # MDI window settings
23:17:01    558 --> ...                                  [tcl] set Wave.1 Wave.1
23:17:01    559 --> ...                                      [tcl] gui_update_layout -id ${Wave.1} {{show_state maximized} {dock_state undocked} {dock_on_new_line false} {child_wave_left 343} {child_wave_right 671} {child_wave_colname 201} {child_wave_colvalue 138} {child_wave_col1 0} {child_wave_col2 1}}
23:17:01    560 --> ...                                          [tcl] # End MDI window settings
23:17:01    561 --> ...                                              [tcl] #</WindowLayout>
23:17:01    562 --> ...                                                  [tcl] #<Database>
23:17:01    563 --> ...                                                      [tcl] gui_set_precision 1ps
23:17:01    564 --> ...                                                          [tcl] gui_set_time_units 1ps
23:17:01    565 --> ...                                                              [tcl] #</Database>
23:17:01    566 --> ...                                                                  [tcl] # DVE Global setting session:
23:17:01    567 --> ...                                                                      [tcl] # Global: Breakpoints
23:17:01    568 --> ...                                                                          [tcl] stop -disable -file {/afs/asu.edu/users/c/f/a/cfarnsw2/datamining/data_mining/src/mkInputVCQueues.v}  -line {391}
23:17:01    569 --> ...                                                                              [tcl] synopsys::watch -raw
23:17:01    570 --> ...                                                                                  [tcl] gui_postwatch -bpid 1  -line 391 -file /afs/asu.edu/users/c/f/a/cfarnsw2/datamining/data_mining/src/mkInputVCQueues.v -createdisable
23:17:01    571 --> ...                                                                                      [tcl] # Global: Bus
23:17:01    572 --> ...                                                                                          [tcl] # Global: Expressions
23:17:01    573 --> ...                                                                                              [tcl] gui_expr_create {flit_out[68:65]}  -name EXP:flit_out.dest -type Verilog -scope CONNECT_testbench_sample.i_top_level.i_noc_input_controller
23:17:01    574 --> ...                                                                                                  [tcl] synopsys::dump -add {CONNECT_testbench_sample.i_top_level.i_noc_input_controller.flit_out} -aggregates  -fid VPD2
23:17:01    575 --> ...  [tcl] # Global: Signal Time Shift
23:17:01    576 --> ...      [tcl] # Global: Signal Compare
23:17:01    577 --> ...          [tcl] # Global: Signal Groups
23:17:01    578 --> ...              [tcl] gui_load_child_values {CONNECT_testbench_sample.i_top_level.i_MapReduceMapper_unq1_1}
23:17:01    579 --> ...                  [tcl] synopsys::dump -add {CONNECT_testbench_sample.i_top_level.i_MapReduceMapper_unq1_1} -scope "." -depth 1 -fid VPD2
23:17:01    580 --> ...                      [tcl] set _session_group_8 mapper0
23:17:01    581 --> ...                          [tcl] gui_sg_create "$_session_group_8"
23:17:01    582 --> ...                              [tcl] set mapper0 "$_session_group_8"
23:17:01    583 --> ...                                  [tcl] gui_sg_addsignal -group "$_session_group_8" { CONNECT_testbench_sample.i_top_level.i_MapReduceMapper_unq1_0.enable CONNECT_testbench_sample.i_top_level.i_MapReduceMapper_unq1_0.key CONNECT_testbench_sample.i_top_level.i_MapReduceMapper_unq1_0.value CONNECT_testbench_sample.i_top_level.i_MapReduceMapper_unq1_0.clk CONNECT_testbench_sample.i_top_level.i_MapReduceMapper_unq1_0.rstn CONNECT_testbench_sample.i_top_level.i_MapReduceMapper_unq1_0.tail CONNECT_testbench_sample.i_top_level.i_MapReduceMapper_unq1_0.get_credit CONNECT_testbench_sample.i_top_level.i_MapReduceMapper_unq1_0.en_get_credit CONNECT_testbench_sample.i_top_level.i_MapReduceMapper_unq1_0.put_credits_mapper CONNECT_testbench_sample.i_top_level.i_MapReduceMapper_unq1_0.en_put_credits_mapper CONNECT_testbench_sample.i_top_level.i_MapReduceMapper_unq1_0.flit_out_mapper CONNECT_testbench_sample.i_top_level.i_MapReduceMapper_unq1_0.num_credits CONNECT_testbench_sample.i_top_level.i_MapReduceMapper_unq1_0.counter }
23:17:01    584 --> ...                                      [tcl] gui_set_radix -radix {ascii} -signals {Sim:CONNECT_testbench_sample.i_top_level.i_MapReduceMapper_unq1_0.key}
23:17:01    585 --> ...                                          [tcl] gui_set_radix -radix {unsigned} -signals {Sim:CONNECT_testbench_sample.i_top_level.i_MapReduceMapper_unq1_0.key}
23:17:01    586 --> ...                                              [tcl] gui_set_radix -radix {ascii} -signals {Sim:CONNECT_testbench_sample.i_top_level.i_MapReduceMapper_unq1_0.value}
23:17:01    587 --> ...                                                  [tcl] gui_set_radix -radix {unsigned} -signals {Sim:CONNECT_testbench_sample.i_top_level.i_MapReduceMapper_unq1_0.value}
23:17:01    588 --> ...                                                      [tcl] set _session_group_9 mapper1
23:17:01    589 --> ...                                                          [tcl] gui_sg_create "$_session_group_9"
23:17:01    590 --> ...                                                              [tcl] set mapper1 "$_session_group_9"
23:17:01    591 --> ...                                                                  [tcl] gui_sg_addsignal -group "$_session_group_9" { CONNECT_testbench_sample.i_top_level.i_MapReduceMapper_unq1_1.value CONNECT_testbench_sample.i_top_level.i_MapReduceMapper_unq1_1.enable CONNECT_testbench_sample.i_top_level.i_MapReduceMapper_unq1_1.key CONNECT_testbench_sample.i_top_level.i_MapReduceMapper_unq1_1.clk CONNECT_testbench_sample.i_top_level.i_MapReduceMapper_unq1_1.rstn CONNECT_testbench_sample.i_top_level.i_MapReduceMapper_unq1_1.tail CONNECT_testbench_sample.i_top_level.i_MapReduceMapper_unq1_1.get_credit CONNECT_testbench_sample.i_top_level.i_MapReduceMapper_unq1_1.en_get_credit CONNECT_testbench_sample.i_top_level.i_MapReduceMapper_unq1_1.put_credits_mapper CONNECT_testbench_sample.i_top_level.i_MapReduceMapper_unq1_1.en_put_credits_mapper CONNECT_testbench_sample.i_top_level.i_MapReduceMapper_unq1_1.write_request CONNECT_testbench_sample.i_top_level.i_MapReduceMapper_unq1_1.flit_out_mapper }
23:17:01    592 --> ...                                                                      [tcl] gui_set_radix -radix {ascii} -signals {Sim:CONNECT_testbench_sample.i_top_level.i_MapReduceMapper_unq1_1.value}
23:17:01    593 --> ...                                                                          [tcl] gui_set_radix -radix {unsigned} -signals {Sim:CONNECT_testbench_sample.i_top_level.i_MapReduceMapper_unq1_1.value}
23:17:01    594 --> ...                                                                              [tcl] gui_set_radix -radix {ascii} -signals {Sim:CONNECT_testbench_sample.i_top_level.i_MapReduceMapper_unq1_1.key}
23:17:01    595 --> ...                                                                                  [tcl] gui_set_radix -radix {unsigned} -signals {Sim:CONNECT_testbench_sample.i_top_level.i_MapReduceMapper_unq1_1.key}
23:17:01    596 --> ...                                                                                      [tcl] set _session_group_10 mapper2
23:17:01    597 --> ...                                                                                          [tcl] gui_sg_create "$_session_group_10"
23:17:01    598 --> ...                                                                                              [tcl] set mapper2 "$_session_group_10"
23:17:01    599 --> ...                                                                                                  [tcl] set _session_group_11 mapper3
23:17:01    600 --> ...  [tcl] gui_sg_create "$_session_group_11"
23:17:01    601 --> ...      [tcl] set mapper3 "$_session_group_11"
23:17:01    602 --> ...          [tcl] set _session_group_12 reducer
23:17:01    603 --> ...              [tcl] gui_sg_create "$_session_group_12"
23:17:01    604 --> ...                  [tcl] set reducer "$_session_group_12"
23:17:01    605 --> ...                      [tcl] gui_sg_addsignal -group "$_session_group_12" { CONNECT_testbench_sample.i_top_level.i_MapReduceReducer_unq1.enable CONNECT_testbench_sample.i_top_level.i_MapReduceReducer_unq1.search_key CONNECT_testbench_sample.i_top_level.i_MapReduceReducer_unq1.clk CONNECT_testbench_sample.i_top_level.i_MapReduceReducer_unq1.result CONNECT_testbench_sample.i_top_level.i_MapReduceReducer_unq1.counter CONNECT_testbench_sample.i_top_level.i_MapReduceReducer_unq1.addr CONNECT_testbench_sample.i_top_level.i_MapReduceReducer_unq1.en_put_credits_reducer CONNECT_testbench_sample.i_top_level.i_MapReduceReducer_unq1.put_credits_reducer }
23:17:01    606 --> ...                          [tcl] gui_set_radix -radix {ascii} -signals {Sim:CONNECT_testbench_sample.i_top_level.i_MapReduceReducer_unq1.search_key}
23:17:01    607 --> ...                              [tcl] gui_set_radix -radix {unsigned} -signals {Sim:CONNECT_testbench_sample.i_top_level.i_MapReduceReducer_unq1.search_key}
23:17:01    608 --> ...                                  [tcl] gui_set_radix -radix {decimal} -signals {Sim:CONNECT_testbench_sample.i_top_level.i_MapReduceReducer_unq1.result}
23:17:01    609 --> ...                                      [tcl] gui_set_radix -radix {unsigned} -signals {Sim:CONNECT_testbench_sample.i_top_level.i_MapReduceReducer_unq1.result}
23:17:01    610 --> ...                                          [tcl] set _session_group_13 input_arb
23:17:01    611 --> ...                                              [tcl] gui_sg_create "$_session_group_13"
23:17:01    612 --> ...                                                  [tcl] set input_arb "$_session_group_13"
23:17:01    613 --> ...                                                      [tcl] gui_sg_addsignal -group "$_session_group_13" { CONNECT_testbench_sample.i_top_level.i_noc_input_controller.mapper_free CONNECT_testbench_sample.i_top_level.i_noc_input_controller.tail_internal CONNECT_testbench_sample.i_top_level.i_noc_input_controller.num_credits_mapper0 CONNECT_testbench_sample.i_top_level.i_noc_input_controller.flit_out EXP:flit_out.dest }
23:17:01    614 --> ...                                                          [tcl] gui_set_radix -radix {decimal} -signals {Sim:CONNECT_testbench_sample.i_top_level.i_noc_input_controller.mapper_free}
23:17:01    615 --> ...                                                              [tcl] gui_set_radix -radix {unsigned} -signals {Sim:CONNECT_testbench_sample.i_top_level.i_noc_input_controller.mapper_free}
23:17:01    616 --> ...                                                                  [tcl] gui_set_radix -radix {ascii} -signals {Sim:CONNECT_testbench_sample.i_top_level.i_noc_input_controller.flit_out}
23:17:01    617 --> ...                                                                      [tcl] gui_set_radix -radix {unsigned} -signals {Sim:CONNECT_testbench_sample.i_top_level.i_noc_input_controller.flit_out}
23:17:01    618 --> ...                                                                          [tcl] set _session_group_14 Group1
23:17:01    619 --> ...                                                                              [tcl] gui_sg_create "$_session_group_14"
23:17:01    620 --> ...                                                                                  [tcl] set Group1 "$_session_group_14"
23:17:01    621 --> ...                                                                                      [tcl] gui_sg_addsignal -group "$_session_group_14" { CONNECT_testbench_sample.i_top_level.i_MapReduceMapper_unq1_1.value }
23:17:01    622 --> ...                                                                                          [tcl] gui_set_radix -radix {ascii} -signals {Sim:CONNECT_testbench_sample.i_top_level.i_MapReduceMapper_unq1_1.value}
23:17:01    623 --> ...                                                                                              [tcl] gui_set_radix -radix {unsigned} -signals {Sim:CONNECT_testbench_sample.i_top_level.i_MapReduceMapper_unq1_1.value}
23:17:01    624 --> ...                                                                                                  [tcl] # Global: Highlighting
23:17:01    625 --> ...  [tcl] gui_highlight_signals -color #00ff00 {{CONNECT_testbench_sample.i_top_level.i_mkNetwork.net_routers_router_core_5$out_ports_0_getFlit[70:0]} CONNECT_testbench_sample.i_top_level.i_mkNetwork.net_routers_router_core.flitBuffers.inputVCQueues_ifc_mf_ifc_not_full CONNECT_testbench_sample.i_top_level.i_mkNetwork.net_routers_router_core.flitBuffers.inputVCQueues_ifc_mf_ifc_not_full_1}
23:17:01    626 --> ...      [tcl] dveMisc::vbusExpand CONNECT_testbench_sample.i_top_level.i_mkNetwork
23:17:01    627 --> ...          [tcl] dveMisc::vbusExpand CONNECT_testbench_sample.i_top_level.i_mkNetwork.net_routers_router_core.flitBuffers
23:17:01    628 --> ...              [tcl] # Global: Stack
23:17:01    629 --> ...                  [tcl] gui_change_stack_mode -mode list
23:17:01    630 --> ...                      [tcl] # Post database loading setting...
23:17:01    631 --> ...                          [tcl] # Save global setting...
23:17:01    632 --> ...                              [tcl] # Wave/List view global setting
23:17:01    633 --> ...                                  [tcl] gui_cov_show_value -switch false
23:17:01    634 --> ...                                      [tcl] # Close all empty TopLevel windows
23:17:01    635 --> ...                                          [tcl] foreach __top [gui_ekki_get_window_ids -type TopLevel] {     if { [llength [gui_ekki_get_window_ids -parent $__top]] == 0} {         gui_close_window -window $__top     } }
23:17:01    636 --> ...                                              [tcl] gui_set_loading_session_type noSession
23:17:01    637 --> ...                                                  [tcl] # DVE View/pane content session:
23:17:01    638 --> ...                                                      [tcl] # Hier 'Hier.1'
23:17:01    639 --> ...                                                          [tcl] gui_show_window -window ${Hier.1}
23:17:01    640 --> ...                                                              [tcl] gui_list_set_filter -id ${Hier.1} -list { {Package 1} {All 0} {Process 1} {VirtPowSwitch 0} {UnnamedProcess 1} {UDP 0} {Function 1} {Block 1} {SrsnAndSpaCell 0} {OVA Unit 1} {LeafScCell 1} {LeafVlgCell 1} {Interface 1} {LeafVhdCell 1} {$unit 1} {NamedBlock 1} {Task 1} {VlgPackage 1} {ClassDef 1} {VirtIsoCell 0} }
23:17:01    641 --> ...                                                                  [tcl] gui_list_set_filter -id ${Hier.1} -text {*}
23:17:01    642 --> ...                                                                      [tcl] gui_change_design -id ${Hier.1} -design Sim
23:17:02    643 --> ...                                                                          [tcl] gui_view_scroll -id ${Hier.1} -vertical -set 0
23:17:02    644 --> ...                                                                              [tcl] gui_view_scroll -id ${Hier.1} -horizontal -set 0
23:17:02    645 --> ...                                                                                  [tcl] # Data 'Data.1'
23:17:02    646 --> ...                                                                                      [tcl] gui_list_set_filter -id ${Data.1} -list { {Buffer 0} {Input 1} {Others 0} {Linkage 0} {Output 1} {LowPower 0} {Parameter 0} {All 0} {Aggregate 0} {LibBaseMember 0} {Event 0} {Assertion 0} {Constant 0} {Interface 0} {BaseMembers 0} {Signal 0} {$unit 0} {Inout 1} {Variable 1} }
23:17:02    647 --> ...                                                                                          [tcl] gui_list_set_filter -id ${Data.1} -text {*}
23:17:02    648 --> ...                                                                                              [tcl] gui_view_scroll -id ${Data.1} -vertical -set 0
23:17:02    649 --> ...                                                                                                  [tcl] gui_view_scroll -id ${Data.1} -horizontal -set 0
23:17:02    650 --> ...  [tcl] gui_view_scroll -id ${Hier.1} -vertical -set 0
23:17:02    651 --> ...      [tcl] gui_view_scroll -id ${Hier.1} -horizontal -set 0
23:17:02    652 --> ...          [tcl] # DriverLoad 'DriverLoad.1'
23:17:02    653 --> ...              [tcl] gui_get_drivers -session -id ${DriverLoad.1} -signal CONNECT_testbench_sample.i_top_level.i_mkNetwork.EN_send_ports_0_getCredits -time 155000 -starttime 155000
23:17:02    654 --> ...                  [tcl] gui_get_loads -session -id ${DriverLoad.1} -signal CONNECT_testbench_sample.i_top_level.i_mkNetwork.EN_send_ports_0_getCredits
23:17:02    655 --> ...                      [tcl] gui_get_drivers -session -id ${DriverLoad.1} -signal {CONNECT_testbench_sample.i_top_level.i_MapReduceReducer_unq1.int_value[31:0]} -time 335000 -starttime 335000
23:17:02    656 --> ...                          [tcl] gui_get_drivers -session -id ${DriverLoad.1} -signal {CONNECT_testbench_sample.i_top_level.i_mkNetwork.net_routers_router_core$in_ports_0_getCredits[1:0]} -time 75000 -starttime 1805000
23:17:02    657 --> ...                              [tcl] gui_get_drivers -session -id ${DriverLoad.1} -signal CONNECT_testbench_sample.i_top_level.i_mkNetwork.net_routers_router_core.outport_encoder_76_BIT_3_77_AND_IF_flitBuffers_ETC___d654 -time 75000 -starttime 1805000
23:17:02    658 --> ...                                  [tcl] gui_get_drivers -session -id ${DriverLoad.1} -signal CONNECT_testbench_sample.i_top_level.i_mkNetwork.net_routers_router_core.NOT_IF_outPortFIFOs_0_first__90_EQ_0_91_THEN_c_ETC___d652 -time 0 -starttime 1805000
23:17:02    659 --> ...                                      [tcl] gui_get_drivers -session -id ${DriverLoad.1} -signal CONNECT_testbench_sample.i_top_level.i_mkNetwork.net_routers_router_core.fifo_out__h38368 -time 75000 -starttime 1805000
23:17:02    660 --> ...                                          [tcl] gui_get_drivers -session -id ${DriverLoad.1} -signal {CONNECT_testbench_sample.i_top_level.i_noc_input_controller.flit_out[70:0]} -time 1805000 -starttime 1805000
23:17:02    661 --> ...                                              [tcl] gui_get_drivers -session -id ${DriverLoad.1} -signal {CONNECT_testbench_sample.i_top_level.i_noc_input_controller.data_internal[63:0]} -time 1805000 -starttime 1805000
23:17:02    662 --> ...                                                  [tcl] gui_get_loads -session -id ${DriverLoad.1} -signal {CONNECT_testbench_sample.i_top_level.i_noc_input_controller.data_internal[63:0]}
23:17:02    663 --> ...                                                      [tcl] gui_get_drivers -session -id ${DriverLoad.1} -signal {CONNECT_testbench_sample.i_top_level.i_mkNetwork.send_ports_1_putFlit_flit_in[70:0]} -time 1805000 -starttime 1805000
23:17:02    664 --> ...                                                          [tcl] gui_get_drivers -session -id ${DriverLoad.1} -signal {CONNECT_testbench_sample.i_top_level.i_noc_input_controller.data_in[63:0]} -time 1805000 -starttime 1805000
23:17:02    665 --> ...                                                              [tcl] gui_get_drivers -session -id ${DriverLoad.1} -signal {CONNECT_testbench_sample.i_top_level.i_mkNetwork.net_routers_routeTable_rt_ifc_banks_banks_rf.ADDR_IN[3:0]} -time 0 -starttime 1805000
23:17:02    666 --> ...                                                                  [tcl] gui_get_drivers -session -id ${DriverLoad.1} -signal {CONNECT_testbench_sample.i_top_level.i_mkNetwork.net_routers_routeTable_rt_ifc_banks_banks_rf.ADDR_1[3:0]} -time 55000 -starttime 1805000
23:17:02    667 --> ...                                                                      [tcl] gui_get_drivers -session -id ${DriverLoad.1} -signal {CONNECT_testbench_sample.i_top_level.i_mkNetwork.send_ports_0_putFlit_flit_in[70:0]} -time 1805000 -starttime 1805000
23:17:02    668 --> ...                                                                          [tcl] gui_get_drivers -session -id ${DriverLoad.1} -signal CONNECT_testbench_sample.i_top_level.i_mkNetwork.net_routers_router_core.flitBuffers.IF_enq_fifo_in_THEN_NOT_inputVCQueues_ifc_mf_i_ETC___d88 -time 5000 -starttime 852787
23:17:02    669 --> ...                                                                              [tcl] gui_get_drivers -session -id ${DriverLoad.1} -signal CONNECT_testbench_sample.i_top_level.i_mkNetwork.net_routers_router_core.flitBuffers.inputVCQueues_ifc_mf_ifc_not_full -time 5000 -starttime 852787
23:17:02    670 --> ...                                                                                  [tcl] gui_get_drivers -session -id ${DriverLoad.1} -signal CONNECT_testbench_sample.i_top_level.i_mkNetwork.net_routers_router_core.flitBuffers.IF_enq_fifo_in_THEN_NOT_inputVCQueues_ifc_mf_i_ETC___d88 -time 5000 -starttime 5489816
23:17:02    671 --> ...                                                                                      [tcl] gui_get_drivers -session -id ${DriverLoad.1} -signal CONNECT_testbench_sample.i_top_level.i_mkNetwork.net_routers_router_core.flitBuffers.inputVCQueues_ifc_mf_ifc_not_full_1 -time 5000 -starttime 5489816
23:17:02    672 --> ...                                                                                          [tcl] gui_get_drivers -session -id ${DriverLoad.1} -signal CONNECT_testbench_sample.i_top_level.i_mkNetwork.net_routers_router_core.flitBuffers.IF_enq_fifo_in_THEN_NOT_inputVCQueues_ifc_mf_i_ETC___d88 -time 5000 -starttime 8670000
23:17:02    673 --> ...                                                                                              [tcl] # Source 'Source.1'
23:17:02    674 --> ...                                                                                                  [tcl] gui_src_value_annotate -id ${Source.1} -switch false
23:17:02    675 --> ...  [tcl] gui_set_env TOGGLE::VALUEANNOTATE 0
23:17:02    676 --> ...      [tcl] gui_open_source -id ${Source.1}  -replace -active CONNECT_testbench_sample.i_top_level.i_mkNetwork.net_routers_router_core_8.flitBuffers_3 /afs/asu.edu/users/c/f/a/cfarnsw2/datamining/data_mining_4mapper/src/mkInputVCQueues.v
23:17:02    677 --> ...          [tcl] gui_src_value_annotate -id ${Source.1} -switch true
23:17:02    678 --> ...              [tcl] ucliGUI::getSignalValues -scope CONNECT_testbench_sample.i_top_level.i_mkNetwork.net_routers_router_core_8.flitBuffers_3 -radix {binary binary binary hexadecimal binary binary binary hexadecimal hexadecimal hexadecimal hexadecimal hexadecimal hexadecimal hexadecimal hexadecimal hexadecimal } -list {CLK RST_N enq_fifo_in {enq_data_in[69:0]} EN_enq deq_fifo_out EN_deq {deq[69:0]} {notEmpty[1:0]} {notFull[1:0]} {inputVCQueues_ifc_mf_ifc_new_head$wget[2:0]} {inputVCQueues_ifc_mf_ifc_new_tail$wget[2:0]} {inputVCQueues_ifc_mf_ifc_rdFIFO$wget[1:0]} {inputVCQueues_ifc_mf_ifc_wrFIFO$wget[1:0]} {inputVCQueues_ifc_mf_ifc_heads[2:0]} {inputVCQueues_ifc_mf_ifc_heads$D_IN[2:0]} }
23:17:02    679 --> ...                  [tcl] gui_set_env TOGGLE::VALUEANNOTATE 1
23:17:02    680 --> ...                      [tcl] gui_view_scroll -id ${Source.1} -vertical -set 3465
23:17:02    681 --> ...                          [tcl] gui_src_set_reusable -id ${Source.1}
23:17:02    682 --> ...                              [tcl] # View 'Wave.1'
23:17:02    683 --> ...                                  [tcl] gui_wv_sync -id ${Wave.1} -switch false
23:17:02    684 --> ...                                      [tcl] set groupExD [gui_get_pref_value -category Wave -key exclusiveSG]
23:17:02    685 --> ...                                          [tcl] gui_set_pref_value -category Wave -key exclusiveSG -value {false}
23:17:02    686 --> ...                                              [tcl] set origWaveHeight [gui_get_pref_value -category Wave -key waveRowHeight]
23:17:02    687 --> ...                                                  [tcl] gui_list_set_height -id Wave -height 25
23:17:02    688 --> ...                                                      [tcl] set origGroupCreationState [gui_list_create_group_when_add -wave]
23:17:02    689 --> ...                                                          [tcl] gui_list_create_group_when_add -wave -disable
23:17:02    690 --> ...                                                              [tcl] gui_wv_zoom_timerange -id ${Wave.1} 413478198 416791031
23:17:02    691 --> ...                                                                  [tcl] gui_list_add_group -id ${Wave.1} -after {New Group} {mapper0}
23:17:02    692 --> ...                                                                      [tcl] synopsys::dump -add {CONNECT_testbench_sample.i_top_level.i_MapReduceMapper_unq1_0.clk CONNECT_testbench_sample.i_top_level.i_MapReduceMapper_unq1_0.counter CONNECT_testbench_sample.i_top_level.i_MapReduceMapper_unq1_0.en_get_credit CONNECT_testbench_sample.i_top_level.i_MapReduceMapper_unq1_0.en_put_credits_mapper CONNECT_testbench_sample.i_top_level.i_MapReduceMapper_unq1_0.enable CONNECT_testbench_sample.i_top_level.i_MapReduceMapper_unq1_0.flit_out_mapper CONNECT_testbench_sample.i_top_level.i_MapReduceMapper_unq1_0.get_credit CONNECT_testbench_sample.i_top_level.i_MapReduceMapper_unq1_0.key CONNECT_testbench_sample.i_top_level.i_MapReduceMapper_unq1_0.num_credits CONNECT_testbench_sample.i_top_level.i_MapReduceMapper_unq1_0.put_credits_mapper CONNECT_testbench_sample.i_top_level.i_MapReduceMapper_unq1_0.rstn CONNECT_testbench_sample.i_top_level.i_MapReduceMapper_unq1_0.tail CONNECT_testbench_sample.i_top_level.i_MapReduceMapper_unq1_0.value } -aggregates  -fid VPD2
23:17:02    693 --> ...                                                                          [tcl] gui_list_add_group -id ${Wave.1} -after {New Group} {mapper1}
23:17:02    694 --> ...                                                                              [tcl] ucliGUI::getSignalValues -scope CONNECT_testbench_sample.i_top_level.i_mkNetwork.net_routers_router_core_8.flitBuffers_3 -radix {binary binary binary binary binary binary binary binary binary binary binary binary binary binary binary binary hexadecimal hexadecimal } -list {inputVCQueues_ifc_mf_ifc_wrFIFO_whas_AND_input_ETC___d32 {inputVCQueues_ifc_mf_ifc_rdFIFO$wget[1]} NOT_inputVCQueues_ifc_mf_ifc_wrFIFO_whas_5_OR__ETC___d63 {inputVCQueues_ifc_mf_ifc_not_empty_1$D_IN} inputVCQueues_ifc_mf_ifc_wrFIFO_whas_AND_input_ETC___d30 {inputVCQueues_ifc_mf_ifc_not_empty_1$EN} NOT_inputVCQueues_ifc_mf_ifc_wrFIFO_whas_5_OR__ETC___d60 {inputVCQueues_ifc_mf_ifc_not_full$D_IN} {inputVCQueues_ifc_mf_ifc_wrFIFO$wget[1]} NOT_inputVCQueues_ifc_mf_ifc_rdFIFO_whas__2_3__ETC___d41 {inputVCQueues_ifc_mf_ifc_not_full$EN} inputVCQueues_ifc_mf_ifc_rdFIFO_whas__2_AND_in_ETC___d54 {inputVCQueues_ifc_mf_ifc_not_full_1$D_IN} NOT_inputVCQueues_ifc_mf_ifc_rdFIFO_whas__2_3__ETC___d38 {inputVCQueues_ifc_mf_ifc_not_full_1$EN} inputVCQueues_ifc_mf_ifc_rdFIFO_whas__2_AND_in_ETC___d52 {inputVCQueues_ifc_mf_ifc_tails$D_IN[2:0]} {x__h2438[2:0]} }
23:17:02    695 --> ...                                                                                  [tcl] gui_list_add_group -id ${Wave.1} -after {New Group} {mapper2}
23:17:02    696 --> ...                                                                                      [tcl] gui_list_add_group -id ${Wave.1} -after {New Group} {mapper3}
23:17:02    697 --> ...                                                                                          [tcl] gui_list_add_group -id ${Wave.1} -after {New Group} {reducer}
23:17:02    698 --> ...                                                                                              [tcl] synopsys::dump -add {CONNECT_testbench_sample.i_top_level.i_MapReduceReducer_unq1.addr CONNECT_testbench_sample.i_top_level.i_MapReduceReducer_unq1.clk CONNECT_testbench_sample.i_top_level.i_MapReduceReducer_unq1.counter CONNECT_testbench_sample.i_top_level.i_MapReduceReducer_unq1.en_put_credits_reducer CONNECT_testbench_sample.i_top_level.i_MapReduceReducer_unq1.enable CONNECT_testbench_sample.i_top_level.i_MapReduceReducer_unq1.put_credits_reducer CONNECT_testbench_sample.i_top_level.i_MapReduceReducer_unq1.result CONNECT_testbench_sample.i_top_level.i_MapReduceReducer_unq1.search_key } -aggregates  -fid VPD2
23:17:02    699 --> ...                                                                                                  [tcl] gui_list_add_group -id ${Wave.1} -after {New Group} {input_arb}
23:17:02    700 --> ...  [tcl] synopsys::dump -add {CONNECT_testbench_sample.i_top_level.i_noc_input_controller.mapper_free CONNECT_testbench_sample.i_top_level.i_noc_input_controller.num_credits_mapper0 CONNECT_testbench_sample.i_top_level.i_noc_input_controller.tail_internal } -aggregates  -fid VPD2
23:17:02    701 --> ...      [tcl] gui_seek_criteria -id ${Wave.1} {Rising}
23:17:02    702 --> ...          [tcl] gui_set_env TOGGLE::DEFAULT_WAVE_WINDOW ${Wave.1}
23:17:02    703 --> ...              [tcl] gui_set_pref_value -category Wave -key exclusiveSG -value $groupExD
23:17:02    704 --> ...                  [tcl] gui_list_set_height -id Wave -height $origWaveHeight
23:17:02    705 --> ...                      [tcl] if {$origGroupCreationState} { 	gui_list_create_group_when_add -wave -enable }
23:17:02    706 --> ...                          [tcl] if { $groupExD } {  gui_msg_report -code DVWW028 }
23:17:02    707 --> ...                              [tcl] gui_list_set_filter -id ${Wave.1} -list { {Buffer 1} {Input 1} {Others 1} {Linkage 1} {Output 1} {Parameter 1} {All 1} {Aggregate 1} {LibBaseMember 1} {Event 1} {Assertion 1} {Constant 1} {Interface 1} {BaseMembers 1} {Signal 1} {$unit 1} {Inout 1} {Variable 1} }
23:17:02    708 --> ...                                  [tcl] gui_list_set_filter -id ${Wave.1} -text {*}
23:17:02    709 --> ...                                      [tcl] gui_list_set_insertion_bar  -id ${Wave.1} -group mapper2  -position in
23:17:02    710 --> ...                                          [tcl] gui_view_scroll -id ${Wave.1} -vertical -set 0
23:17:02    711 --> ...                                              [tcl] gui_show_grid -id ${Wave.1} -enable false
23:17:02    712 --> ...                                                  [tcl] # Restore toplevel window zorder
23:17:02    713 --> ...                                                      [tcl] # The toplevel window could be closed if it has no view/pane
23:17:02    714 --> ...                                                          [tcl] if {[gui_exist_window -window ${TopLevel.1}]} { 	gui_set_active_window -window ${TopLevel.1} 	gui_set_active_window -window ${Source.1} 	gui_set_active_window -window ${HSPane.1} }
23:17:02    715 --> ...                                                              [tcl] if {[gui_exist_window -window ${TopLevel.2}]} { 	gui_set_active_window -window ${TopLevel.2} 	gui_set_active_window -window ${Wave.1} }
23:17:02    716 --> ...                                                                  [tcl] #</Session>
23:17:05    717 --> ...                                                                      [tcl] dveMisc::vbusExpand CONNECT_testbench_sample.i_top_level.i_MapReduceMapper_unq1_2
23:17:05    718 --> ...                                                                          [tcl] ucliGUI::getSignalValues -scope CONNECT_testbench_sample.i_top_level.i_MapReduceMapper_unq1_2 -radix {binary hexadecimal hexadecimal hexadecimal binary binary binary binary hexadecimal binary hexadecimal binary binary binary binary hexadecimal hexadecimal hexadecimal hexadecimal hexadecimal hexadecimal hexadecimal hexadecimal hexadecimal binary } -list {enable {task_id[31:0]} {key[319:0]} {value[63:0]} clk rstn clear tail {get_credit[1:0]} en_get_credit {put_credits_mapper[1:0]} en_put_credits_mapper finish read_request write_request {int_key[319:0]} {int_value[31:0]} {read_addr[31:0]} {write_addr[31:0]} {flit_out_mapper[70:0]} {counter[31:0]} {index[3:0]} {word[319:0]} {num_credits[2:0]} done }
23:17:12    719 --> ...                                                                              [tcl] synopsys::dump -add {CONNECT_testbench_sample.i_top_level.i_MapReduceMapper_unq1_2.clear CONNECT_testbench_sample.i_top_level.i_MapReduceMapper_unq1_2.clk CONNECT_testbench_sample.i_top_level.i_MapReduceMapper_unq1_2.en_get_credit CONNECT_testbench_sample.i_top_level.i_MapReduceMapper_unq1_2.en_put_credits_mapper CONNECT_testbench_sample.i_top_level.i_MapReduceMapper_unq1_2.enable CONNECT_testbench_sample.i_top_level.i_MapReduceMapper_unq1_2.finish CONNECT_testbench_sample.i_top_level.i_MapReduceMapper_unq1_2.flit_out_mapper CONNECT_testbench_sample.i_top_level.i_MapReduceMapper_unq1_2.get_credit CONNECT_testbench_sample.i_top_level.i_MapReduceMapper_unq1_2.int_key CONNECT_testbench_sample.i_top_level.i_MapReduceMapper_unq1_2.int_value CONNECT_testbench_sample.i_top_level.i_MapReduceMapper_unq1_2.key CONNECT_testbench_sample.i_top_level.i_MapReduceMapper_unq1_2.put_credits_mapper CONNECT_testbench_sample.i_top_level.i_MapReduceMapper_unq1_2.read_addr CONNECT_testbench_sample.i_top_level.i_MapReduceMapper_unq1_2.read_request CONNECT_testbench_sample.i_top_level.i_MapReduceMapper_unq1_2.rstn CONNECT_testbench_sample.i_top_level.i_MapReduceMapper_unq1_2.tail CONNECT_testbench_sample.i_top_level.i_MapReduceMapper_unq1_2.task_id CONNECT_testbench_sample.i_top_level.i_MapReduceMapper_unq1_2.value CONNECT_testbench_sample.i_top_level.i_MapReduceMapper_unq1_2.write_addr CONNECT_testbench_sample.i_top_level.i_MapReduceMapper_unq1_2.write_request } -aggregates  -fid VPD2
23:17:20    720 --> ...                                                                                  [tcl] dveMisc::vbusExpand CONNECT_testbench_sample.i_top_level.i_MapReduceMapper_unq1_3
23:17:20    721 --> ...                                                                                      [tcl] ucliGUI::getSignalValues -scope CONNECT_testbench_sample.i_top_level.i_MapReduceMapper_unq1_3 -radix {binary hexadecimal hexadecimal hexadecimal binary binary binary binary hexadecimal binary hexadecimal binary binary binary binary hexadecimal hexadecimal hexadecimal hexadecimal hexadecimal } -list {enable {task_id[31:0]} {key[319:0]} {value[63:0]} clk rstn clear tail {get_credit[1:0]} en_get_credit {put_credits_mapper[1:0]} en_put_credits_mapper finish read_request write_request {int_key[319:0]} {int_value[31:0]} {read_addr[31:0]} {write_addr[31:0]} {flit_out_mapper[70:0]} }
23:17:25    722 --> ...                                                                                          [tcl] synopsys::dump -add {CONNECT_testbench_sample.i_top_level.i_MapReduceMapper_unq1_3.clear CONNECT_testbench_sample.i_top_level.i_MapReduceMapper_unq1_3.clk CONNECT_testbench_sample.i_top_level.i_MapReduceMapper_unq1_3.en_get_credit CONNECT_testbench_sample.i_top_level.i_MapReduceMapper_unq1_3.en_put_credits_mapper CONNECT_testbench_sample.i_top_level.i_MapReduceMapper_unq1_3.enable CONNECT_testbench_sample.i_top_level.i_MapReduceMapper_unq1_3.finish CONNECT_testbench_sample.i_top_level.i_MapReduceMapper_unq1_3.flit_out_mapper CONNECT_testbench_sample.i_top_level.i_MapReduceMapper_unq1_3.get_credit CONNECT_testbench_sample.i_top_level.i_MapReduceMapper_unq1_3.int_key CONNECT_testbench_sample.i_top_level.i_MapReduceMapper_unq1_3.int_value CONNECT_testbench_sample.i_top_level.i_MapReduceMapper_unq1_3.key CONNECT_testbench_sample.i_top_level.i_MapReduceMapper_unq1_3.put_credits_mapper CONNECT_testbench_sample.i_top_level.i_MapReduceMapper_unq1_3.read_addr CONNECT_testbench_sample.i_top_level.i_MapReduceMapper_unq1_3.read_request CONNECT_testbench_sample.i_top_level.i_MapReduceMapper_unq1_3.rstn CONNECT_testbench_sample.i_top_level.i_MapReduceMapper_unq1_3.tail CONNECT_testbench_sample.i_top_level.i_MapReduceMapper_unq1_3.task_id CONNECT_testbench_sample.i_top_level.i_MapReduceMapper_unq1_3.value CONNECT_testbench_sample.i_top_level.i_MapReduceMapper_unq1_3.write_addr CONNECT_testbench_sample.i_top_level.i_MapReduceMapper_unq1_3.write_request } -aggregates  -fid VPD2
23:17:28    723 --> ...                                                                                              [tcl] synopsys::run
23:17:28    724 --> ...                                                                                                  [tcl] set ucliGUI::state
23:17:28    725 --> ...  [tcl] set ucliGUI::state
23:17:28    726 --> ...      [tcl] gui_update_simulator_buttons
23:17:31    727 --> ...          [tcl] set synopsys::env(time) 240785000
23:17:33    728 --> ...              [tcl] gui_update_simulator_buttons
23:17:33    729 --> ...                  [tcl] set ucliGUI::state
23:17:33    730 --> ...                      [tcl] set ucliGUI::state
23:17:33    731 --> ...                          [tcl] catch {senv activeDomain} dveMisc::result 
23:17:33    732 --> ...                              [tcl] set dveMisc::result
23:17:33    733 --> ...                                  [tcl] gui_update_simulator_buttons
23:17:33    734 --> ...                                      [tcl] ucliGUI::getSignalValues -scope CONNECT_testbench_sample.i_top_level.i_MapReduceMapper_unq1_3 -radix {binary hexadecimal hexadecimal hexadecimal binary binary binary binary hexadecimal binary hexadecimal binary binary binary binary hexadecimal hexadecimal hexadecimal hexadecimal hexadecimal } -list {enable {task_id[31:0]} {key[319:0]} {value[63:0]} clk rstn clear tail {get_credit[1:0]} en_get_credit {put_credits_mapper[1:0]} en_put_credits_mapper finish read_request write_request {int_key[319:0]} {int_value[31:0]} {read_addr[31:0]} {write_addr[31:0]} {flit_out_mapper[70:0]} }
23:17:34    735 --> ...                                          [tcl] dveMisc::vbusExpand CONNECT_testbench_sample.i_top_level.i_mkNetwork.net_routers_router_core_8.flitBuffers_3
23:17:34    736 --> ...                                              [tcl] dveMisc::vbusExpand _vcs_unit__2274222008
23:17:34    737 --> ...                                                  [tcl] ucliGUI::getSignalValues -scope CONNECT_testbench_sample.i_top_level.i_mkNetwork.net_routers_router_core_8.flitBuffers_3 -radix {binary binary binary binary binary binary binary binary binary binary binary binary binary binary binary binary binary binary hexadecimal hexadecimal binary binary hexadecimal binary hexadecimal binary hexadecimal hexadecimal } -list {inputVCQueues_ifc_mf_ifc_wrFIFO_whas_AND_input_ETC___d32 EN_deq {inputVCQueues_ifc_mf_ifc_rdFIFO$wget[1]} NOT_inputVCQueues_ifc_mf_ifc_wrFIFO_whas_5_OR__ETC___d63 {inputVCQueues_ifc_mf_ifc_not_empty_1$D_IN} inputVCQueues_ifc_mf_ifc_wrFIFO_whas_AND_input_ETC___d30 {inputVCQueues_ifc_mf_ifc_not_empty_1$EN} NOT_inputVCQueues_ifc_mf_ifc_wrFIFO_whas_5_OR__ETC___d60 {inputVCQueues_ifc_mf_ifc_not_full$D_IN} EN_enq {inputVCQueues_ifc_mf_ifc_wrFIFO$wget[1]} NOT_inputVCQueues_ifc_mf_ifc_rdFIFO_whas__2_3__ETC___d41 {inputVCQueues_ifc_mf_ifc_not_full$EN} inputVCQueues_ifc_mf_ifc_rdFIFO_whas__2_AND_in_ETC___d54 {inputVCQueues_ifc_mf_ifc_not_full_1$D_IN} NOT_inputVCQueues_ifc_mf_ifc_rdFIFO_whas__2_3__ETC___d38 {inputVCQueues_ifc_mf_ifc_not_full_1$EN} inputVCQueues_ifc_mf_ifc_rdFIFO_whas__2_AND_in_ETC___d52 {inputVCQueues_ifc_mf_ifc_tails$D_IN[2:0]} {x__h2438[2:0]} {inputVCQueues_ifc_mf_ifc_tails$EN} {inputVCQueues_ifc_mf_ifc_wrFIFO$wget[0]} {inputVCQueues_ifc_mf_ifc_tails_1$D_IN[2:0]} {inputVCQueues_ifc_mf_ifc_tails_1$EN} {inputVCQueues_ifc_mf_ifc_fifoMem$ADDR_IN[3:0]} enq_fifo_in {fifoWrPtr__h3541[2:0]} {inputVCQueues_ifc_mf_ifc_fifoMem$ADDR_OUT[3:0]} }
23:18:03    738 --> ...                                                      [tcl] ucliGUI::vpdAddHierarchy -scope CONNECT_testbench_sample.i_top_level.i_mkNetwork.net_routers_router_core_8.flitBuffers_3 -depth 1 -file /afs/asu.edu/users/c/f/a/cfarnsw2/datamining/data_mining_4mapper/src/inter.vpd; synopsys::dump -flush VPD2
23:19:06    739 --> ...                                                          [tcl] if [catch {gui_sim_terminate}] {gui_sim_terminate -kill}
23:19:06    740 --> ...                                                              [tcl] synopsys::finish
23:19:06    741 --> ...                                                                  [tcl] set ucliGUI::state
23:19:06    742 --> ...                                                                      [tcl] set ucliGUI::state
23:19:06    743 --> ...                                                                          [tcl] catch {senv activeDomain} dveMisc::result 
23:19:06    744 --> ...                                                                              [tcl] set dveMisc::result
23:19:06    745 --> ...                                                                                  [tcl] gui_update_simulator_buttons
23:19:06    746 --> ...                                                                                      [tcl] catch {senv activeDomain} dveMisc::result 
23:19:06    747 --> ...                                                                                          [tcl] set dveMisc::result
23:19:06    748 --> ...                                                                                              [tcl] ucli_exit
