Chronologic VCS simulator copyright 1991-2015
Contains Synopsys proprietary information.
Compiler version K-2015.09_Full64; Runtime version K-2015.09_Full64;  Nov 26 23:14 2016
VCD+ Writer K-2015.09_Full64 Copyright (c) 1991-2015 by Synopsys Inc.
The file '/afs/asu.edu/users/c/f/a/cfarnsw2/datamining/data_mining_4mapper/src/inter.vpd' was opened successfully.
           V C S   S i m u l a t i o n   R e p o r t 
Time: 0 ps
CPU Time:      0.070 seconds;       Data structure size:   4.4Mb
Sat Nov 26 23:14:18 2016
Chronologic VCS simulator copyright 1991-2015
Contains Synopsys proprietary information.
Compiler version K-2015.09_Full64; Runtime version K-2015.09_Full64;  Nov 26 23:14 2016
VCD+ Writer K-2015.09_Full64 Copyright (c) 1991-2015 by Synopsys Inc.
The file '/afs/asu.edu/users/c/f/a/cfarnsw2/datamining/data_mining_4mapper/src/inter.vpd' was opened successfully.
Error: [EK-CMD-013]
gui_list_action: No action supported for this item
	Use error_info for more info.
---- Performing Reset ----
416790000 : Dynamic assertion failed: "MultiFIFOMem.bsv", line 156, column 38
Enqueing to full FIFO in MultiFIFOMem!
Simulation complete, time is 416790000 ps.
Chronologic VCS simulator copyright 1991-2015
Contains Synopsys proprietary information.
Compiler version K-2015.09_Full64; Runtime version K-2015.09_Full64;  Nov 26 23:17 2016
VCD+ Writer K-2015.09_Full64 Copyright (c) 1991-2015 by Synopsys Inc.
The file '/afs/asu.edu/users/c/f/a/cfarnsw2/datamining/data_mining_4mapper/src/inter.vpd' was opened successfully.
---- Performing Reset ----
416950000 : Dynamic assertion failed: "MultiFIFOMem.bsv", line 156, column 38
Enqueing to full FIFO in MultiFIFOMem!
Simulation complete, time is 416950000 ps.
           V C S   S i m u l a t i o n   R e p o r t 
Time: 416950000 ps
