ucliGUI::start /nfs/ch/disks/ch_umg_disk5523/cfarnswo/scripts/workspace/connect/src/simv -ucligui 
set ucliGUI::state
set ucliGUI::state
ucliCore::getToolPID
synopsys::env hasTB
trigger_hier_stack_context_switch 0
synUtils::setDVEInitPhase 1
synopsys::dump -type VPD -file /nfs/ch/disks/ch_umg_disk5523/cfarnswo/scripts/workspace/connect/src/inter.vpd -locking
synopsys::dump -autoflush on -fid VPD2
set ::dve_fid VPD2
synUtils::setDVEInitPhase 0
ucliCore::getToolPID
synUtils::sendTool -active _icl_setToolSocket chlr19001 33693
synUtils::sendTool -active {_icl_start_rpc -version "H-2013.06-SP1_Full64" -sync_file /tmp/vcs_dve_rpc.cfarnswo.160353}
synUtils::sendTool -active {_icl_createSharedMemory /tmp/vcs_dve_general.cfarnswo.160353}
config endofsim noexit
config onfail enable all
config syscaddplainmembers
config syscaddsourcenames
config syscaddstructtypes
synopsys::listing -disable
# Begin_DVE_Session_Save_Info
# DVE restart session
# Saved on Thu Nov 17 15:25:24 2016
# Designs open: 1
#   Sim: /nfs/ch/disks/ch_umg_disk5523/cfarnswo/scripts/workspace/connect/src/simv
# Toplevel windows open: 2
# 	TopLevel.1
# 	TopLevel.2
#   Source.1: mkInputArbiter
#   Wave.1: 11 signals
#   Group count = 2
#   Group Group1 signal count = 4
# End_DVE_Session_Save_Info
# DVE version: H-2013.06-SP1_Full64
# DVE build date: Nov 27 2013 21:01:54
#<Session mode="Restart" path=".restartSimSession.tcl" type="Debug">
# Application preferences
#<WindowLayout>
# DVE top-level session
# Create and position top-level window: TopLevel.1
set TopLevel.1 TopLevel.1
# Docked window settings
set HSPane.1 HSPane.1
set Hier.1 Hier.1
set DLPane.1 DLPane.1
set Data.1 Data.1
set Console.1 Console.1
# MDI window settings
set Source.1 Source.1
# End MDI window settings
# Create and position top-level window: TopLevel.2
set TopLevel.2 TopLevel.2
# Docked window settings
# MDI window settings
set Wave.1 Wave.1
# End MDI window settings
#</WindowLayout>
#<Database>
dump -add { CONNECT_testbench_sample mkInputArbiter mkOutputArbiter mkRouterInputArbitersStatic mkRouterOutputArbitersStatic }  -depth 0 -scope "."
#</Database>
# DVE Global setting session:
# Global: Breakpoints
# Global: Bus
# Global: Expressions
# Global: Signal Time Shift
# Global: Signal Compare
# Global: Signal Groups
set _session_group_1 Group1
set Group1 "$_session_group_1"
set _session_group_2 $_session_group_1|
append _session_group_2 i_ram_sp_sr_sw
set Group1|i_ram_sp_sr_sw "$_session_group_2"
# Global: Highlighting
# Global: Stack
# Post database loading setting...
# Restore C1 time
# Save global setting...
# Wave/List view global setting
# Close all empty TopLevel windows
foreach __top [gui_ekki_get_window_ids -type TopLevel] {     if { [llength [gui_ekki_get_window_ids -parent $__top]] == 0} {         gui_close_window -window $__top     } }
# DVE View/pane content session:
# Hier 'Hier.1'
catch {gui_list_expand -id ${Hier.1} CONNECT_testbench_sample}
catch {gui_list_expand -id ${Hier.1} CONNECT_testbench_sample.i_top_level}
catch {gui_list_select -id ${Hier.1} {CONNECT_testbench_sample.i_top_level.i_ram_sp_sr_sw}}
ucliGUI::vpdAddHierarchy -scope CONNECT_testbench_sample.i_top_level.i_ram_sp_sr_sw -depth 1 -file /nfs/ch/disks/ch_umg_disk5523/cfarnswo/scripts/workspace/connect/src/inter.vpd; synopsys::dump -flush VPD2
synopsys::dump -add {CONNECT_testbench_sample.i_top_level.i_ram_sp_sr_sw} -scope "." -depth 1 -fid VPD2
# Data 'Data.1'
# Source 'Source.1'
# View 'Wave.1'
set groupExD [gui_get_pref_value -category Wave -key exclusiveSG]
set origWaveHeight [gui_get_pref_value -category Wave -key waveRowHeight]
set origGroupCreationState [gui_list_create_group_when_add -wave]
if {$origGroupCreationState} { 	gui_list_create_group_when_add -wave -enable }
if { $groupExD } {  gui_msg_report -code DVWW028 }
# Restore toplevel window zorder
# The toplevel window could be closed if it has no view/pane
if {[gui_exist_window -window ${TopLevel.2}]} { 	gui_set_active_window -window ${TopLevel.2} 	gui_set_active_window -window ${Wave.1} }
if {[gui_exist_window -window ${TopLevel.1}]} { 	gui_set_active_window -window ${TopLevel.1} 	gui_set_active_window -window ${Source.1} 	gui_set_active_window -window ${DLPane.1} }
#</Session>
synopsys::run
set ucliGUI::state
set ucliGUI::state
set ucliGUI::state
set ucliGUI::state
ucliGUI::getSignalValues -scope CONNECT_testbench_sample.i_top_level.i_ram_sp_sr_sw -radix {binary hexadecimal hexadecimal binary binary binary hexadecimal } -list {CONNECT_testbench_sample.i_top_level.i_ram_sp_sr_sw.we {CONNECT_testbench_sample.i_top_level.i_ram_sp_sr_sw.data_out[63:0]} {CONNECT_testbench_sample.i_top_level.i_ram_sp_sr_sw.address[15:0]} CONNECT_testbench_sample.i_top_level.i_ram_sp_sr_sw.oe CONNECT_testbench_sample.i_top_level.i_ram_sp_sr_sw.clk CONNECT_testbench_sample.i_top_level.i_ram_sp_sr_sw.cs {CONNECT_testbench_sample.i_top_level.i_ram_sp_sr_sw.data_in[63:0]} }
ucliGUI::getSignalValues -scope mkInputArbiter -radix {binary binary hexadecimal hexadecimal binary hexadecimal hexadecimal } -list {mkInputArbiter.CLK mkInputArbiter.RST_N {mkInputArbiter.select_requests[4:0]} {mkInputArbiter.select[4:0]} mkInputArbiter.EN_next {mkInputArbiter.select_requests[4:0]} {mkInputArbiter.select[4:0]} }
ucliGUI::vpdAddHierarchy -scope CONNECT_testbench_sample.i_top_level.i_noc_input_controller -depth 1 -file /nfs/ch/disks/ch_umg_disk5523/cfarnswo/scripts/workspace/connect/src/inter.vpd; synopsys::dump -flush VPD2
ucliCore::dve_ctrlc
