# Preference setting overrides
gui_set_pref_value -category {Data} -key {showValueAnnotation} -value {true}
gui_create_pref_key -category {Globals} -key {load_detail_for_funcov} -value_type {bool} -value {false}
gui_set_pref_value -category {Source} -key {value_annotate} -value {true}

# State setting overrides
gui_state_default_create -off -ini
gui_set_state_value -category Globals -key recent_sessions -value {{gui_load_session -ignore_errors -file /afs/asu.edu/users/c/f/a/cfarnsw2/datamining/data_mining_2mapper/src/session.inter.vpd.tcl} {gui_load_session -ignore_errors -file /afs/asu.edu/users/c/f/a/cfarnsw2/datamining/data_mining/src/session.inter.vpd.tcl}}
gui_set_state_value -category Globals -key recent_tcl_scripts -value {{gui_dve_source -global /afs/asu.edu/users/c/f/a/cfarnsw2/datamining/data_mining_2mapper/src/session.inter.vpd.tcl} {gui_dve_source -global /afs/asu.edu/users/c/f/a/cfarnsw2/datamining/data_mining/src/session.inter.vpd.tcl}}
gui_set_state_value -category Layout -key child_console_size_x -value 1532
gui_set_state_value -category Layout -key child_console_size_y -value 178
gui_set_state_value -category Layout -key child_data_coltype -value 46
gui_set_state_value -category Layout -key child_data_colvalue -value 12
gui_set_state_value -category Layout -key child_data_colvariable -value 134
gui_set_state_value -category Layout -key child_data_size_x -value 200
gui_set_state_value -category Layout -key child_data_size_y -value 700
gui_set_state_value -category Layout -key child_hier_col3 -value {-1}
gui_set_state_value -category Layout -key child_hier_colhier -value 374
gui_set_state_value -category Layout -key child_hier_colpd -value 0
gui_set_state_value -category Layout -key child_hier_size_x -value 482
gui_set_state_value -category Layout -key child_hier_size_y -value 700
gui_set_state_value -category Layout -key child_list_down -value 554
gui_set_state_value -category Layout -key child_list_right -value 907
gui_set_state_value -category Layout -key child_source_docknewline -value false
gui_set_state_value -category Layout -key child_source_pos_x -value {-2}
gui_set_state_value -category Layout -key child_source_pos_y -value {-15}
gui_set_state_value -category Layout -key child_source_size_x -value 853
gui_set_state_value -category Layout -key child_source_size_y -value 517
gui_set_state_value -category Layout -key child_wave_colname -value 203
gui_set_state_value -category Layout -key child_wave_colvalue -value 138
gui_set_state_value -category Layout -key child_wave_left -value 343
gui_set_state_value -category Layout -key child_wave_right -value 675
gui_set_state_value -category Layout -key main_pos_x -value 98
gui_set_state_value -category Layout -key main_pos_y -value 80
gui_set_state_value -category Layout -key main_size_x -value 1631
gui_set_state_value -category Layout -key main_size_y -value 880
gui_set_state_value -category Layout -key stand_list_child_docknewline -value false
gui_set_state_value -category Layout -key stand_list_child_pos_x -value {-2}
gui_set_state_value -category Layout -key stand_list_child_pos_y -value {-15}
gui_set_state_value -category Layout -key stand_list_child_size_x -value 1067
gui_set_state_value -category Layout -key stand_list_child_size_y -value 699
gui_set_state_value -category Layout -key stand_list_top_pos_x -value 507
gui_set_state_value -category Layout -key stand_list_top_pos_y -value 24
gui_set_state_value -category Layout -key stand_list_top_size_x -value 1569
gui_set_state_value -category Layout -key stand_list_top_size_y -value 851
gui_set_state_value -category Layout -key stand_wave_child_docknewline -value false
gui_set_state_value -category Layout -key stand_wave_child_pos_x -value {-2}
gui_set_state_value -category Layout -key stand_wave_child_pos_y -value {-15}
gui_set_state_value -category Layout -key stand_wave_child_size_x -value 1028
gui_set_state_value -category Layout -key stand_wave_child_size_y -value 687
gui_set_state_value -category Layout -key stand_wave_top_pos_x -value 593
gui_set_state_value -category Layout -key stand_wave_top_pos_y -value 86
gui_set_state_value -category Layout -key stand_wave_top_size_x -value 1616
gui_set_state_value -category Layout -key stand_wave_top_size_y -value 901
gui_create_state_key -category FindDialog -key m_pMatchCase -value_type bool -value false
gui_create_state_key -category FindDialog -key m_pMatchWord -value_type bool -value false
gui_create_state_key -category FindDialog -key m_pUseCombo -value_type string -value {}
gui_create_state_key -category FindDialog -key m_pWrapAround -value_type bool -value true
gui_create_state_key -category Widget_History -key Find|m_pFindFrame|m_pFindCombo -value_type string -value EN_send_ports_0_getCredits
gui_create_state_key -category Widget_History -key TopLevel.1|qt_top_dock|&Edit|FindCombo -value_type string -value EN_send_ports_0_getCredits
gui_create_state_key -category Widget_History -key TopLevel.2|qt_top_dock|&Edit|FindCombo -value_type string -value EN_send_ports_0_getCredits
gui_create_state_key -category Widget_History -key dlgDumpValues|m_Combo -value_type string -value {{CONNECT_testbench_sample CONNECT_testbench_sample.i_top_level CONNECT_testbench_sample.i_top_level.i_MapReduceMapper_unq1_1 CONNECT_testbench_sample.i_top_level.i_MapReduceMapper_unq1_2 CONNECT_testbench_sample.i_top_level.i_MapReduceReducer_unq1 CONNECT_testbench_sample.i_top_level.i_mkNetwork CONNECT_testbench_sample.i_top_level.i_noc_input_controller CONNECT_testbench_sample.i_top_level.i_ram_sp_sr_sw CONNECT_testbench_sample.task_send_flit mkInputArbiter mkOutputArbiter mkRouterInputArbitersStatic mkRouterOutputArbitersStatic _vcs_unit__2274222008} {CONNECT_testbench_sample CONNECT_testbench_sample.i_top_level CONNECT_testbench_sample.i_top_level.i_MapReduceMapper_unq1_1 CONNECT_testbench_sample.i_top_level.i_MapReduceReducer_unq1 CONNECT_testbench_sample.i_top_level.i_mkNetwork CONNECT_testbench_sample.i_top_level.i_noc_input_controller CONNECT_testbench_sample.i_top_level.i_ram_sp_sr_sw CONNECT_testbench_sample.task_send_flit mkInputArbiter mkOutputArbiter mkRouterInputArbitersStatic mkRouterOutputArbitersStatic} {CONNECT_testbench_sample CONNECT_testbench_sample.i_top_level CONNECT_testbench_sample.i_top_level.i_MapReduceMapper_unq1_1 CONNECT_testbench_sample.i_top_level.i_MapReduceReducer_unq1 CONNECT_testbench_sample.i_top_level.i_mkNetwork CONNECT_testbench_sample.i_top_level.i_noc_input_controller CONNECT_testbench_sample.i_top_level.i_ram_sp_sr_sw CONNECT_testbench_sample.task_send_flit mkInputArbiter mkOutputArbiter mkRouterInputArbitersStatic mkRouterOutputArbitersStatic top_MapReduce} {CONNECT_testbench_sample mkInputArbiter mkOutputArbiter mkRouterInputArbitersStatic mkRouterOutputArbitersStatic}}
gui_create_state_key -category Widget_History -key dlgSearchValue|m_ValueComboBox -value_type string -value {the\\\ \\\ \\\ \\\ \\ {"the     "} {"the     :} the}
gui_state_default_create -off

# Begin command logging
gui_sim_run Ucli -exe ./simv -args {-ucligui  } -dir .
gui_dve_source -global /afs/asu.edu/users/c/f/a/cfarnsw2/datamining/data_mining_2mapper/src/session.inter.vpd.tcl
gui_set_pref_value -category {Source} -key {value_annotate} -value {false}
gui_set_pref_value -category {Source} -key {value_annotate} -value {true}
gui_sim_continue  
gui_zoom -window  Wave.1  -full
gui_marker_move -id  Wave.1 C1 4685000
gui_wv_zoom_timerange -id  Wave.1 180092 495253
gui_marker_move -id  Wave.1 C1 265000
gui_list_expand -id  Hier.1   CONNECT_testbench_sample
gui_list_expand -id  Hier.1   CONNECT_testbench_sample.i_top_level
gui_list_select -id Hier.1 -current_item_name CONNECT_testbench_sample.i_top_level.i_MapReduceMapper_unq1_1 -current_item_type Scope  -selected  { CONNECT_testbench_sample.i_top_level.i_MapReduceMapper_unq1_1   }
gui_list_select -id Hier.1 -current_item_name CONNECT_testbench_sample.i_top_level.i_MapReduceMapper_unq1_2 -current_item_type Scope  -selected  { CONNECT_testbench_sample.i_top_level.i_MapReduceMapper_unq1_2   }
gui_list_set_filter -id Data.1 -type All -value 0
gui_list_set_filter -id Data.1 -type Input -value 1
gui_list_set_filter -id Data.1 -type Output -value 1
gui_list_set_filter -id Data.1 -type Inout -value 1
gui_list_select -id Data.1 -selected  { {CONNECT_testbench_sample.i_top_level.i_MapReduceMapper_unq1_2.flit_out_mapper[70:0]}   }
gui_list_add -id Wave.1 -from Data.1 { {CONNECT_testbench_sample.i_top_level.i_MapReduceMapper_unq1_2.flit_out_mapper[70:0]} } -insertionbar
gui_list_select -id Wave.1 -selected  { {CONNECT_testbench_sample.i_top_level.i_MapReduceMapper_unq1_2.flit_out_mapper[70:0]}   }
gui_list_move  -id  Wave.1    -sid  Wave.1   -after {CONNECT_testbench_sample.i_top_level.i_MapReduceMapper_unq1_2.num_credits[2:0]} {{CONNECT_testbench_sample.i_top_level.i_MapReduceMapper_unq1_2.flit_out_mapper[70:0]}} 
gui_wv_zoom_timerange -id  Wave.1 205603 291029
gui_marker_move -id  Wave.1 C1 225000
gui_marker_move -id  Wave.1 C1 245000
gui_marker_move -id  Wave.1 C1 225000
gui_list_select -id Hier.1 -current_item_name CONNECT_testbench_sample.i_top_level.i_MapReduceMapper_unq1_2 -current_item_type Scope  -selected  {  }
gui_save_session -savedb relative -global { Breakpoint Bus Radix Expression TimeShift Compare SignalGroup Highlight Stack }  -file /afs/asu.edu/users/c/f/a/cfarnsw2/datamining/data_mining_2mapper/src/session.inter.vpd.tcl
gui_marker_move -id  Wave.1 C1 235000
gui_list_select -id Hier.1 -current_item_name CONNECT_testbench_sample.i_top_level.i_MapReduceMapper_unq1_1 -current_item_type Scope  -selected  { CONNECT_testbench_sample.i_top_level.i_MapReduceMapper_unq1_1   }
gui_list_select -id Hier.1 -current_item_name CONNECT_testbench_sample.i_top_level.i_MapReduceMapper_unq1_2 -current_item_type Scope  -selected  { CONNECT_testbench_sample.i_top_level.i_MapReduceMapper_unq1_2   }
gui_list_set_filter -id Data.1 -type Variable -value 1
gui_list_select -id Data.1 -selected  { {CONNECT_testbench_sample.i_top_level.i_MapReduceMapper_unq1_2.value[63:0]}   }
gui_list_select -id Data.1 -selected  { {CONNECT_testbench_sample.i_top_level.i_MapReduceMapper_unq1_2.counter[31:0]}   }
gui_list_add -id Wave.1 -from Data.1 { {CONNECT_testbench_sample.i_top_level.i_MapReduceMapper_unq1_2.counter[31:0]} } -insertionbar
gui_list_select -id Hier.1 -current_item_name CONNECT_testbench_sample.i_top_level.i_MapReduceMapper_unq1_2 -current_item_type Scope  -selected  {  }
gui_sim_restart
gui_set_pref_value -category {Source} -key {value_annotate} -value {false}
gui_set_pref_value -category {Source} -key {value_annotate} -value {true}
gui_sim_continue  
gui_zoom -window  Wave.1  -full
gui_wv_zoom_timerange -id  Wave.1 157580 757887
gui_marker_move -id  Wave.1 C1 265000
gui_wv_zoom_timerange -id  Wave.1 205925 262922
gui_zoom -window  Wave.1  -factor 0.5
gui_zoom -window  Wave.1  -factor 0.5
gui_wv_scrollright -id  Wave.1  line
gui_wv_scrollright -id  Wave.1  line
gui_wv_scrollright -id  Wave.1  line
gui_wv_scrollright -id  Wave.1  line
gui_marker_move -id  Wave.1 C1 335000
gui_wv_scrollright -id  Wave.1  line
gui_wv_scrollright -id  Wave.1  line
gui_wv_scrollright -id  Wave.1  line
gui_wv_scrollright -id  Wave.1  line
gui_list_select -id Wave.1 -selected  { CONNECT_testbench_sample.i_top_level.i_MapReduceReducer_unq1.enable   }
gui_seek_next -id Wave.1 -number 1 
gui_seek_next -id Wave.1 -number 1 
gui_seek_previous -id Wave.1 -number 1 
gui_seek_next -id Wave.1 -number 1 
gui_seek_criteria -id Wave.1 "Any Edge" 
gui_seek_criteria -id Wave.1 "Rising" 
gui_seek_next -id Wave.1 -number 1 
gui_seek_next -id Wave.1 -number 1 
gui_seek_next -id Wave.1 -number 1 
gui_seek_next -id Wave.1 -number 1 
gui_seek_next -id Wave.1 -number 1 
gui_seek_next -id Wave.1 -number 1 
gui_seek_next -id Wave.1 -number 1 
gui_seek_next -id Wave.1 -number 1 
gui_seek_next -id Wave.1 -number 1 
gui_seek_next -id Wave.1 -number 1 
gui_seek_next -id Wave.1 -number 1 
gui_seek_next -id Wave.1 -number 1 
gui_seek_next -id Wave.1 -number 1 
gui_seek_next -id Wave.1 -number 1 
gui_seek_next -id Wave.1 -number 1 
gui_seek_next -id Wave.1 -number 1 
gui_seek_next -id Wave.1 -number 1 
gui_seek_next -id Wave.1 -number 1 
gui_seek_next -id Wave.1 -number 1 
gui_seek_next -id Wave.1 -number 1 
gui_seek_next -id Wave.1 -number 1 
gui_seek_next -id Wave.1 -number 1 
gui_seek_next -id Wave.1 -number 1 
gui_seek_next -id Wave.1 -number 1 
gui_seek_next -id Wave.1 -number 1 
gui_seek_next -id Wave.1 -number 1 
gui_seek_next -id Wave.1 -number 1 
gui_seek_next -id Wave.1 -number 1 
gui_seek_next -id Wave.1 -number 1 
gui_seek_next -id Wave.1 -number 1 
gui_zoom -window  Wave.1  -full
gui_zoom -window  Wave.1  -full
gui_list_select -id Wave.1 -selected  { {CONNECT_testbench_sample.i_top_level.i_MapReduceMapper_unq1_2.num_credits[2:0]}   }
gui_wv_zoom_timerange -id  Wave.1 15008 615314
gui_marker_move -id  Wave.1 C1 115000
gui_marker_move -id  Wave.1 C1 135000
gui_sim_restart
gui_set_pref_value -category {Source} -key {value_annotate} -value {false}
gui_set_pref_value -category {Source} -key {value_annotate} -value {true}
gui_sim_continue  
gui_zoom -window  Wave.1  -full
gui_wv_zoom_timerange -id  Wave.1 217611 427718
gui_marker_move -id  Wave.1 C1 325000
gui_marker_move -id  Wave.1 C1 335000
gui_zoom -window  Wave.1  -factor 0.5
gui_zoom -window  Wave.1  -factor 0.5
gui_zoom -window  Wave.1  -factor 0.5
gui_list_select -id Wave.1 -selected  { CONNECT_testbench_sample.i_top_level.i_MapReduceMapper_unq1_2.en_get_credit   }
gui_wv_zoom_timerange -id  Wave.1 162165 350070
gui_zoom -window  Wave.1  -factor 0.5
gui_zoom -window  Wave.1  -factor 0.5
gui_list_select -id Wave.1 -selected  { {CONNECT_testbench_sample.i_top_level.i_MapReduceMapper_unq1_2.flit_out_mapper[70:0]}   }
gui_wv_zoom_timerange -id  Wave.1 202580 264735
gui_sim_restart
gui_set_pref_value -category {Source} -key {value_annotate} -value {false}
gui_set_pref_value -category {Source} -key {value_annotate} -value {true}
gui_sim_continue  
gui_zoom -window  Wave.1  -full
gui_list_select -id Wave.1 -selected  { {CONNECT_testbench_sample.i_top_level.i_MapReduceReducer_unq1.result[31:0]}   }
gui_zoom -window  Wave.1  -full
gui_zoom -window  Wave.1  -full
gui_zoom -window  Wave.1  -full
gui_marker_move -id  Wave.1 C1 42879
gui_list_select -id Wave.1 -selected  { {CONNECT_testbench_sample.i_top_level.i_MapReduceMapper_unq1_2.num_credits[2:0]}   }
gui_list_select -id Wave.1 -selected  { {CONNECT_testbench_sample.i_top_level.i_MapReduceMapper_unq1_1.num_credits[2:0]}   }
gui_sim_restart
gui_set_pref_value -category {Source} -key {value_annotate} -value {false}
gui_set_pref_value -category {Source} -key {value_annotate} -value {true}
gui_sim_continue  
gui_zoom -window  Wave.1  -full
gui_wv_zoom_timerange -id  Wave.1 240123 405207
gui_marker_move -id  Wave.1 C1 315000
gui_marker_move -id  Wave.1 C1 325000
gui_zoom -window  Wave.1  -factor 0.5
gui_wv_zoom_timerange -id  Wave.1 252303 348876
gui_zoom -window  Wave.1  -factor 0.5
gui_wv_scrollright -id  Wave.1  line
gui_wv_scrollright -id  Wave.1  line
gui_wv_scrollright -id  Wave.1  line
gui_wv_scrollright -id  Wave.1  line
gui_wv_scrollright -id  Wave.1  line
gui_sim_restart
gui_set_pref_value -category {Source} -key {value_annotate} -value {false}
gui_set_pref_value -category {Source} -key {value_annotate} -value {true}
gui_sim_continue  
gui_zoom -window  Wave.1  -full
gui_list_select -id Wave.1 -selected  { {CONNECT_testbench_sample.i_top_level.i_MapReduceMapper_unq1_1.put_credits_mapper[1:0]}   }
gui_list_select -id Wave.1 -selected  { CONNECT_testbench_sample.i_top_level.i_MapReduceMapper_unq1_1.en_put_credits_mapper   }
gui_zoom -window  Wave.1  -full
gui_list_select -id Wave.1 -selected  { {CONNECT_testbench_sample.i_top_level.i_MapReduceMapper_unq1_1.flit_out_mapper[70:0]}   }
gui_list_select -id Wave.1 -selected  { CONNECT_testbench_sample.i_top_level.i_MapReduceMapper_unq1_1.en_put_credits_mapper   }
gui_list_select -id Wave.1 -selected  { {CONNECT_testbench_sample.i_top_level.i_MapReduceMapper_unq1_2.get_credit[1:0]}   }
gui_list_select -id Wave.1 -selected  { {CONNECT_testbench_sample.i_top_level.i_MapReduceMapper_unq1_2.put_credits_mapper[1:0]}   }
gui_marker_move -id  Wave.1 C1 225000
gui_marker_move -id  Wave.1 C1 235000
gui_marker_move -id  Wave.1 C1 225000
gui_sim_restart
gui_set_pref_value -category {Source} -key {value_annotate} -value {false}
gui_set_pref_value -category {Source} -key {value_annotate} -value {true}
gui_sim_continue  
gui_zoom -window  Wave.1  -full
gui_list_select -id Wave.1 -selected  { {CONNECT_testbench_sample.i_top_level.i_MapReduceReducer_unq1.result[31:0]}   }
gui_marker_move -id  Wave.1 C1 245000
gui_marker_move -id  Wave.1 C1 225000
gui_marker_move -id  Wave.1 C1 3992037
gui_marker_move -id  Wave.1 C1 4625000
gui_marker_move -id  Wave.1 C1 4645000
gui_marker_move -id  Wave.1 C1 4625000
gui_marker_move -id  Wave.1 C1 4645000
gui_marker_move -id  Wave.1 C1 4625000
gui_marker_move -id  Wave.1 C1 4645000
gui_marker_move -id  Wave.1 C1 4625000
gui_marker_move -id  Wave.1 C1 4645000
gui_list_select -id Wave.1 -selected  { {CONNECT_testbench_sample.i_top_level.i_noc_input_controller.num_credits[2:0]}   }
gui_list_select -id Wave.1 -selected  { {CONNECT_testbench_sample.i_top_level.i_noc_input_controller.flit_out[70:0]}   }
gui_marker_move -id  Wave.1 C1 2705000
gui_marker_move -id  Wave.1 C1 2275000
gui_marker_move -id  Wave.1 C1 1625000
gui_sim_restart
gui_set_pref_value -category {Source} -key {value_annotate} -value {false}
gui_set_pref_value -category {Source} -key {value_annotate} -value {true}
gui_sim_continue  
gui_zoom -window  Wave.1  -full
gui_list_select -id Wave.1 -selected  { CONNECT_testbench_sample.i_top_level.i_MapReduceReducer_unq1.en_put_credits_reducer   }
gui_list_expand -id  Hier.1   CONNECT_testbench_sample
gui_list_select -id Hier.1 -current_item_name CONNECT_testbench_sample.task_send_flit -current_item_type Scope  -selected  { CONNECT_testbench_sample.task_send_flit   }
gui_list_select -id Hier.1 -current_item_name CONNECT_testbench_sample.i_top_level -current_item_type Scope  -selected  { CONNECT_testbench_sample.i_top_level   }
gui_list_expand -id  Hier.1   CONNECT_testbench_sample.i_top_level
gui_list_select -id Hier.1 -current_item_name CONNECT_testbench_sample.i_top_level.i_mkNetwork -current_item_type Scope  -selected  { CONNECT_testbench_sample.i_top_level.i_mkNetwork   }
gui_list_select -id Hier.1 -current_item_name CONNECT_testbench_sample.i_top_level.i_noc_input_controller -current_item_type Scope  -selected  { CONNECT_testbench_sample.i_top_level.i_noc_input_controller   }
gui_list_select -id Data.1 -selected  { CONNECT_testbench_sample.i_top_level.i_noc_input_controller.tail_internal   }
gui_list_select -id Data.1 -selected  { CONNECT_testbench_sample.i_top_level.i_noc_input_controller.en_get_credit_mapper1   }
gui_list_select -id Data.1 -selected  { {CONNECT_testbench_sample.i_top_level.i_noc_input_controller.num_credits_mapper0[2:0]}   }
gui_list_select -id Data.1 -selected  { {CONNECT_testbench_sample.i_top_level.i_noc_input_controller.num_credits_mapper0[2:0]}  {CONNECT_testbench_sample.i_top_level.i_noc_input_controller.num_credits_mapper1[2:0]}   }
gui_list_add -id Wave.1 -from Data.1 { {CONNECT_testbench_sample.i_top_level.i_noc_input_controller.num_credits_mapper0[2:0]} {CONNECT_testbench_sample.i_top_level.i_noc_input_controller.num_credits_mapper1[2:0]} } -insertionbar
gui_list_select -id Data.1 -selected  {  }
gui_list_select -id Data.1 -selected  { {CONNECT_testbench_sample.i_top_level.i_noc_input_controller.get_credit_mapper1[1:0]}   }
gui_list_select -id Data.1 -selected  { CONNECT_testbench_sample.i_top_level.i_noc_input_controller.en_get_credit_mapper0  {CONNECT_testbench_sample.i_top_level.i_noc_input_controller.get_credit_mapper0[1:0]}  CONNECT_testbench_sample.i_top_level.i_noc_input_controller.en_get_credit_mapper1  {CONNECT_testbench_sample.i_top_level.i_noc_input_controller.get_credit_mapper1[1:0]}   }
gui_list_add -id Wave.1 -from Data.1 { CONNECT_testbench_sample.i_top_level.i_noc_input_controller.en_get_credit_mapper0 {CONNECT_testbench_sample.i_top_level.i_noc_input_controller.get_credit_mapper0[1:0]} CONNECT_testbench_sample.i_top_level.i_noc_input_controller.en_get_credit_mapper1 {CONNECT_testbench_sample.i_top_level.i_noc_input_controller.get_credit_mapper1[1:0]} } -insertionbar
gui_save_session -savedb relative -global { Breakpoint Bus Radix Expression TimeShift Compare SignalGroup Highlight Stack }  -file /afs/asu.edu/users/c/f/a/cfarnsw2/datamining/data_mining_2mapper/src/session.inter.vpd.tcl
gui_list_select -id Hier.1 -current_item_name CONNECT_testbench_sample.i_top_level.i_noc_input_controller -current_item_type Scope  -selected  {  }
gui_list_select -id Hier.1 -current_item_name CONNECT_testbench_sample -current_item_type Scope  -selected  { CONNECT_testbench_sample   }
gui_list_select -id Hier.1 -current_item_name mkRouterOutputArbitersStatic -current_item_type Scope  { CONNECT_testbench_sample.i_top_level  CONNECT_testbench_sample.i_top_level.i_MapReduceMapper_unq1_1  CONNECT_testbench_sample.i_top_level.i_MapReduceMapper_unq1_2  CONNECT_testbench_sample.i_top_level.i_MapReduceReducer_unq1  CONNECT_testbench_sample.i_top_level.i_mkNetwork  CONNECT_testbench_sample.i_top_level.i_noc_input_controller  CONNECT_testbench_sample.i_top_level.i_ram_sp_sr_sw  CONNECT_testbench_sample.task_send_flit  mkInputArbiter  mkOutputArbiter  mkRouterInputArbitersStatic  mkRouterOutputArbitersStatic   }
dump -add { CONNECT_testbench_sample CONNECT_testbench_sample.i_top_level CONNECT_testbench_sample.i_top_level.i_MapReduceMapper_unq1_1 CONNECT_testbench_sample.i_top_level.i_MapReduceMapper_unq1_2 CONNECT_testbench_sample.i_top_level.i_MapReduceReducer_unq1 CONNECT_testbench_sample.i_top_level.i_mkNetwork CONNECT_testbench_sample.i_top_level.i_noc_input_controller CONNECT_testbench_sample.i_top_level.i_ram_sp_sr_sw CONNECT_testbench_sample.task_send_flit mkInputArbiter mkOutputArbiter mkRouterInputArbitersStatic mkRouterOutputArbitersStatic }  -depth 0 -scope "."
dump -add { CONNECT_testbench_sample CONNECT_testbench_sample.i_top_level CONNECT_testbench_sample.i_top_level.i_MapReduceMapper_unq1_1 CONNECT_testbench_sample.i_top_level.i_MapReduceMapper_unq1_2 CONNECT_testbench_sample.i_top_level.i_MapReduceReducer_unq1 CONNECT_testbench_sample.i_top_level.i_mkNetwork CONNECT_testbench_sample.i_top_level.i_noc_input_controller CONNECT_testbench_sample.i_top_level.i_ram_sp_sr_sw CONNECT_testbench_sample.task_send_flit mkInputArbiter mkOutputArbiter mkRouterInputArbitersStatic mkRouterOutputArbitersStatic }  -depth 0 -scope "."
gui_sim_terminate 
gui_sim_restart
gui_set_pref_value -category {Source} -key {value_annotate} -value {false}
gui_set_pref_value -category {Source} -key {value_annotate} -value {true}
gui_wv_zoom_timerange -id  Wave.1 2446248 7346248
gui_wv_zoom_timerange -id  Wave.1 2446248 7346248
gui_sim_continue  
gui_zoom -window  Wave.1  -full
gui_list_select -id Wave.1 -selected  { {CONNECT_testbench_sample.i_top_level.i_noc_input_controller.num_credits_mapper0[2:0]}   }
gui_list_select -id Wave.1 -selected  { {CONNECT_testbench_sample.i_top_level.i_noc_input_controller.num_credits_mapper0[2:0]}  {CONNECT_testbench_sample.i_top_level.i_noc_input_controller.num_credits_mapper1[2:0]}  CONNECT_testbench_sample.i_top_level.i_noc_input_controller.en_get_credit_mapper0  {CONNECT_testbench_sample.i_top_level.i_noc_input_controller.get_credit_mapper0[1:0]}  CONNECT_testbench_sample.i_top_level.i_noc_input_controller.en_get_credit_mapper1  {CONNECT_testbench_sample.i_top_level.i_noc_input_controller.get_credit_mapper1[1:0]}   }
gui_list_move  -id  Wave.1    -sid  Wave.1   -after EXP:flit_out.dest {{CONNECT_testbench_sample.i_top_level.i_noc_input_controller.num_credits_mapper0[2:0]} {CONNECT_testbench_sample.i_top_level.i_noc_input_controller.num_credits_mapper1[2:0]} {CONNECT_testbench_sample.i_top_level.i_noc_input_controller.en_get_credit_mapper0} {CONNECT_testbench_sample.i_top_level.i_noc_input_controller.get_credit_mapper0[1:0]} {CONNECT_testbench_sample.i_top_level.i_noc_input_controller.en_get_credit_mapper1} {CONNECT_testbench_sample.i_top_level.i_noc_input_controller.get_credit_mapper1[1:0]}} 
gui_list_select -id Wave.1 -selected  { EXP:flit_out.dest   }
gui_list_select -id Wave.1 -selected  { {CONNECT_testbench_sample.i_top_level.i_noc_input_controller.get_credit_mapper0[1:0]}   }
gui_list_select -id Wave.1 -selected  { {CONNECT_testbench_sample.i_top_level.i_noc_input_controller.num_credits_mapper1[2:0]}   }
gui_wv_zoom_timerange -id  Wave.1 0 4539816
gui_wv_zoom_timerange -id  Wave.1 0 4337213
gui_list_select -id Hier.1 -current_item_name CONNECT_testbench_sample -current_item_type Scope  -selected  {  }
gui_sim_restart
gui_set_pref_value -category {Source} -key {value_annotate} -value {false}
gui_set_pref_value -category {Source} -key {value_annotate} -value {true}
gui_sim_continue  
gui_zoom -window  Wave.1  -full
gui_list_select -id Wave.1 -selected  { {CONNECT_testbench_sample.i_top_level.i_noc_input_controller.num_credits_mapper0[2:0]}   }
gui_wv_zoom_timerange -id  Wave.1 135640 771453
gui_wv_zoom_timerange -id  Wave.1 135303 291506
gui_wv_scroll_hslidermove -id  Wave.1 0
gui_wv_scroll_hslidermove -id  Wave.1 0
gui_wv_scroll_hslidermove -id  Wave.1 0
gui_wv_scroll_hslidermove -id  Wave.1 0
gui_wv_scroll_hslidermove -id  Wave.1 0
gui_wv_scroll_hslidermove -id  Wave.1 0
gui_wv_scroll_hslidermove -id  Wave.1 0
gui_wv_scroll_hslidermove -id  Wave.1 0
gui_wv_scroll_hslidermove -id  Wave.1 0
gui_sim_restart
gui_set_pref_value -category {Source} -key {value_annotate} -value {false}
gui_set_pref_value -category {Source} -key {value_annotate} -value {true}
gui_sim_continue  
gui_zoom -window  Wave.1  -full
gui_wv_zoom_timerange -id  Wave.1 25433 440830
gui_wv_zoom_timerange -id  Wave.1 52464 194762
gui_wv_scroll_hslidermove -id  Wave.1 19325
gui_zoom -window  Wave.1  -full
gui_wv_zoom_timerange -id  Wave.1 4620242 4933910
gui_wv_zoom_timerange -id  Wave.1 4830921 4905811
gui_wv_scrollleft -id  Wave.1  line
gui_wv_scrollleft -id  Wave.1  line
gui_wv_scrollleft -id  Wave.1  line
gui_wv_scrollleft -id  Wave.1  line
gui_wv_scrollleft -id  Wave.1  line
gui_wv_scrollleft -id  Wave.1  line
gui_wv_scrollleft -id  Wave.1  line
gui_wv_scrollleft -id  Wave.1  line
gui_wv_scrollleft -id  Wave.1  line
gui_wv_scrollleft -id  Wave.1  line
gui_wv_scrollleft -id  Wave.1  line
gui_wv_scrollleft -id  Wave.1  line
gui_wv_scrollleft -id  Wave.1  line
gui_wv_scrollleft -id  Wave.1  line
gui_wv_scrollleft -id  Wave.1  line
gui_wv_scrollleft -id  Wave.1  line
gui_wv_scrollleft -id  Wave.1  line
gui_wv_scrollleft -id  Wave.1  line
gui_wv_scrollleft -id  Wave.1  line
gui_wv_scrollleft -id  Wave.1  line
gui_wv_scrollleft -id  Wave.1  line
gui_wv_scrollleft -id  Wave.1  line
gui_wv_scrollleft -id  Wave.1  line
gui_wv_scrollleft -id  Wave.1  line
gui_wv_scrollleft -id  Wave.1  line
gui_wv_scrollleft -id  Wave.1  line
gui_wv_scrollleft -id  Wave.1  line
gui_wv_scrollleft -id  Wave.1  line
gui_wv_scrollleft -id  Wave.1  line
gui_wv_scrollleft -id  Wave.1  line
gui_wv_scrollleft -id  Wave.1  line
gui_wv_scrollleft -id  Wave.1  line
gui_wv_scrollleft -id  Wave.1  line
gui_wv_scrollleft -id  Wave.1  line
gui_wv_scrollleft -id  Wave.1  line
gui_wv_scrollleft -id  Wave.1  line
gui_wv_scrollleft -id  Wave.1  line
gui_wv_scrollleft -id  Wave.1  line
gui_wv_scrollleft -id  Wave.1  line
gui_wv_scrollleft -id  Wave.1  line
gui_wv_scrollleft -id  Wave.1  line
gui_wv_scrollleft -id  Wave.1  line
gui_wv_scrollleft -id  Wave.1  line
gui_wv_scrollleft -id  Wave.1  line
gui_wv_scrollleft -id  Wave.1  line
gui_wv_scrollleft -id  Wave.1  line
gui_wv_scrollleft -id  Wave.1  line
gui_wv_scrollleft -id  Wave.1  line
gui_wv_scrollleft -id  Wave.1  line
gui_wv_scrollleft -id  Wave.1  line
gui_wv_scrollleft -id  Wave.1  line
gui_wv_scrollleft -id  Wave.1  line
gui_wv_scrollleft -id  Wave.1  line
gui_wv_scrollleft -id  Wave.1  line
gui_wv_scrollleft -id  Wave.1  line
gui_wv_scrollleft -id  Wave.1  line
gui_wv_scrollleft -id  Wave.1  line
gui_wv_scrollleft -id  Wave.1  line
gui_wv_scrollleft -id  Wave.1  line
gui_wv_scrollleft -id  Wave.1  line
gui_wv_scrollleft -id  Wave.1  line
gui_wv_scrollleft -id  Wave.1  line
gui_wv_scrollleft -id  Wave.1  line
gui_wv_scrollleft -id  Wave.1  line
gui_wv_scrollleft -id  Wave.1  line
gui_wv_scrollleft -id  Wave.1  line
gui_wv_scrollleft -id  Wave.1  line
gui_wv_scrollleft -id  Wave.1  line
gui_wv_scrollleft -id  Wave.1  line
gui_wv_scroll_hslidermove -id  Wave.1 37285
gui_wv_scrollleft -id  Wave.1  page
gui_wv_scrollleft -id  Wave.1  page
gui_wv_scrollleft -id  Wave.1  page
gui_wv_scrollleft -id  Wave.1  page
gui_wv_scrollleft -id  Wave.1  page
gui_wv_scrollleft -id  Wave.1  page
gui_wv_scrollleft -id  Wave.1  page
gui_wv_scrollleft -id  Wave.1  page
gui_wv_scrollleft -id  Wave.1  page
gui_wv_scrollleft -id  Wave.1  page
gui_wv_scrollleft -id  Wave.1  page
gui_wv_scrollleft -id  Wave.1  page
gui_wv_scrollleft -id  Wave.1  page
gui_wv_scrollleft -id  Wave.1  page
gui_wv_scrollleft -id  Wave.1  page
gui_wv_scrollleft -id  Wave.1  page
gui_wv_scrollleft -id  Wave.1  page
gui_wv_scrollleft -id  Wave.1  page
gui_wv_scrollleft -id  Wave.1  page
gui_wv_scrollleft -id  Wave.1  page
gui_wv_scrollleft -id  Wave.1  page
gui_wv_scrollleft -id  Wave.1  page
gui_wv_scrollleft -id  Wave.1  page
gui_wv_scrollleft -id  Wave.1  page
gui_wv_scrollleft -id  Wave.1  page
gui_wv_scrollleft -id  Wave.1  page
gui_wv_scrollleft -id  Wave.1  page
gui_wv_scrollleft -id  Wave.1  page
gui_wv_scrollleft -id  Wave.1  page
gui_wv_scrollleft -id  Wave.1  page
gui_wv_scrollleft -id  Wave.1  page
gui_wv_scrollleft -id  Wave.1  page
gui_wv_scrollleft -id  Wave.1  page
gui_wv_scrollleft -id  Wave.1  page
gui_wv_scrollleft -id  Wave.1  page
gui_wv_scrollleft -id  Wave.1  page
gui_wv_scrollleft -id  Wave.1  page
gui_wv_scrollleft -id  Wave.1  page
gui_wv_scrollleft -id  Wave.1  page
gui_wv_scrollleft -id  Wave.1  page
gui_wv_scrollleft -id  Wave.1  page
gui_wv_scrollleft -id  Wave.1  page
gui_wv_scrollleft -id  Wave.1  page
gui_wv_scrollleft -id  Wave.1  page
gui_wv_scrollleft -id  Wave.1  page
gui_wv_scrollleft -id  Wave.1  page
gui_wv_scrollleft -id  Wave.1  page
gui_wv_scrollleft -id  Wave.1  page
gui_wv_scrollleft -id  Wave.1  page
gui_wv_scrollleft -id  Wave.1  page
gui_wv_scrollleft -id  Wave.1  page
gui_wv_scrollleft -id  Wave.1  page
gui_wv_scrollleft -id  Wave.1  page
gui_wv_scrollleft -id  Wave.1  page
gui_wv_scrollleft -id  Wave.1  page
gui_wv_scrollleft -id  Wave.1  page
gui_wv_scrollleft -id  Wave.1  page
gui_wv_scrollleft -id  Wave.1  page
gui_wv_scrollleft -id  Wave.1  page
gui_wv_scrollleft -id  Wave.1  page
gui_wv_scrollleft -id  Wave.1  page
gui_wv_scrollleft -id  Wave.1  page
gui_wv_scrollleft -id  Wave.1  page
gui_wv_scrollleft -id  Wave.1  page
gui_wv_scrollleft -id  Wave.1  page
gui_wv_scroll_hslidermove -id  Wave.1 0
gui_wv_scroll_hslidermove -id  Wave.1 0
gui_wv_scroll_hslidermove -id  Wave.1 0
gui_wv_scroll_hslidermove -id  Wave.1 0
gui_wv_scroll_hslidermove -id  Wave.1 0
gui_wv_scroll_hslidermove -id  Wave.1 0
gui_wv_scrollright -id  Wave.1  line
gui_wv_scrollright -id  Wave.1  line
gui_wv_scrollright -id  Wave.1  line
gui_wv_scrollright -id  Wave.1  line
gui_wv_scroll_hslidermove -id  Wave.1 0
gui_wv_scroll_hslidermove -id  Wave.1 0
gui_wv_scroll_hslidermove -id  Wave.1 0
gui_wv_scroll_hslidermove -id  Wave.1 0
gui_wv_scroll_hslidermove -id  Wave.1 0
gui_wv_scroll_hslidermove -id  Wave.1 0
gui_wv_scroll_hslidermove -id  Wave.1 0
gui_wv_scroll_hslidermove -id  Wave.1 0
gui_wv_scrollright -id  Wave.1  line
gui_wv_scrollright -id  Wave.1  line
gui_wv_scrollright -id  Wave.1  line
gui_wv_scrollright -id  Wave.1  line
gui_wv_scrollright -id  Wave.1  line
gui_wv_scrollright -id  Wave.1  line
gui_wv_scrollright -id  Wave.1  line
gui_wv_scrollright -id  Wave.1  line
gui_wv_scrollright -id  Wave.1  line
gui_wv_scrollright -id  Wave.1  line
gui_wv_scrollright -id  Wave.1  line
gui_wv_scroll_hslidermove -id  Wave.1 0
gui_wv_scrollleft -id  Wave.1  line
gui_wv_scrollleft -id  Wave.1  line
gui_wv_scrollleft -id  Wave.1  line
gui_wv_scrollleft -id  Wave.1  line
gui_wv_scrollleft -id  Wave.1  line
gui_list_select -id Wave.1 -selected  { {CONNECT_testbench_sample.i_top_level.i_noc_input_controller.get_credit_mapper1[1:0]}   }
gui_sim_restart
gui_set_pref_value -category {Source} -key {value_annotate} -value {false}
gui_set_pref_value -category {Source} -key {value_annotate} -value {true}
gui_sim_continue  
gui_zoom -window  Wave.1  -full
gui_wv_zoom_timerange -id  Wave.1 0 449308
gui_wv_zoom_timerange -id  Wave.1 27207 120489
gui_wv_scrollright -id  Wave.1  page
gui_wv_scrollright -id  Wave.1  page
gui_wv_scrollright -id  Wave.1  page
gui_wv_scrollright -id  Wave.1  page
gui_wv_scrollright -id  Wave.1  page
gui_wv_scrollright -id  Wave.1  page
gui_wv_scrollleft -id  Wave.1  line
gui_wv_scrollleft -id  Wave.1  line
gui_wv_scrollleft -id  Wave.1  line
gui_wv_scrollleft -id  Wave.1  line
gui_wv_scrollleft -id  Wave.1  line
gui_wv_scrollleft -id  Wave.1  line
gui_wv_scrollleft -id  Wave.1  line
gui_wv_scrollleft -id  Wave.1  line
gui_wv_scrollleft -id  Wave.1  line
gui_wv_scrollleft -id  Wave.1  line
gui_wv_scrollleft -id  Wave.1  line
gui_wv_scrollleft -id  Wave.1  line
gui_wv_scrollleft -id  Wave.1  line
gui_wv_scrollleft -id  Wave.1  line
gui_wv_scrollleft -id  Wave.1  line
gui_wv_scrollleft -id  Wave.1  line
gui_wv_scrollleft -id  Wave.1  line
gui_wv_scrollleft -id  Wave.1  line
gui_wv_scrollleft -id  Wave.1  line
gui_wv_scrollleft -id  Wave.1  line
gui_wv_scrollleft -id  Wave.1  line
gui_wv_scrollleft -id  Wave.1  line
gui_wv_scrollright -id  Wave.1  line
gui_wv_scrollright -id  Wave.1  line
gui_list_select -id Wave.1 -selected  { {CONNECT_testbench_sample.i_top_level.i_noc_input_controller.num_credits_mapper0[2:0]}   }
gui_wv_scrollright -id  Wave.1  line
gui_list_select -id Wave.1 -selected  { {CONNECT_testbench_sample.i_top_level.i_noc_input_controller.get_credit_mapper0[1:0]}   }
gui_list_select -id Wave.1 -selected  { CONNECT_testbench_sample.i_top_level.i_noc_input_controller.en_get_credit_mapper0   }
gui_list_select -id Wave.1 -selected  { {CONNECT_testbench_sample.i_top_level.i_noc_input_controller.get_credit_mapper0[1:0]}   }
gui_wv_scrollleft -id  Wave.1  line
gui_wv_scrollleft -id  Wave.1  line
gui_wv_scrollleft -id  Wave.1  line
gui_wv_scrollleft -id  Wave.1  line
gui_wv_scrollleft -id  Wave.1  line
gui_wv_scrollleft -id  Wave.1  line
gui_wv_scrollleft -id  Wave.1  line
gui_wv_scrollleft -id  Wave.1  line
gui_wv_scrollleft -id  Wave.1  line
gui_wv_scrollleft -id  Wave.1  line
gui_wv_scrollleft -id  Wave.1  line
gui_wv_scrollleft -id  Wave.1  line
gui_wv_scrollleft -id  Wave.1  line
gui_wv_scrollleft -id  Wave.1  line
gui_wv_scrollleft -id  Wave.1  line
gui_wv_scrollleft -id  Wave.1  line
gui_wv_scrollleft -id  Wave.1  line
gui_wv_scrollleft -id  Wave.1  line
gui_wv_scrollleft -id  Wave.1  line
gui_wv_scrollleft -id  Wave.1  line
gui_wv_scrollleft -id  Wave.1  line
gui_wv_scrollleft -id  Wave.1  line
gui_wv_scrollleft -id  Wave.1  line
gui_wv_scrollleft -id  Wave.1  line
gui_wv_scrollleft -id  Wave.1  line
gui_wv_scrollleft -id  Wave.1  line
gui_wv_scrollleft -id  Wave.1  line
gui_wv_scrollleft -id  Wave.1  line
gui_wv_scrollleft -id  Wave.1  line
gui_wv_scrollleft -id  Wave.1  line
gui_wv_scrollleft -id  Wave.1  line
gui_wv_scrollleft -id  Wave.1  line
gui_wv_scroll_hslidermove -id  Wave.1 1611
gui_wv_scroll_hslidermove -id  Wave.1 1778
gui_list_select -id Wave.1 -selected  { {CONNECT_testbench_sample.i_top_level.i_MapReduceMapper_unq1_1.put_credits_mapper[1:0]}   }
gui_zoom -window  Wave.1  -full
gui_marker_move -id  Wave.1 C1 0
gui_marker_move -id  Wave.1 C1 95000
gui_list_select -id Wave.1 -selected  { {CONNECT_testbench_sample.i_top_level.i_MapReduceMapper_unq1_2.put_credits_mapper[1:0]}   }
gui_list_select -id Wave.1 -selected  { {CONNECT_testbench_sample.i_top_level.i_MapReduceMapper_unq1_1.put_credits_mapper[1:0]}   }
gui_sim_restart
gui_set_pref_value -category {Source} -key {value_annotate} -value {false}
gui_set_pref_value -category {Source} -key {value_annotate} -value {true}
gui_sim_continue  
gui_zoom -window  Wave.1  -full
gui_list_select -id Wave.1 -selected  { {CONNECT_testbench_sample.i_top_level.i_MapReduceMapper_unq1_2.put_credits_mapper[1:0]}   }
gui_list_select -id Wave.1 -selected  { {CONNECT_testbench_sample.i_top_level.i_MapReduceMapper_unq1_1.num_credits[2:0]}   }
gui_list_select -id Wave.1 -selected  { {CONNECT_testbench_sample.i_top_level.i_MapReduceMapper_unq1_2.num_credits[2:0]}   }
gui_wv_zoom_timerange -id  Wave.1 39446 140484
gui_wv_scrollright -id  Wave.1  page
gui_wv_scrollright -id  Wave.1  page
gui_wv_scrollright -id  Wave.1  page
gui_wv_scroll_hslidermove -id  Wave.1 1710
gui_list_select -id Wave.1 -selected  { {CONNECT_testbench_sample.i_top_level.i_noc_input_controller.num_credits_mapper0[2:0]}   }
gui_list_select -id Wave.1 -selected  { {CONNECT_testbench_sample.i_top_level.i_noc_input_controller.num_credits_mapper1[2:0]}   }
gui_list_select -id Wave.1 -selected  { {CONNECT_testbench_sample.i_top_level.i_noc_input_controller.num_credits_mapper0[2:0]}   }
gui_list_select -id Wave.1 -selected  { {CONNECT_testbench_sample.i_top_level.i_noc_input_controller.num_credits_mapper1[2:0]}   }
gui_wv_scrollright -id  Wave.1  line
gui_wv_scrollright -id  Wave.1  line
gui_wv_scrollright -id  Wave.1  line
gui_wv_scrollright -id  Wave.1  line
gui_wv_scrollright -id  Wave.1  line
gui_wv_scrollright -id  Wave.1  line
gui_wv_scrollright -id  Wave.1  line
gui_wv_scrollright -id  Wave.1  line
gui_wv_scrollright -id  Wave.1  line
gui_wv_scrollright -id  Wave.1  line
gui_wv_scrollright -id  Wave.1  line
gui_zoom -window  Wave.1  -full
gui_list_select -id Wave.1 -selected  { {CONNECT_testbench_sample.i_top_level.i_MapReduceReducer_unq1.put_credits_reducer[1:0]}   }
gui_list_select -id Wave.1 -selected  { {CONNECT_testbench_sample.i_top_level.i_MapReduceMapper_unq1_2.num_credits[2:0]}   }
gui_list_select -id Wave.1 -selected  { CONNECT_testbench_sample.i_top_level.i_MapReduceMapper_unq1_2.en_put_credits_mapper   }
gui_list_select -id Wave.1 -selected  { {CONNECT_testbench_sample.i_top_level.i_MapReduceMapper_unq1_2.put_credits_mapper[1:0]}   }
gui_list_select -id Wave.1 -selected  { {CONNECT_testbench_sample.i_top_level.i_MapReduceMapper_unq1_1.put_credits_mapper[1:0]}   }
gui_list_select -id Wave.1 -selected  { CONNECT_testbench_sample.i_top_level.i_MapReduceMapper_unq1_1.en_put_credits_mapper   }
gui_list_select -id Wave.1 -selected  { {CONNECT_testbench_sample.i_top_level.i_MapReduceMapper_unq1_1.put_credits_mapper[1:0]}   }
gui_list_select -id Wave.1 -selected  { CONNECT_testbench_sample.i_top_level.i_MapReduceMapper_unq1_1.en_put_credits_mapper   }
gui_list_select -id Wave.1 -selected  { {CONNECT_testbench_sample.i_top_level.i_MapReduceMapper_unq1_1.put_credits_mapper[1:0]}   }
gui_list_select -id Wave.1 -selected  { {CONNECT_testbench_sample.i_top_level.i_MapReduceMapper_unq1_2.put_credits_mapper[1:0]}   }
gui_list_select -id Wave.1 -selected  { CONNECT_testbench_sample.i_top_level.i_MapReduceMapper_unq1_2.en_put_credits_mapper   }
gui_list_select -id Wave.1 -selected  { {CONNECT_testbench_sample.i_top_level.i_MapReduceMapper_unq1_2.put_credits_mapper[1:0]}   }
gui_list_select -id Wave.1 -selected  { CONNECT_testbench_sample.i_top_level.i_MapReduceMapper_unq1_2.en_put_credits_mapper   }
gui_list_select -id Wave.1 -selected  { {CONNECT_testbench_sample.i_top_level.i_MapReduceMapper_unq1_2.put_credits_mapper[1:0]}   }
gui_sim_restart
gui_set_pref_value -category {Source} -key {value_annotate} -value {false}
gui_set_pref_value -category {Source} -key {value_annotate} -value {true}
gui_sim_continue  
gui_zoom -window  Wave.1  -full
gui_wv_zoom_timerange -id  Wave.1 30450 399308
gui_wv_scroll_hslidermove -id  Wave.1 49
gui_wv_zoom_timerange -id  Wave.1 327377 406510
gui_zoom -window  Wave.1  -full
gui_wv_zoom_timerange -id  Wave.1 31834 173010
gui_zoom -window  Wave.1  -full
gui_zoom -window  Wave.1  -full
gui_list_select -id Wave.1 -selected  { {CONNECT_testbench_sample.i_top_level.i_MapReduceReducer_unq1.put_credits_reducer[1:0]}   }
gui_list_select -id Wave.1 -selected  { CONNECT_testbench_sample.i_top_level.i_MapReduceReducer_unq1.en_put_credits_reducer   }
gui_list_select -id Wave.1 -selected  { CONNECT_testbench_sample.i_top_level.i_MapReduceMapper_unq1_2.en_put_credits_mapper   }
gui_list_select -id Wave.1 -selected  { {CONNECT_testbench_sample.i_top_level.i_MapReduceMapper_unq1_2.put_credits_mapper[1:0]}   }
gui_marker_move -id  Wave.1 C1 135000
gui_marker_select -id  Wave.1 { C1 }
gui_list_select -id Wave.1 -selected  { {CONNECT_testbench_sample.i_top_level.i_MapReduceMapper_unq1_2.get_credit[1:0]}   }
gui_wv_zoom_timerange -id  Wave.1 224913 265744
gui_zoom -window  Wave.1  -full
gui_list_select -id Wave.1 -selected  { CONNECT_testbench_sample.i_top_level.i_MapReduceMapper_unq1_2.en_get_credit   }
gui_list_select -id Wave.1 -selected  { {CONNECT_testbench_sample.i_top_level.i_MapReduceMapper_unq1_1.get_credit[1:0]}   }
gui_list_select -id Wave.1 -selected  { {CONNECT_testbench_sample.i_top_level.i_MapReduceMapper_unq1_2.put_credits_mapper[1:0]}   }
gui_list_select -id Wave.1 -selected  { CONNECT_testbench_sample.i_top_level.i_MapReduceMapper_unq1_2.en_get_credit   }
gui_list_select -id Wave.1 -selected  { {CONNECT_testbench_sample.i_top_level.i_MapReduceMapper_unq1_2.get_credit[1:0]}   }
gui_list_collapse -id  Wave.1   mapper0
gui_list_expand -id  Wave.1   mapper0
gui_list_select -id Wave.1 -selected  { {CONNECT_testbench_sample.i_top_level.i_MapReduceMapper_unq1_1.flit_out_mapper[70:0]}   }
gui_list_select -id Wave.1 -selected  { {CONNECT_testbench_sample.i_top_level.i_MapReduceMapper_unq1_2.flit_out_mapper[70:0]}   }
gui_sim_restart
gui_set_pref_value -category {Source} -key {value_annotate} -value {false}
gui_set_pref_value -category {Source} -key {value_annotate} -value {true}
gui_sim_continue  
gui_zoom -window  Wave.1  -full
gui_sim_restart
gui_set_pref_value -category {Source} -key {value_annotate} -value {false}
gui_set_pref_value -category {Source} -key {value_annotate} -value {true}
gui_sim_continue  
gui_zoom -window  Wave.1  -full
gui_marker_move -id  Wave.1 C1 265000
gui_sim_restart
gui_set_pref_value -category {Source} -key {value_annotate} -value {false}
gui_set_pref_value -category {Source} -key {value_annotate} -value {true}
gui_list_select -id Wave.1 -selected  { reducer   }
gui_list_select -id Wave.1 -selected  { mapper1   }
gui_sim_continue  
gui_list_select -id Wave.1 -selected  { {CONNECT_testbench_sample.i_top_level.i_MapReduceMapper_unq1_1.num_credits[2:0]}   }
gui_zoom -window  Wave.1  -full
gui_wv_zoom_timerange -id  Wave.1 38754 209827
gui_wv_scroll_hslidermove -id  Wave.1 0
gui_wv_scroll_hslidermove -id  Wave.1 0
gui_wv_scroll_hslidermove -id  Wave.1 0
gui_wv_scroll_hslidermove -id  Wave.1 0
gui_list_select -id Wave.1 -selected  { {CONNECT_testbench_sample.i_top_level.i_noc_input_controller.num_credits_mapper0[2:0]}   }
gui_list_select -id Wave.1 -selected  { {CONNECT_testbench_sample.i_top_level.i_MapReduceMapper_unq1_1.value[63:0]}   }
gui_zoom -window  Wave.1  -full
gui_zoom -window  Wave.1  -full
gui_zoom -window  Wave.1  -full
gui_zoom -window  Wave.1  -full
gui_sim_restart
gui_set_pref_value -category {Source} -key {value_annotate} -value {false}
gui_set_pref_value -category {Source} -key {value_annotate} -value {true}
gui_sim_continue  
gui_zoom -window  Wave.1  -full
gui_marker_move -id  Wave.1 C1 105000
gui_wv_zoom_timerange -id  Wave.1 27682 118339
gui_wv_scrollright -id  Wave.1  page
gui_wv_scrollright -id  Wave.1  page
gui_wv_scrollright -id  Wave.1  page
gui_wv_scrollright -id  Wave.1  page
gui_wv_scroll_hslidermove -id  Wave.1 1972
gui_wv_scroll_hslidermove -id  Wave.1 0
gui_zoom -window  Wave.1  -full
gui_zoom -window  Wave.1  -full
gui_sim_restart
gui_set_pref_value -category {Source} -key {value_annotate} -value {false}
gui_set_pref_value -category {Source} -key {value_annotate} -value {true}
gui_sim_continue  
gui_zoom -window  Wave.1  -full
gui_marker_move -id  Wave.1 C1 55000
gui_marker_move -id  Wave.1 C1 65000
gui_marker_move -id  Wave.1 C1 75000
gui_marker_move -id  Wave.1 C1 85000
gui_marker_move -id  Wave.1 C1 95000
gui_marker_move -id  Wave.1 C1 105000
gui_marker_move -id  Wave.1 C1 115000
gui_marker_move -id  Wave.1 C1 75000
gui_marker_move -id  Wave.1 C1 65000
gui_marker_move -id  Wave.1 C1 55000
gui_marker_move -id  Wave.1 C1 65000
gui_list_expand -id  Hier.1   CONNECT_testbench_sample
gui_list_select -id Hier.1 -current_item_name CONNECT_testbench_sample.i_top_level -current_item_type Scope  -selected  { CONNECT_testbench_sample.i_top_level   }
gui_list_set_filter -id Data.1 -type All -value 1
gui_list_select -id Data.1 -selected  { {CONNECT_testbench_sample.i_top_level.flit_in_mapper0[70:0]}   }
gui_list_select -id Data.1 -selected  { {CONNECT_testbench_sample.i_top_level.flit[70:0]}   }
gui_list_add -id Wave.1 -from Data.1 { {CONNECT_testbench_sample.i_top_level.flit[70:0]} } -insertionbar
gui_list_select -id Wave.1 -selected  { {CONNECT_testbench_sample.i_top_level.flit[70:0]}   }
gui_list_set_selected_property -id Wave.1 -radix ascii
gui_list_expand -id  Wave.1   {CONNECT_testbench_sample.i_top_level.flit[70:0]}
gui_list_collapse -id  Wave.1   {CONNECT_testbench_sample.i_top_level.flit[70:0]}
gui_list_select -id Data.1 -selected  { {CONNECT_testbench_sample.i_top_level.flit_in_mapper0[70:0]}   }
gui_list_action -id  Data.1 {CONNECT_testbench_sample.i_top_level.flit_in_mapper0[70:0]}
gui_src_highlight_item -id Source.1 -lfrom 46 -idxfrom 27 -fileIdFrom 0 -lto 46 -idxto 42 -fileIdTo 0 -selection {flit_in_mapper0} -selectionId 0 -replace 0
gui_show_drivers -signal  {CONNECT_testbench_sample.i_top_level.flit_in_mapper0[70:0]}
gui_get_drivers -id Source.1 -signal {CONNECT_testbench_sample.i_top_level.flit_in_mapper0[70:0]}
gui_src_highlight_item -id Source.1 -lfrom 8594 -idxfrom 6 -fileIdFrom 0 -lto 8594 -idxto 51 -fileIdTo 0 -selection {net_routers_router_core_1$out_ports_0_getFlit} -selectionId 0 -replace 0
gui_show_drivers -signal  {CONNECT_testbench_sample.i_top_level.i_mkNetwork.net_routers_router_core_1$out_ports_0_getFlit[70:0]}
gui_get_drivers -id Source.1 -signal {CONNECT_testbench_sample.i_top_level.i_mkNetwork.net_routers_router_core_1$out_ports_0_getFlit[70:0]}
package require snpsMisc ; Misc::exec_method -method popCmd 
gui_do_show_driver_load TopLevel.1
gui_list_select -id Hier.1 -current_item_name CONNECT_testbench_sample.i_top_level -current_item_type Scope  -selected  {  }
gui_sim_restart
gui_set_pref_value -category {Source} -key {value_annotate} -value {false}
gui_set_pref_value -category {Source} -key {value_annotate} -value {true}
gui_sim_continue  
gui_zoom -window  Wave.1  -full
gui_zoom -window  Wave.1  -full
gui_list_select -id Wave.1 -selected  { mapper1   }
gui_list_action -id  Wave.1 mapper1
gui_list_action -id  Wave.1 mapper1
gui_dve_source -global /afs/asu.edu/users/c/f/a/cfarnsw2/datamining/data_mining_2mapper/src/session.inter.vpd.tcl
gui_set_pref_value -category {Source} -key {value_annotate} -value {false}
gui_set_pref_value -category {Source} -key {value_annotate} -value {true}
gui_sim_continue  
gui_zoom -window  Wave.1  -full
gui_list_select -id Wave.1 -selected  { mapper0   }
gui_list_select -id Hier.1 -current_item_name CONNECT_testbench_sample.i_top_level.i_noc_input_controller -current_item_type Scope  -selected  {  }
gui_list_select -id Wave.1 -selected  { CONNECT_testbench_sample.i_top_level.i_MapReduceMapper_unq1_1.enable   }
gui_list_select -id Wave.1 { {CONNECT_testbench_sample.i_top_level.i_MapReduceMapper_unq1_1.key[319:0]}  {CONNECT_testbench_sample.i_top_level.i_MapReduceMapper_unq1_1.value[63:0]}  EXP:wordcompare  CONNECT_testbench_sample.i_top_level.i_MapReduceMapper_unq1_1.clk  CONNECT_testbench_sample.i_top_level.i_MapReduceMapper_unq1_1.rstn  CONNECT_testbench_sample.i_top_level.i_MapReduceMapper_unq1_1.tail  {CONNECT_testbench_sample.i_top_level.i_MapReduceMapper_unq1_1.counter[31:0]}  {CONNECT_testbench_sample.i_top_level.i_MapReduceMapper_unq1_1.word[319:0]}  {CONNECT_testbench_sample.i_top_level.i_MapReduceMapper_unq1_1.flit_out_mapper[70:0]}  CONNECT_testbench_sample.i_top_level.i_MapReduceMapper_unq1_1.en_put_credits_mapper  {CONNECT_testbench_sample.i_top_level.i_MapReduceMapper_unq1_1.put_credits_mapper[1:0]}  CONNECT_testbench_sample.i_top_level.i_MapReduceMapper_unq1_1.en_get_credit  {CONNECT_testbench_sample.i_top_level.i_MapReduceMapper_unq1_1.get_credit[1:0]}  {CONNECT_testbench_sample.i_top_level.i_MapReduceMapper_unq1_1.num_credits[2:0]}   }
gui_delete_selected -id  Wave.1
gui_list_select -id Wave.1 -selected  { mapper0   }
gui_list_select -id Wave.1 -selected  { {CONNECT_testbench_sample.i_top_level.i_noc_input_controller.num_credits_mapper0[2:0]}   }
gui_list_select -id Wave.1 -selected  { {CONNECT_testbench_sample.i_top_level.i_noc_input_controller.num_credits_mapper0[2:0]}  {CONNECT_testbench_sample.i_top_level.i_noc_input_controller.num_credits_mapper1[2:0]}  CONNECT_testbench_sample.i_top_level.i_noc_input_controller.en_get_credit_mapper0  {CONNECT_testbench_sample.i_top_level.i_noc_input_controller.get_credit_mapper0[1:0]}  CONNECT_testbench_sample.i_top_level.i_noc_input_controller.en_get_credit_mapper1  {CONNECT_testbench_sample.i_top_level.i_noc_input_controller.get_credit_mapper1[1:0]}   }
gui_delete_selected -id  Wave.1
gui_list_select -id Wave.1 -selected  { mapper1   }
gui_list_select -id Wave.1 -selected  { CONNECT_testbench_sample.i_top_level.i_MapReduceReducer_unq1.enable   }
gui_list_select -id Wave.1 -selected  { CONNECT_testbench_sample.i_top_level.i_MapReduceReducer_unq1.enable  {CONNECT_testbench_sample.i_top_level.i_MapReduceReducer_unq1.search_key[319:0]}  CONNECT_testbench_sample.i_top_level.i_MapReduceReducer_unq1.clk  {CONNECT_testbench_sample.i_top_level.i_MapReduceReducer_unq1.result[31:0]}  {CONNECT_testbench_sample.i_top_level.i_MapReduceReducer_unq1.counter[31:0]}  {CONNECT_testbench_sample.i_top_level.i_MapReduceReducer_unq1.addr[31:0]}  CONNECT_testbench_sample.i_top_level.i_MapReduceReducer_unq1.en_put_credits_reducer  {CONNECT_testbench_sample.i_top_level.i_MapReduceReducer_unq1.put_credits_reducer[1:0]}   }
gui_list_select -id Wave.1 -selected  { CONNECT_testbench_sample.i_top_level.i_MapReduceReducer_unq1.enable   }
gui_list_select -id Wave.1 -selected  { reducer   }
gui_list_select -id Wave.1 -selected  { mapper0   }
gui_list_set_insertion_bar -id Wave.1 -group mapper0 -pos in
gui_list_select -id Wave.1 -selected  { mapper1   }
gui_list_select -id Wave.1 -selected  { mapper0   }
gui_list_select -id Hier.1 -current_item_name CONNECT_testbench_sample.task_send_flit -current_item_type Scope  -selected  { CONNECT_testbench_sample.task_send_flit   }
gui_list_select -id Hier.1 -current_item_name CONNECT_testbench_sample.i_top_level.i_MapReduceMapper_unq1_0 -current_item_type Scope  -selected  { CONNECT_testbench_sample.i_top_level.i_MapReduceMapper_unq1_0   }
gui_list_set_filter -id Data.1 -type Variable -value 0
gui_list_select -id Data.1 -selected  { {CONNECT_testbench_sample.i_top_level.i_MapReduceMapper_unq1_0.value[63:0]}   }
gui_list_select -id Data.1 -selected  { CONNECT_testbench_sample.i_top_level.i_MapReduceMapper_unq1_0.enable   }
gui_list_select -id Data.1 { {CONNECT_testbench_sample.i_top_level.i_MapReduceMapper_unq1_0.task_id[31:0]}  {CONNECT_testbench_sample.i_top_level.i_MapReduceMapper_unq1_0.key[319:0]}  {CONNECT_testbench_sample.i_top_level.i_MapReduceMapper_unq1_0.value[63:0]}  CONNECT_testbench_sample.i_top_level.i_MapReduceMapper_unq1_0.clk  CONNECT_testbench_sample.i_top_level.i_MapReduceMapper_unq1_0.rstn  CONNECT_testbench_sample.i_top_level.i_MapReduceMapper_unq1_0.clear  CONNECT_testbench_sample.i_top_level.i_MapReduceMapper_unq1_0.tail  {CONNECT_testbench_sample.i_top_level.i_MapReduceMapper_unq1_0.get_credit[1:0]}  CONNECT_testbench_sample.i_top_level.i_MapReduceMapper_unq1_0.en_get_credit  {CONNECT_testbench_sample.i_top_level.i_MapReduceMapper_unq1_0.put_credits_mapper[1:0]}  CONNECT_testbench_sample.i_top_level.i_MapReduceMapper_unq1_0.en_put_credits_mapper  CONNECT_testbench_sample.i_top_level.i_MapReduceMapper_unq1_0.finish  CONNECT_testbench_sample.i_top_level.i_MapReduceMapper_unq1_0.read_request  CONNECT_testbench_sample.i_top_level.i_MapReduceMapper_unq1_0.write_request  {CONNECT_testbench_sample.i_top_level.i_MapReduceMapper_unq1_0.int_key[319:0]}  {CONNECT_testbench_sample.i_top_level.i_MapReduceMapper_unq1_0.int_value[31:0]}  {CONNECT_testbench_sample.i_top_level.i_MapReduceMapper_unq1_0.read_addr[31:0]}  {CONNECT_testbench_sample.i_top_level.i_MapReduceMapper_unq1_0.write_addr[31:0]}  {CONNECT_testbench_sample.i_top_level.i_MapReduceMapper_unq1_0.flit_out_mapper[70:0]}   }
gui_list_add -id Wave.1 -from Data.1 { CONNECT_testbench_sample.i_top_level.i_MapReduceMapper_unq1_0.enable {CONNECT_testbench_sample.i_top_level.i_MapReduceMapper_unq1_0.task_id[31:0]} {CONNECT_testbench_sample.i_top_level.i_MapReduceMapper_unq1_0.key[319:0]} {CONNECT_testbench_sample.i_top_level.i_MapReduceMapper_unq1_0.value[63:0]} CONNECT_testbench_sample.i_top_level.i_MapReduceMapper_unq1_0.clk CONNECT_testbench_sample.i_top_level.i_MapReduceMapper_unq1_0.rstn CONNECT_testbench_sample.i_top_level.i_MapReduceMapper_unq1_0.clear CONNECT_testbench_sample.i_top_level.i_MapReduceMapper_unq1_0.tail {CONNECT_testbench_sample.i_top_level.i_MapReduceMapper_unq1_0.get_credit[1:0]} CONNECT_testbench_sample.i_top_level.i_MapReduceMapper_unq1_0.en_get_credit {CONNECT_testbench_sample.i_top_level.i_MapReduceMapper_unq1_0.put_credits_mapper[1:0]} CONNECT_testbench_sample.i_top_level.i_MapReduceMapper_unq1_0.en_put_credits_mapper CONNECT_testbench_sample.i_top_level.i_MapReduceMapper_unq1_0.finish CONNECT_testbench_sample.i_top_level.i_MapReduceMapper_unq1_0.read_request CONNECT_testbench_sample.i_top_level.i_MapReduceMapper_unq1_0.write_request {CONNECT_testbench_sample.i_top_level.i_MapReduceMapper_unq1_0.int_key[319:0]} {CONNECT_testbench_sample.i_top_level.i_MapReduceMapper_unq1_0.int_value[31:0]} {CONNECT_testbench_sample.i_top_level.i_MapReduceMapper_unq1_0.read_addr[31:0]} {CONNECT_testbench_sample.i_top_level.i_MapReduceMapper_unq1_0.write_addr[31:0]} {CONNECT_testbench_sample.i_top_level.i_MapReduceMapper_unq1_0.flit_out_mapper[70:0]} } -insertionbar
gui_list_select -id Wave.1 -selected  { {CONNECT_testbench_sample.i_top_level.i_MapReduceMapper_unq1_0.key[319:0]}   }
gui_list_select -id Wave.1 -selected  { CONNECT_testbench_sample.i_top_level.i_MapReduceMapper_unq1_0.enable   }
gui_sim_restart
gui_set_pref_value -category {Source} -key {value_annotate} -value {false}
gui_set_pref_value -category {Source} -key {value_annotate} -value {true}
gui_sim_continue  
gui_list_select -id Wave.1 -selected  { CONNECT_testbench_sample.i_top_level.i_MapReduceMapper_unq1_0.read_request   }
gui_list_select -id Wave.1 -selected  { CONNECT_testbench_sample.i_top_level.i_MapReduceMapper_unq1_0.enable   }
gui_list_select -id Wave.1 -selected  { {CONNECT_testbench_sample.i_top_level.i_MapReduceMapper_unq1_0.task_id[31:0]}   }
gui_delete_selected -id  Wave.1
gui_list_select -id Wave.1 -selected  { {CONNECT_testbench_sample.i_top_level.i_MapReduceMapper_unq1_0.key[319:0]}   }
gui_list_select -id Wave.1 -selected  { {CONNECT_testbench_sample.i_top_level.i_MapReduceMapper_unq1_0.value[63:0]}   }
gui_list_select -id Wave.1 -selected  { CONNECT_testbench_sample.i_top_level.i_MapReduceMapper_unq1_0.clear   }
gui_delete_selected -id  Wave.1
gui_list_select -id Wave.1 -selected  { CONNECT_testbench_sample.i_top_level.i_MapReduceMapper_unq1_0.tail   }
gui_list_select -id Wave.1 -selected  { {CONNECT_testbench_sample.i_top_level.i_MapReduceMapper_unq1_0.get_credit[1:0]}   }
gui_list_select -id Wave.1 -selected  { CONNECT_testbench_sample.i_top_level.i_MapReduceMapper_unq1_0.read_request   }
gui_delete_selected -id  Wave.1
gui_list_select -id Wave.1 -selected  { CONNECT_testbench_sample.i_top_level.i_MapReduceMapper_unq1_0.write_request   }
gui_delete_selected -id  Wave.1
gui_list_select -id Wave.1 -selected  { {CONNECT_testbench_sample.i_top_level.i_MapReduceMapper_unq1_0.int_key[319:0]}   }
gui_list_select -id Wave.1 -selected  { {CONNECT_testbench_sample.i_top_level.i_MapReduceMapper_unq1_0.read_addr[31:0]}   }
gui_delete_selected -id  Wave.1
gui_list_select -id Wave.1 -selected  { {CONNECT_testbench_sample.i_top_level.i_MapReduceMapper_unq1_0.write_addr[31:0]}   }
gui_delete_selected -id  Wave.1
gui_list_select -id Wave.1 -selected  { {CONNECT_testbench_sample.i_top_level.i_MapReduceMapper_unq1_0.flit_out_mapper[70:0]}   }
gui_list_select -id Wave.1 -selected  { {CONNECT_testbench_sample.i_top_level.i_MapReduceMapper_unq1_0.int_value[31:0]}   }
gui_delete_selected -id  Wave.1
gui_list_select -id Wave.1 -selected  { {CONNECT_testbench_sample.i_top_level.i_MapReduceMapper_unq1_0.flit_out_mapper[70:0]}   }
gui_list_select -id Wave.1 -selected  { {CONNECT_testbench_sample.i_top_level.i_MapReduceMapper_unq1_0.int_key[319:0]}   }
gui_delete_selected -id  Wave.1
gui_list_select -id Wave.1 -selected  { {CONNECT_testbench_sample.i_top_level.i_MapReduceMapper_unq1_0.flit_out_mapper[70:0]}   }
gui_list_select -id Wave.1 -selected  { mapper1   }
gui_list_select -id Wave.1 -selected  { {CONNECT_testbench_sample.i_top_level.i_MapReduceMapper_unq1_0.flit_out_mapper[70:0]}   }
gui_list_select -id Wave.1 -selected  { {CONNECT_testbench_sample.i_top_level.i_MapReduceMapper_unq1_0.key[319:0]}   }
gui_list_select -id Wave.1 -selected  { {CONNECT_testbench_sample.i_top_level.i_MapReduceMapper_unq1_0.key[319:0]}  CONNECT_testbench_sample.i_top_level.i_MapReduceMapper_unq1_0.clk   }
gui_list_select -id Wave.1 -selected  { {CONNECT_testbench_sample.i_top_level.i_MapReduceMapper_unq1_0.key[319:0]}  CONNECT_testbench_sample.i_top_level.i_MapReduceMapper_unq1_0.clk  {CONNECT_testbench_sample.i_top_level.i_MapReduceMapper_unq1_0.value[63:0]}   }
gui_list_select -id Wave.1 -selected  { {CONNECT_testbench_sample.i_top_level.i_MapReduceMapper_unq1_0.key[319:0]}  {CONNECT_testbench_sample.i_top_level.i_MapReduceMapper_unq1_0.value[63:0]}   }
gui_list_set_selected_property -id Wave.1 -radix ascii
gui_list_select -id Wave.1 -selected  { {CONNECT_testbench_sample.i_top_level.i_MapReduceMapper_unq1_0.value[63:0]}   }
gui_marker_move -id  Wave.1 C1 215000
gui_marker_move -id  Wave.1 C1 235000
gui_list_set_insertion_bar -id Wave.1 -group mapper1 -pos in
gui_list_select -id Data.1 -selected  { {CONNECT_testbench_sample.i_top_level.i_MapReduceMapper_unq1_1.value[63:0]}   }
gui_list_select -id Data.1 { CONNECT_testbench_sample.i_top_level.i_MapReduceMapper_unq1_1.enable  {CONNECT_testbench_sample.i_top_level.i_MapReduceMapper_unq1_1.task_id[31:0]}  {CONNECT_testbench_sample.i_top_level.i_MapReduceMapper_unq1_1.key[319:0]}  CONNECT_testbench_sample.i_top_level.i_MapReduceMapper_unq1_1.clk  CONNECT_testbench_sample.i_top_level.i_MapReduceMapper_unq1_1.rstn  CONNECT_testbench_sample.i_top_level.i_MapReduceMapper_unq1_1.clear  CONNECT_testbench_sample.i_top_level.i_MapReduceMapper_unq1_1.tail  {CONNECT_testbench_sample.i_top_level.i_MapReduceMapper_unq1_1.get_credit[1:0]}  CONNECT_testbench_sample.i_top_level.i_MapReduceMapper_unq1_1.en_get_credit  {CONNECT_testbench_sample.i_top_level.i_MapReduceMapper_unq1_1.put_credits_mapper[1:0]}  CONNECT_testbench_sample.i_top_level.i_MapReduceMapper_unq1_1.en_put_credits_mapper  CONNECT_testbench_sample.i_top_level.i_MapReduceMapper_unq1_1.finish  CONNECT_testbench_sample.i_top_level.i_MapReduceMapper_unq1_1.read_request  CONNECT_testbench_sample.i_top_level.i_MapReduceMapper_unq1_1.write_request  {CONNECT_testbench_sample.i_top_level.i_MapReduceMapper_unq1_1.int_key[319:0]}  {CONNECT_testbench_sample.i_top_level.i_MapReduceMapper_unq1_1.int_value[31:0]}  {CONNECT_testbench_sample.i_top_level.i_MapReduceMapper_unq1_1.read_addr[31:0]}  {CONNECT_testbench_sample.i_top_level.i_MapReduceMapper_unq1_1.write_addr[31:0]}  {CONNECT_testbench_sample.i_top_level.i_MapReduceMapper_unq1_1.flit_out_mapper[70:0]}   }
gui_list_add -id Wave.1 -from Data.1 { {CONNECT_testbench_sample.i_top_level.i_MapReduceMapper_unq1_1.value[63:0]} CONNECT_testbench_sample.i_top_level.i_MapReduceMapper_unq1_1.enable {CONNECT_testbench_sample.i_top_level.i_MapReduceMapper_unq1_1.task_id[31:0]} {CONNECT_testbench_sample.i_top_level.i_MapReduceMapper_unq1_1.key[319:0]} CONNECT_testbench_sample.i_top_level.i_MapReduceMapper_unq1_1.clk CONNECT_testbench_sample.i_top_level.i_MapReduceMapper_unq1_1.rstn CONNECT_testbench_sample.i_top_level.i_MapReduceMapper_unq1_1.clear CONNECT_testbench_sample.i_top_level.i_MapReduceMapper_unq1_1.tail {CONNECT_testbench_sample.i_top_level.i_MapReduceMapper_unq1_1.get_credit[1:0]} CONNECT_testbench_sample.i_top_level.i_MapReduceMapper_unq1_1.en_get_credit {CONNECT_testbench_sample.i_top_level.i_MapReduceMapper_unq1_1.put_credits_mapper[1:0]} CONNECT_testbench_sample.i_top_level.i_MapReduceMapper_unq1_1.en_put_credits_mapper CONNECT_testbench_sample.i_top_level.i_MapReduceMapper_unq1_1.finish CONNECT_testbench_sample.i_top_level.i_MapReduceMapper_unq1_1.read_request CONNECT_testbench_sample.i_top_level.i_MapReduceMapper_unq1_1.write_request {CONNECT_testbench_sample.i_top_level.i_MapReduceMapper_unq1_1.int_key[319:0]} {CONNECT_testbench_sample.i_top_level.i_MapReduceMapper_unq1_1.int_value[31:0]} {CONNECT_testbench_sample.i_top_level.i_MapReduceMapper_unq1_1.read_addr[31:0]} {CONNECT_testbench_sample.i_top_level.i_MapReduceMapper_unq1_1.write_addr[31:0]} {CONNECT_testbench_sample.i_top_level.i_MapReduceMapper_unq1_1.flit_out_mapper[70:0]} } -insertionbar
gui_list_select -id Wave.1 -selected  { {CONNECT_testbench_sample.i_top_level.i_MapReduceMapper_unq1_1.task_id[31:0]}   }
gui_delete_selected -id  Wave.1
gui_list_select -id Wave.1 -selected  { {CONNECT_testbench_sample.i_top_level.i_MapReduceMapper_unq1_1.key[319:0]}   }
gui_list_select -id Wave.1 -selected  { CONNECT_testbench_sample.i_top_level.i_MapReduceMapper_unq1_1.clk   }
gui_list_select -id Wave.1 -selected  { CONNECT_testbench_sample.i_top_level.i_MapReduceMapper_unq1_1.clear   }
gui_delete_selected -id  Wave.1
gui_list_select -id Wave.1 -selected  { CONNECT_testbench_sample.i_top_level.i_MapReduceMapper_unq1_1.tail   }
gui_list_select -id Wave.1 -selected  { {CONNECT_testbench_sample.i_top_level.i_MapReduceMapper_unq1_1.get_credit[1:0]}   }
gui_list_select -id Wave.1 -selected  { CONNECT_testbench_sample.i_top_level.i_MapReduceMapper_unq1_1.en_get_credit   }
gui_list_select -id Wave.1 -selected  { CONNECT_testbench_sample.i_top_level.i_MapReduceMapper_unq1_1.finish   }
gui_delete_selected -id  Wave.1
gui_list_select -id Wave.1 -selected  { CONNECT_testbench_sample.i_top_level.i_MapReduceMapper_unq1_1.read_request   }
gui_list_select -id Wave.1 -selected  { CONNECT_testbench_sample.i_top_level.i_MapReduceMapper_unq1_0.finish   }
gui_delete_selected -id  Wave.1
gui_list_select -id Wave.1 -selected  { {CONNECT_testbench_sample.i_top_level.i_MapReduceMapper_unq1_0.flit_out_mapper[70:0]}   }
gui_list_select -id Wave.1 -selected  { {CONNECT_testbench_sample.i_top_level.i_MapReduceMapper_unq1_1.int_key[319:0]}   }
gui_delete_selected -id  Wave.1
gui_list_select -id Wave.1 -selected  { {CONNECT_testbench_sample.i_top_level.i_MapReduceMapper_unq1_1.int_value[31:0]}   }
gui_delete_selected -id  Wave.1
gui_list_select -id Wave.1 -selected  { {CONNECT_testbench_sample.i_top_level.i_MapReduceMapper_unq1_1.read_addr[31:0]}   }
gui_delete_selected -id  Wave.1
gui_list_select -id Wave.1 -selected  { {CONNECT_testbench_sample.i_top_level.i_MapReduceMapper_unq1_1.write_addr[31:0]}   }
gui_delete_selected -id  Wave.1
gui_list_select -id Wave.1 -selected  { {CONNECT_testbench_sample.i_top_level.i_MapReduceMapper_unq1_1.flit_out_mapper[70:0]}   }
gui_list_select -id Wave.1 -selected  { CONNECT_testbench_sample.i_top_level.i_MapReduceMapper_unq1_1.read_request   }
gui_delete_selected -id  Wave.1
gui_list_select -id Wave.1 -selected  { CONNECT_testbench_sample.i_top_level.i_MapReduceMapper_unq1_1.write_request   }
gui_list_select -id Wave.1 -selected  { {CONNECT_testbench_sample.i_top_level.i_MapReduceMapper_unq1_1.flit_out_mapper[70:0]}   }
gui_list_select -id Wave.1 -selected  { {CONNECT_testbench_sample.i_top_level.i_MapReduceMapper_unq1_1.key[319:0]}   }
gui_list_select -id Wave.1 -selected  { {CONNECT_testbench_sample.i_top_level.i_MapReduceMapper_unq1_1.key[319:0]}  {CONNECT_testbench_sample.i_top_level.i_MapReduceMapper_unq1_1.value[63:0]}   }
gui_list_select -id Wave.1 -selected  { {CONNECT_testbench_sample.i_top_level.i_MapReduceMapper_unq1_1.value[63:0]}   }
gui_list_select -id Wave.1 -selected  { {CONNECT_testbench_sample.i_top_level.i_MapReduceMapper_unq1_1.key[319:0]}   }
gui_list_set_selected_property -id Wave.1 -radix ascii
gui_list_select -id Wave.1 -selected  { CONNECT_testbench_sample.i_top_level.i_MapReduceMapper_unq1_1.enable   }
gui_save_session -savedb relative -global { Breakpoint Bus Radix Expression TimeShift Compare SignalGroup Highlight Stack }  -file /afs/asu.edu/users/c/f/a/cfarnsw2/datamining/data_mining_2mapper/src/session.inter.vpd.tcl
gui_sim_restart
gui_set_pref_value -category {Source} -key {value_annotate} -value {false}
gui_set_pref_value -category {Source} -key {value_annotate} -value {true}
gui_sim_continue  
gui_zoom -window  Wave.1  -full
gui_list_select -id Hier.1 -current_item_name CONNECT_testbench_sample.i_top_level.i_MapReduceMapper_unq1_1 -current_item_type Scope  -selected  {  }
gui_list_select -id Hier.1 -current_item_name CONNECT_testbench_sample -current_item_type Scope  -selected  { CONNECT_testbench_sample   }
gui_list_select -id Hier.1 -current_item_name mkRouterOutputArbitersStatic -current_item_type Scope  { CONNECT_testbench_sample.i_top_level  CONNECT_testbench_sample.i_top_level.i_MapReduceMapper_unq1_0  CONNECT_testbench_sample.i_top_level.i_MapReduceMapper_unq1_1  CONNECT_testbench_sample.i_top_level.i_MapReduceReducer_unq1  CONNECT_testbench_sample.i_top_level.i_mkNetwork  CONNECT_testbench_sample.i_top_level.i_noc_input_controller  CONNECT_testbench_sample.i_top_level.i_ram_sp_sr_sw  CONNECT_testbench_sample.task_send_flit  mkInputArbiter  mkOutputArbiter  mkRouterInputArbitersStatic  mkRouterOutputArbitersStatic   }
dump -add { CONNECT_testbench_sample CONNECT_testbench_sample.i_top_level CONNECT_testbench_sample.i_top_level.i_MapReduceMapper_unq1_0 CONNECT_testbench_sample.i_top_level.i_MapReduceMapper_unq1_1 CONNECT_testbench_sample.i_top_level.i_MapReduceReducer_unq1 CONNECT_testbench_sample.i_top_level.i_mkNetwork CONNECT_testbench_sample.i_top_level.i_noc_input_controller CONNECT_testbench_sample.i_top_level.i_ram_sp_sr_sw CONNECT_testbench_sample.task_send_flit mkInputArbiter mkOutputArbiter mkRouterInputArbitersStatic mkRouterOutputArbitersStatic }  -depth 0 -scope "."
dump -add { CONNECT_testbench_sample CONNECT_testbench_sample.i_top_level CONNECT_testbench_sample.i_top_level.i_MapReduceMapper_unq1_0 CONNECT_testbench_sample.i_top_level.i_MapReduceMapper_unq1_1 CONNECT_testbench_sample.i_top_level.i_MapReduceReducer_unq1 CONNECT_testbench_sample.i_top_level.i_mkNetwork CONNECT_testbench_sample.i_top_level.i_noc_input_controller CONNECT_testbench_sample.i_top_level.i_ram_sp_sr_sw CONNECT_testbench_sample.task_send_flit mkInputArbiter mkOutputArbiter mkRouterInputArbitersStatic mkRouterOutputArbitersStatic }  -depth 0 -scope "."
gui_list_select -id Hier.1 -current_item_name mkRouterInputArbitersStatic -current_item_type Scope  -selected  {  }
gui_list_select -id Hier.1 -current_item_name CONNECT_testbench_sample -current_item_type Scope  -selected  { CONNECT_testbench_sample   }
gui_list_select -id Hier.1 -current_item_name CONNECT_testbench_sample.i_top_level.i_MapReduceMapper_unq1_0 -current_item_type Scope  -selected  { CONNECT_testbench_sample.i_top_level.i_MapReduceMapper_unq1_0   }
gui_list_set_filter -id Data.1 -type Variable -value 1
gui_list_select -id Data.1 -selected  { {CONNECT_testbench_sample.i_top_level.i_MapReduceMapper_unq1_0.int_key[319:0]}   }
gui_list_select -id Data.1 -selected  { {CONNECT_testbench_sample.i_top_level.i_MapReduceMapper_unq1_0.counter[31:0]}   }
gui_list_select -id Data.1 -selected  { {CONNECT_testbench_sample.i_top_level.i_MapReduceMapper_unq1_0.num_credits[2:0]}   }
gui_list_add -id Wave.1 -from Data.1 { {CONNECT_testbench_sample.i_top_level.i_MapReduceMapper_unq1_0.num_credits[2:0]} } -insertionbar
gui_list_select -id Wave.1 -selected  { {CONNECT_testbench_sample.i_top_level.i_MapReduceMapper_unq1_0.num_credits[2:0]}   }
gui_list_move  -id  Wave.1    -sid  Wave.1   -after {CONNECT_testbench_sample.i_top_level.i_MapReduceMapper_unq1_0.flit_out_mapper[70:0]} {{CONNECT_testbench_sample.i_top_level.i_MapReduceMapper_unq1_0.num_credits[2:0]}} 
gui_list_select -id Wave.1 -selected  { {CONNECT_testbench_sample.i_top_level.i_MapReduceMapper_unq1_0.flit_out_mapper[70:0]}   }
gui_list_select -id Wave.1 -selected  { {CONNECT_testbench_sample.i_top_level.i_MapReduceMapper_unq1_0.num_credits[2:0]}   }
gui_list_select -id Wave.1 -selected  { {CONNECT_testbench_sample.i_top_level.i_MapReduceMapper_unq1_0.flit_out_mapper[70:0]}   }
gui_list_select -id Wave.1 -selected  { {CONNECT_testbench_sample.i_top_level.i_MapReduceMapper_unq1_0.num_credits[2:0]}   }
gui_list_select -id Wave.1 -selected  { EXP:flit_out.dest   }
gui_list_select -id Wave.1 -selected  { {CONNECT_testbench_sample.i_top_level.i_noc_input_controller.flit_out[70:0]}   }
gui_list_set_insertion_bar -id Wave.1 -item {CONNECT_testbench_sample.i_top_level.i_noc_input_controller.flit_out[70:0]} -index 3 -group input_arb -position auto
gui_list_select -id Hier.1 -current_item_name CONNECT_testbench_sample.i_top_level.i_noc_input_controller -current_item_type Scope  -selected  { CONNECT_testbench_sample.i_top_level.i_noc_input_controller   }
gui_list_select -id Data.1 -selected  { {CONNECT_testbench_sample.i_top_level.i_noc_input_controller.data_out[63:0]}   }
gui_list_select -id Data.1 -selected  { {CONNECT_testbench_sample.i_top_level.i_noc_input_controller.num_credits_mapper0[2:0]}   }
gui_list_add -id Wave.1 -from Data.1 { {CONNECT_testbench_sample.i_top_level.i_noc_input_controller.num_credits_mapper0[2:0]} } -insertionbar
gui_zoom -window  Wave.1  -full
gui_zoom -window  Wave.1  -full
gui_list_select -id Wave.1 -selected  { {CONNECT_testbench_sample.i_top_level.i_noc_input_controller.num_credits_mapper0[2:0]}   }
gui_sim_restart
gui_set_pref_value -category {Source} -key {value_annotate} -value {false}
gui_set_pref_value -category {Source} -key {value_annotate} -value {true}
gui_sim_continue  
gui_zoom -window  Wave.1  -full
gui_marker_move -id  Wave.1 C1 55000
gui_wv_zoom_timerange -id  Wave.1 98160 145276
gui_zoom -window  Wave.1  -factor 0.5
gui_wv_zoom_timerange -id  Wave.1 95533 127040
gui_zoom -window  Wave.1  -factor 0.5
gui_zoom -window  Wave.1  -factor 0.5
gui_wv_scrollright -id  Wave.1  line
gui_wv_scrollright -id  Wave.1  line
gui_wv_scrollright -id  Wave.1  line
gui_wv_scrollright -id  Wave.1  line
gui_wv_scrollleft -id  Wave.1  page
gui_marker_select -id  Wave.1 { C1 }
gui_marker_move -id  Wave.1 C1 57407
gui_zoom -window  Wave.1  -full
gui_wv_zoom_timerange -id  Wave.1 45644 133006
gui_zoom -window  Wave.1  -full
gui_marker_move -id  Wave.1 C1 85000
gui_marker_move -id  Wave.1 C1 95000
gui_marker_move -id  Wave.1 C1 105000
gui_marker_move -id  Wave.1 C1 115000
gui_marker_move -id  Wave.1 C1 125000
gui_marker_move -id  Wave.1 C1 135000
gui_marker_move -id  Wave.1 C1 155000
gui_marker_move -id  Wave.1 C1 165000
gui_marker_move -id  Wave.1 C1 175000
gui_marker_move -id  Wave.1 C1 55000
gui_marker_move -id  Wave.1 C1 125000
gui_marker_move -id  Wave.1 C1 135000
gui_marker_move -id  Wave.1 C1 55000
gui_sim_restart
gui_set_pref_value -category {Source} -key {value_annotate} -value {false}
gui_set_pref_value -category {Source} -key {value_annotate} -value {true}
gui_sim_continue  
gui_zoom -window  Wave.1  -full
gui_list_select -id Wave.1 -selected  { {CONNECT_testbench_sample.i_top_level.i_MapReduceMapper_unq1_0.put_credits_mapper[1:0]}   }
gui_list_select -id Wave.1 -selected  { CONNECT_testbench_sample.i_top_level.i_MapReduceMapper_unq1_0.en_put_credits_mapper   }
gui_list_select -id Wave.1 -selected  { {CONNECT_testbench_sample.i_top_level.i_MapReduceMapper_unq1_0.put_credits_mapper[1:0]}   }
gui_list_select -id Wave.1 -selected  { CONNECT_testbench_sample.i_top_level.i_MapReduceMapper_unq1_0.en_put_credits_mapper   }
gui_list_select -id Wave.1 -selected  { {CONNECT_testbench_sample.i_top_level.i_MapReduceMapper_unq1_0.put_credits_mapper[1:0]}   }
gui_marker_move -id  Wave.1 C1 125000
gui_marker_move -id  Wave.1 C1 145000
gui_sim_restart
gui_set_pref_value -category {Source} -key {value_annotate} -value {false}
gui_set_pref_value -category {Source} -key {value_annotate} -value {true}
gui_sim_continue  
gui_zoom -window  Wave.1  -full
gui_marker_move -id  Wave.1 C1 105000
gui_marker_move -id  Wave.1 C1 115000
gui_marker_move -id  Wave.1 C1 105000
gui_marker_move -id  Wave.1 C1 125000
gui_list_select -id Hier.1 -current_item_name CONNECT_testbench_sample.i_top_level.i_noc_input_controller -current_item_type Scope  -selected  {  }
gui_list_select -id Wave.1 -selected  { CONNECT_testbench_sample.i_top_level.i_MapReduceMapper_unq1_0.en_put_credits_mapper   }
gui_list_select -id Wave.1 -selected  { {CONNECT_testbench_sample.i_top_level.i_MapReduceMapper_unq1_0.put_credits_mapper[1:0]}   }
gui_sim_restart
gui_set_pref_value -category {Source} -key {value_annotate} -value {false}
gui_set_pref_value -category {Source} -key {value_annotate} -value {true}
gui_sim_continue  
gui_zoom -window  Wave.1  -full
gui_marker_move -id  Wave.1 C1 416565000
gui_marker_move -id  Wave.1 C1 438925613
gui_wv_zoom_timerange -id  Wave.1 383556557 433892063
gui_wv_zoom_timerange -id  Wave.1 406235326 418664799
gui_zoom -window  Wave.1  -full
gui_wv_zoom_timerange -id  Wave.1 0 27181173
gui_wv_zoom_timerange -id  Wave.1 0 5086048
gui_wv_zoom_timerange -id  Wave.1 234021 585052
gui_marker_move -id  Wave.1 C1 345000
gui_marker_move -id  Wave.1 C1 335000
gui_marker_move -id  Wave.1 C1 345000
gui_marker_move -id  Wave.1 C1 335000
gui_wv_scrollleft -id  Wave.1  line
gui_wv_scrollleft -id  Wave.1  line
gui_wv_scrollleft -id  Wave.1  line
gui_wv_scrollleft -id  Wave.1  line
gui_wv_scrollleft -id  Wave.1  line
gui_wv_scrollleft -id  Wave.1  line
gui_wv_scrollleft -id  Wave.1  line
gui_wv_scrollleft -id  Wave.1  line
gui_list_expand -id  Hier.1   CONNECT_testbench_sample
gui_list_expand -id  Hier.1   CONNECT_testbench_sample.i_top_level
gui_list_select -id Hier.1 -current_item_name CONNECT_testbench_sample.i_top_level.i_MapReduceMapper_unq1_1 -current_item_type Scope  -selected  { CONNECT_testbench_sample.i_top_level.i_MapReduceMapper_unq1_1   }
gui_list_select -id Hier.1 -current_item_name CONNECT_testbench_sample.i_top_level.i_MapReduceMapper_unq1_0 -current_item_type Scope  -selected  { CONNECT_testbench_sample.i_top_level.i_MapReduceMapper_unq1_0   }
gui_list_select -id Data.1 -selected  { CONNECT_testbench_sample.i_top_level.i_MapReduceMapper_unq1_0.en_get_credit   }
gui_list_select -id Data.1 -selected  { {CONNECT_testbench_sample.i_top_level.i_MapReduceMapper_unq1_0.counter[31:0]}   }
gui_list_add -id Wave.1 -from Data.1 { {CONNECT_testbench_sample.i_top_level.i_MapReduceMapper_unq1_0.counter[31:0]} } -insertionbar
gui_list_select -id Wave.1 -selected  { {CONNECT_testbench_sample.i_top_level.i_MapReduceMapper_unq1_0.counter[31:0]}   }
gui_list_move  -id  Wave.1    -sid  Wave.1   -after CONNECT_testbench_sample.i_top_level.i_MapReduceMapper_unq1_1.en_put_credits_mapper {{CONNECT_testbench_sample.i_top_level.i_MapReduceMapper_unq1_0.counter[31:0]}} 
gui_list_move  -id  Wave.1    -sid  Wave.1   -after {CONNECT_testbench_sample.i_top_level.i_MapReduceMapper_unq1_0.num_credits[2:0]} {{CONNECT_testbench_sample.i_top_level.i_MapReduceMapper_unq1_0.counter[31:0]}} 
gui_marker_move -id  Wave.1 C1 305000
gui_zoom -window  Wave.1  -factor 0.5
gui_marker_move -id  Wave.1 C1 495000
gui_zoom -window  Wave.1  -factor 0.5
gui_wv_zoom_timerange -id  Wave.1 264888 359644
gui_marker_move -id  Wave.1 C1 305000
gui_marker_move -id  Wave.1 C1 295000
gui_zoom -window  Wave.1  -factor 0.5
gui_zoom -window  Wave.1  -factor 0.5
gui_zoom -window  Wave.1  -factor 0.5
gui_marker_move -id  Wave.1 C1 135000
gui_wv_zoom_timerange -id  Wave.1 72084 180211
gui_wv_scrollright -id  Wave.1  line
gui_wv_scrollright -id  Wave.1  line
gui_wv_scrollright -id  Wave.1  line
gui_wv_scrollright -id  Wave.1  line
gui_wv_scrollright -id  Wave.1  line
gui_wv_scrollright -id  Wave.1  line
gui_wv_scrollright -id  Wave.1  line
gui_zoom -window  Wave.1  -factor 0.5
gui_zoom -window  Wave.1  -factor 0.5
gui_list_select -id Wave.1 -selected  { {CONNECT_testbench_sample.i_top_level.i_noc_input_controller.num_credits_mapper0[2:0]}   }
gui_wv_zoom_timerange -id  Wave.1 22554 161194
gui_zoom -window  Wave.1  -factor 0.5
gui_marker_move -id  Wave.1 C1 55000
gui_wv_scrollright -id  Wave.1  page
gui_wv_scrollright -id  Wave.1  page
gui_wv_scrollright -id  Wave.1  page
gui_wv_scroll_hslidermove -id  Wave.1 0
gui_wv_scrollleft -id  Wave.1  line
gui_wv_scrollleft -id  Wave.1  line
gui_wv_scrollleft -id  Wave.1  line
gui_wv_scrollleft -id  Wave.1  line
gui_wv_scrollleft -id  Wave.1  line
gui_wv_scrollleft -id  Wave.1  line
gui_wv_scrollleft -id  Wave.1  line
gui_list_select -id Wave.1 -selected  { {CONNECT_testbench_sample.i_top_level.i_MapReduceMapper_unq1_0.put_credits_mapper[1:0]}   }
gui_zoom -window  Wave.1  -factor 0.5
gui_zoom -window  Wave.1  -factor 0.5
gui_zoom -window  Wave.1  -factor 0.5
gui_sim_restart
gui_set_pref_value -category {Source} -key {value_annotate} -value {false}
gui_set_pref_value -category {Source} -key {value_annotate} -value {true}
gui_sim_continue  
gui_zoom -window  Wave.1  -full
gui_zoom -window  Wave.1  -factor 0.5
gui_marker_move -id  Wave.1 C1 368115000
gui_marker_move -id  Wave.1 C1 438524448
gui_wv_zoom_timerange -id  Wave.1 369485613 443638436
gui_wv_zoom_timerange -id  Wave.1 404769781 419099928
gui_wv_zoom_timerange -id  Wave.1 414145644 417112776
gui_wv_zoom_timerange -id  Wave.1 416254033 416841089
gui_marker_move -id  Wave.1 C1 416495000
gui_wv_zoom_timerange -id  Wave.1 416652191 416742231
gui_wv_scrollleft -id  Wave.1  page
gui_wv_scrollleft -id  Wave.1  page
gui_wv_scrollleft -id  Wave.1  page
gui_wv_scrollleft -id  Wave.1  page
gui_wv_scrollleft -id  Wave.1  page
gui_wv_scrollleft -id  Wave.1  page
gui_wv_scrollleft -id  Wave.1  page
gui_wv_scrollleft -id  Wave.1  page
gui_wv_scrollleft -id  Wave.1  page
gui_wv_scrollleft -id  Wave.1  page
gui_wv_scrollleft -id  Wave.1  page
gui_wv_scrollleft -id  Wave.1  page
gui_wv_scrollleft -id  Wave.1  page
gui_wv_scrollleft -id  Wave.1  page
gui_wv_scrollleft -id  Wave.1  page
gui_wv_scrollleft -id  Wave.1  page
gui_wv_scrollleft -id  Wave.1  page
gui_wv_scrollleft -id  Wave.1  page
gui_wv_scrollleft -id  Wave.1  page
gui_wv_scrollleft -id  Wave.1  page
gui_wv_scrollleft -id  Wave.1  page
gui_wv_scrollleft -id  Wave.1  page
gui_wv_scrollleft -id  Wave.1  page
gui_wv_scrollleft -id  Wave.1  page
gui_wv_scrollleft -id  Wave.1  page
gui_wv_scrollleft -id  Wave.1  page
gui_wv_scrollleft -id  Wave.1  page
gui_wv_scrollleft -id  Wave.1  page
gui_wv_scrollleft -id  Wave.1  page
gui_wv_scrollleft -id  Wave.1  page
gui_wv_scrollleft -id  Wave.1  page
gui_wv_scrollleft -id  Wave.1  page
gui_wv_scrollleft -id  Wave.1  page
gui_wv_scrollleft -id  Wave.1  page
gui_wv_scrollleft -id  Wave.1  page
gui_wv_scrollleft -id  Wave.1  page
gui_wv_scrollleft -id  Wave.1  page
gui_wv_scrollleft -id  Wave.1  page
gui_wv_scrollleft -id  Wave.1  page
gui_wv_scrollleft -id  Wave.1  page
gui_wv_scrollleft -id  Wave.1  page
gui_wv_scrollleft -id  Wave.1  page
gui_wv_scrollleft -id  Wave.1  page
gui_wv_scrollleft -id  Wave.1  page
gui_wv_scrollleft -id  Wave.1  page
gui_wv_scrollleft -id  Wave.1  page
gui_wv_scrollleft -id  Wave.1  page
gui_wv_scrollleft -id  Wave.1  page
gui_wv_scrollleft -id  Wave.1  page
gui_wv_scrollleft -id  Wave.1  page
gui_wv_scrollleft -id  Wave.1  page
gui_wv_scrollleft -id  Wave.1  page
gui_wv_scrollleft -id  Wave.1  page
gui_wv_scrollleft -id  Wave.1  page
gui_wv_scrollleft -id  Wave.1  page
gui_wv_scrollleft -id  Wave.1  page
gui_wv_scrollleft -id  Wave.1  page
gui_wv_scrollleft -id  Wave.1  page
gui_wv_scrollleft -id  Wave.1  page
gui_wv_scrollleft -id  Wave.1  page
gui_wv_scrollleft -id  Wave.1  page
gui_wv_scrollleft -id  Wave.1  page
gui_wv_scrollleft -id  Wave.1  page
gui_wv_scrollleft -id  Wave.1  page
gui_wv_scrollleft -id  Wave.1  page
gui_wv_scrollleft -id  Wave.1  page
gui_wv_scrollleft -id  Wave.1  page
gui_wv_scrollleft -id  Wave.1  page
gui_wv_scrollleft -id  Wave.1  page
gui_wv_scrollleft -id  Wave.1  page
gui_wv_scrollleft -id  Wave.1  page
gui_wv_scrollleft -id  Wave.1  page
gui_wv_scrollleft -id  Wave.1  page
gui_wv_scrollleft -id  Wave.1  page
gui_wv_scrollleft -id  Wave.1  page
gui_wv_scrollleft -id  Wave.1  page
gui_wv_scrollleft -id  Wave.1  page
gui_wv_scrollleft -id  Wave.1  page
gui_wv_scrollleft -id  Wave.1  page
gui_wv_scrollleft -id  Wave.1  page
gui_wv_scrollleft -id  Wave.1  page
gui_wv_scrollleft -id  Wave.1  page
gui_wv_scrollleft -id  Wave.1  page
gui_wv_scrollleft -id  Wave.1  page
gui_wv_scrollleft -id  Wave.1  page
gui_wv_scrollleft -id  Wave.1  page
gui_wv_scrollleft -id  Wave.1  page
gui_wv_scrollleft -id  Wave.1  page
gui_wv_scrollleft -id  Wave.1  page
gui_wv_scrollleft -id  Wave.1  page
gui_wv_scrollleft -id  Wave.1  page
gui_wv_scrollleft -id  Wave.1  page
gui_wv_scrollleft -id  Wave.1  page
gui_wv_scrollleft -id  Wave.1  page
gui_wv_scrollleft -id  Wave.1  page
gui_wv_scrollleft -id  Wave.1  page
gui_wv_scrollleft -id  Wave.1  page
gui_wv_scrollleft -id  Wave.1  page
gui_wv_scrollleft -id  Wave.1  page
gui_wv_scrollleft -id  Wave.1  page
gui_wv_scrollleft -id  Wave.1  page
gui_wv_scrollleft -id  Wave.1  page
gui_wv_scrollleft -id  Wave.1  page
gui_wv_scrollleft -id  Wave.1  page
gui_wv_scrollleft -id  Wave.1  page
gui_wv_scrollleft -id  Wave.1  page
gui_wv_scrollleft -id  Wave.1  page
gui_wv_scrollleft -id  Wave.1  page
gui_wv_scrollleft -id  Wave.1  page
gui_wv_scrollleft -id  Wave.1  page
gui_wv_scrollleft -id  Wave.1  page
gui_wv_scrollleft -id  Wave.1  page
gui_wv_scrollleft -id  Wave.1  page
gui_wv_scrollleft -id  Wave.1  page
gui_wv_scrollleft -id  Wave.1  page
gui_wv_scrollleft -id  Wave.1  page
gui_wv_scrollleft -id  Wave.1  page
gui_wv_scrollleft -id  Wave.1  page
gui_wv_scrollleft -id  Wave.1  page
gui_wv_scrollleft -id  Wave.1  page
gui_wv_scrollleft -id  Wave.1  page
gui_wv_scrollleft -id  Wave.1  page
gui_wv_scrollleft -id  Wave.1  page
gui_wv_scrollleft -id  Wave.1  page
gui_wv_scrollleft -id  Wave.1  page
gui_wv_scrollleft -id  Wave.1  page
gui_wv_scrollleft -id  Wave.1  page
gui_wv_scrollleft -id  Wave.1  page
gui_wv_scrollleft -id  Wave.1  page
gui_wv_scrollleft -id  Wave.1  page
gui_wv_scrollleft -id  Wave.1  page
gui_wv_scrollleft -id  Wave.1  page
gui_wv_scrollleft -id  Wave.1  page
gui_wv_scrollleft -id  Wave.1  page
gui_wv_scrollleft -id  Wave.1  page
gui_wv_scrollleft -id  Wave.1  page
gui_wv_scroll_hslidermove -id  Wave.1 3017419
gui_wv_scrollleft -id  Wave.1  page
gui_wv_scrollleft -id  Wave.1  page
gui_wv_scrollleft -id  Wave.1  page
gui_wv_scrollleft -id  Wave.1  page
gui_wv_scrollright -id  Wave.1  line
gui_wv_scrollright -id  Wave.1  line
gui_wv_scrollright -id  Wave.1  line
gui_wv_scrollright -id  Wave.1  line
gui_wv_scrollright -id  Wave.1  line
gui_wv_scrollright -id  Wave.1  line
gui_wv_scrollright -id  Wave.1  line
gui_wv_scrollright -id  Wave.1  line
gui_wv_scrollright -id  Wave.1  line
gui_wv_scrollright -id  Wave.1  line
gui_wv_scrollright -id  Wave.1  line
gui_wv_scrollright -id  Wave.1  line
gui_wv_scrollright -id  Wave.1  line
gui_wv_scrollright -id  Wave.1  line
gui_wv_scrollright -id  Wave.1  line
gui_wv_scrollright -id  Wave.1  line
gui_wv_scrollright -id  Wave.1  line
gui_wv_scrollright -id  Wave.1  line
gui_wv_scrollright -id  Wave.1  line
gui_wv_scrollright -id  Wave.1  line
gui_wv_scrollright -id  Wave.1  line
gui_wv_scrollright -id  Wave.1  line
gui_wv_scrollright -id  Wave.1  line
gui_wv_scrollright -id  Wave.1  line
gui_wv_scrollright -id  Wave.1  line
gui_wv_scrollright -id  Wave.1  line
gui_wv_scrollright -id  Wave.1  line
gui_wv_scrollright -id  Wave.1  line
gui_wv_scrollright -id  Wave.1  line
gui_wv_scrollright -id  Wave.1  line
gui_wv_scrollright -id  Wave.1  line
gui_wv_scrollright -id  Wave.1  line
gui_wv_scrollright -id  Wave.1  line
gui_wv_scrollright -id  Wave.1  line
gui_wv_scrollright -id  Wave.1  line
gui_wv_scrollright -id  Wave.1  line
gui_wv_scrollright -id  Wave.1  line
gui_wv_scrollright -id  Wave.1  line
gui_wv_scrollright -id  Wave.1  line
gui_wv_scrollright -id  Wave.1  line
gui_wv_scrollright -id  Wave.1  line
gui_wv_scrollright -id  Wave.1  line
gui_wv_scrollright -id  Wave.1  line
gui_wv_scrollright -id  Wave.1  line
gui_wv_scrollright -id  Wave.1  line
gui_wv_scrollright -id  Wave.1  line
gui_wv_scrollright -id  Wave.1  line
gui_wv_scrollright -id  Wave.1  line
gui_zoom -window  Wave.1  -factor 0.5
gui_zoom -window  Wave.1  -factor 0.5
gui_wv_zoom_timerange -id  Wave.1 416539955 416700148
gui_zoom -window  Wave.1  -full
gui_wv_zoom_timerange -id  Wave.1 57532362 132324433
gui_wv_zoom_timerange -id  Wave.1 74103800 84542571
gui_wv_zoom_timerange -id  Wave.1 76513630 78306793
gui_wv_zoom_timerange -id  Wave.1 77042753 77320528
gui_zoom -window  Wave.1  -factor 0.5
gui_zoom -window  Wave.1  -factor 0.5
gui_wv_zoom_timerange -id  Wave.1 77004816 77418921
gui_zoom -window  Wave.1  -factor 0.5
gui_zoom -window  Wave.1  -factor 0.5
gui_zoom -window  Wave.1  -factor 0.5
gui_wv_scroll_hslidermove -id  Wave.1 81377
gui_marker_move -id  Wave.1 C1 416645000
gui_list_select -id Wave.1 -selected  { CONNECT_testbench_sample.i_top_level.i_MapReduceMapper_unq1_1.enable   }
gui_list_select -id Wave.1 -selected  { {CONNECT_testbench_sample.i_top_level.i_MapReduceMapper_unq1_1.value[63:0]}   }
gui_list_select -id Wave.1 -selected  { {CONNECT_testbench_sample.i_top_level.i_MapReduceMapper_unq1_1.key[319:0]}   }
gui_list_select -id Wave.1 -selected  { CONNECT_testbench_sample.i_top_level.i_MapReduceMapper_unq1_1.clk   }
gui_list_select -id Wave.1 -selected  { {CONNECT_testbench_sample.i_top_level.i_MapReduceMapper_unq1_1.key[319:0]}   }
#gui_exit

gui_save_session -savedb relative -global { Breakpoint Bus Radix Expression TimeShift Compare SignalGroup Highlight Stack }  -file /afs/asu.edu/users/c/f/a/cfarnsw2/datamining/data_mining_2mapper/src/session.inter.vpd.tcl
#gui_exit

