ucliGUI::start /afs/asu.edu/users/c/f/a/cfarnsw2/datamining/data_mining/src/simv -ucligui 
set ucliGUI::state
set ucliGUI::state
ucliCore::getToolPID
synopsys::env hasTB
trigger_hier_stack_context_switch 0
synUtils::setDVEInitPhase 1
synopsys::dump -type VPD -file /afs/asu.edu/users/c/f/a/cfarnsw2/datamining/data_mining/src/inter.vpd -locking
synopsys::dump -autoflush on -fid VPD9
set ::dve_fid VPD9
synUtils::setDVEInitPhase 0
ucliCore::getToolPID
synUtils::sendTool -active _icl_setToolSocket /tmp/smlnpkt4VBU
synUtils::sendTool -active {_icl_start_rpc -version "K-2015.09_Full64" -sync_file /tmp/vcs_dve_rpc.cfarnsw2.9487}
synUtils::sendTool -active {_icl_createSharedMemory /tmp/vcs_dve_general.cfarnsw2.9487}
config endofsim noexit
config onfail enable all
config syscaddplainmembers
config syscaddsourcenames
config syscaddstructtypes
synopsys::listing -disable
# Begin_DVE_Session_Save_Info
# DVE restart session
# Saved on Thu Nov 24 00:21:20 2016
# Designs open: 1
#   Sim: /afs/asu.edu/users/c/f/a/cfarnsw2/datamining/data_mining/src/simv
# Toplevel windows open: 2
# 	TopLevel.1
# 	TopLevel.2
#   Source.1: mkInputArbiter
#   Wave.1: 20 signals
#   Group count = 1
#   Group Group1 signal count = 20
# End_DVE_Session_Save_Info
# DVE version: K-2015.09_Full64
# DVE build date: Aug 25 2015 21:36:02
#<Session mode="Restart" path=".restartSimSession.tcl" type="Debug">
# Application preferences
#<WindowLayout>
# DVE top-level session
# Create and position top-level window: TopLevel.1
set TopLevel.1 TopLevel.1
# Docked window settings
set HSPane.1 HSPane.1
set Hier.1 Hier.1
set DLPane.1 DLPane.1
set Data.1 Data.1
set Console.1 Console.1
# MDI window settings
set Source.1 Source.1
# End MDI window settings
# Create and position top-level window: TopLevel.2
set TopLevel.2 TopLevel.2
# Docked window settings
# MDI window settings
set Wave.1 Wave.1
# End MDI window settings
#</WindowLayout>
#<Database>
#</Database>
# DVE Global setting session:
# Global: Breakpoints
# Global: Bus
synopsys::dump -add {CONNECT_testbench_sample.i_top_level.i_MapReduceMapper_unq1_1.word} -aggregates  -fid VPD9
synopsys::dump -add {CONNECT_testbench_sample.i_top_level.i_MapReduceMapper_unq1_1.value} -aggregates  -fid VPD9
synopsys::virtual bus -install . {CONNECT_testbench_sample.i_top_level.i_MapReduceMapper_unq1_1.word[319:0] & CONNECT_testbench_sample.i_top_level.i_MapReduceMapper_unq1_1.value[63:0]} wordcompare
# Global: Expressions
# Global: Signal Time Shift
# Global: Signal Compare
# Global: Signal Groups
synopsys::dump -add {CONNECT_testbench_sample.i_top_level.i_MapReduceMapper_unq1_1} -scope "." -depth 1 -fid VPD9
set _session_group_10 Group1
set Group1 "$_session_group_10"
# Global: Highlighting
# Global: Stack
# Post database loading setting...
# Save global setting...
# Wave/List view global setting
# Close all empty TopLevel windows
foreach __top [gui_ekki_get_window_ids -type TopLevel] {     if { [llength [gui_ekki_get_window_ids -parent $__top]] == 0} {         gui_close_window -window $__top     } }
# DVE View/pane content session:
# Hier 'Hier.1'
catch {gui_list_expand -id ${Hier.1} CONNECT_testbench_sample}
catch {gui_list_expand -id ${Hier.1} CONNECT_testbench_sample.i_top_level}
catch {gui_list_select -id ${Hier.1} {CONNECT_testbench_sample.i_top_level.i_MapReduceMapper_unq1_1}}
# Data 'Data.1'
catch { gui_list_select -id ${Data.1} {CONNECT_testbench_sample.i_top_level.i_MapReduceMapper_unq1_1.enable }}
# Source 'Source.1'
ucliGUI::getSignalValues -scope mkInputArbiter -radix {binary binary hexadecimal hexadecimal binary hexadecimal hexadecimal binary hexadecimal hexadecimal hexadecimal hexadecimal hexadecimal hexadecimal hexadecimal hexadecimal hexadecimal hexadecimal binary binary binary binary binary binary binary binary binary binary } -list {CLK RST_N {select_requests[4:0]} {select[4:0]} EN_next {arb_token[4:0]} {arb_token$D_IN[4:0]} {arb_token$EN} {ab__h1657[1:0]} {ab__h1672[1:0]} {ab__h1687[1:0]} {ab__h1702[1:0]} {ab__h1717[1:0]} {ab__h3098[1:0]} {ab__h3545[1:0]} {ab__h3938[1:0]} {ab__h4282[1:0]} {ab__h4577[1:0]} NOT_gen_grant_carry_0_BIT_1_1_4_AND_NOT_gen_gr_ETC___d48 NOT_gen_grant_carry_0_BIT_1_1_4_AND_NOT_gen_gr_ETC___d68 NOT_gen_grant_carry_2_BIT_1_4_0_AND_NOT_gen_gr_ETC___d66 NOT_gen_grant_carry_6_BIT_1_7_1_AND_NOT_gen_gr_ETC___d57 ab_BIT_0___h2269 ab_BIT_0___h2376 ab_BIT_0___h2483 ab_BIT_0___h2590 ab_BIT_0___h3169 ab_BIT_0___h3305 }
# View 'Wave.1'
set groupExD [gui_get_pref_value -category Wave -key exclusiveSG]
set origWaveHeight [gui_get_pref_value -category Wave -key waveRowHeight]
set origGroupCreationState [gui_list_create_group_when_add -wave]
if {$origGroupCreationState} { 	gui_list_create_group_when_add -wave -enable }
if { $groupExD } {  gui_msg_report -code DVWW028 }
# Restore toplevel window zorder
# The toplevel window could be closed if it has no view/pane
if {[gui_exist_window -window ${TopLevel.1}]} { 	gui_set_active_window -window ${TopLevel.1} 	gui_set_active_window -window ${Source.1} }
if {[gui_exist_window -window ${TopLevel.2}]} { 	gui_set_active_window -window ${TopLevel.2} 	gui_set_active_window -window ${Wave.1} }
#</Session>
synopsys::run
set ucliGUI::state
set ucliGUI::state
set ucliGUI::state
set ucliGUI::state
ucliGUI::getSignalValues -scope mkInputArbiter -radix {binary binary hexadecimal hexadecimal binary hexadecimal hexadecimal binary hexadecimal hexadecimal hexadecimal hexadecimal hexadecimal hexadecimal } -list {CLK RST_N {select_requests[4:0]} {select[4:0]} EN_next {arb_token[4:0]} {arb_token$D_IN[4:0]} {arb_token$EN} {ab__h1657[1:0]} {ab__h1672[1:0]} {ab__h1687[1:0]} {ab__h1702[1:0]} {ab__h1717[1:0]} {ab__h3098[1:0]} }
ucliGUI::vpdAddHierarchy -scope mkInputArbiter -depth 1 -file /afs/asu.edu/users/c/f/a/cfarnsw2/datamining/data_mining/src/inter.vpd; synopsys::dump -flush VPD9
