# Preference setting overrides
gui_set_pref_value -category {Data} -key {showValueAnnotation} -value {true}
gui_set_pref_value -category {Globals} -key {app_fixed_width_font} -value {Courier [Adobe],14,-1,5,50,0,0,0,0,0}
gui_create_pref_key -category {Globals} -key {load_detail_for_funcov} -value_type {bool} -value {false}
gui_set_pref_value -category {Schematics} -key {net_text_maxlen} -value {16}
gui_set_pref_value -category {Source} -key {value_annotate} -value {true}
gui_create_pref_category -category {dlg_settings}
gui_create_pref_key -category {dlg_settings} -key {tableWithImmediatePopup} -value_type {bool} -value {true}
gui_create_pref_category -category {schem_obj_name}
gui_create_pref_key -category {schem_obj_name} -key {show_cell_and_pin_with_symbol_name} -value_type {bool} -value {false}
gui_create_pref_key -category {schem_pin_hc} -key {textExtFont} -value_type {string} -value {Helvetica,10,-1,5,50,0,0,0,0,0}
gui_set_pref_value -category {schem_text} -key {sizeScheme} -value {Large}

# State setting overrides
gui_state_default_create -off -ini
gui_set_state_value -category Globals -key recent_sessions -value {{gui_load_session -ignore_errors -file /nfs/ch/disks/ch_umg_disk5523/cfarnswo/models/fpga_models/lmt_kvgahb_cafe_v6_rollover_fix_fsm/lmt_cafe_v6_a/vcs/fsm_debug.tcl -ignore_errors} {gui_load_session -ignore_errors -file /nfs/ch/disks/ch_umg_disk5523/cfarnswo/models/fpga_models/lmt_kvgahb_cafe_v6_rollover_fix_fsm/lmt_cafe_v6_a/vcs/fsm_debug.tcl} {gui_load_session -ignore_errors -file /nfs/ch/disks/ch_umg_disk5523/cfarnswo/models/fpga_models/lmt_g3l1ncaxi_cafe_v6/lmt_cafe_v6_a/vcs/ui_membfm_debug.tcl -ignore_errors} {gui_load_session -ignore_errors -file /nfs/ch/disks/ch_umg_disk5523/cfarnswo/models/fpga_models/lmt_g3l1ncaxi_cafe_v6/lmt_cafe_v6_a/vcs/ui_membfm_debug.tcl} {gui_load_session -ignore_errors -file /nfs/ch/disks/ch_umg_disk5523/cfarnswo/models/fpga_models/3d6/lmt_atp2_cafe_v6/lmt_cafe_v6_a/vcs/sapms2ahb.tcl -ignore_errors}}
gui_set_state_value -category Globals -key recent_tcl_scripts -value {{gui_dve_source -global /nfs/ch/disks/ch_umg_disk5523/cfarnswo/models/projects/lmt_srv_cafe_v6/lmt_cafe_v6_a/vcs/core_tcm_debug.tcl} {gui_dve_source -global /nfs/ch/disks/ch_umg_disk5523/cfarnswo/models/fpga_models_backup/projects/lmt_cse4pri_cafe_v6_fifo_empty/lmt_cafe_v6_a/vcs/m_wd_broken_fifo_sigs.tcl} {gui_dve_source -global /nfs/ch/disks/ch_umg_disk5523/cfarnswo/models/fpga_models_backup/projects/lmt_cse4pri_cafe_v6_membfm/lmt_cafe_v6_a/vcs/ui_membfm_debug.tcl} {gui_dve_source -global /nfs/ch/disks/ch_umg_disk5523/cfarnswo/models/fpga_models/3d6/lmt_cse4pri_cafe_v6/lmt_cafe_v6_a/vcs/m_wd_broken.tcl} {gui_dve_source -global /nfs/ch/disks/ch_umg_disk5523/cfarnswo/models/fpga_models_backup/projects/lmt_cse4pri_cafe_v6_16ww14.1/lmt_cafe_v6_a/vcs/m_wd_broken.tcl}}
gui_set_state_value -category Layout -key child_assertion_size_x -value 2067
gui_set_state_value -category Layout -key child_assertion_size_y -value 149
gui_set_state_value -category Layout -key child_console_size_x -value 1840
gui_set_state_value -category Layout -key child_console_size_y -value 105
gui_set_state_value -category Layout -key child_data_coltype -value 172
gui_set_state_value -category Layout -key child_data_colvalue -value 120
gui_set_state_value -category Layout -key child_data_colvariable -value 208
gui_set_state_value -category Layout -key child_data_size_x -value 510
gui_set_state_value -category Layout -key child_data_size_y -value 754
gui_set_state_value -category Layout -key child_driver_size_x -value 1374
gui_set_state_value -category Layout -key child_driver_size_y -value 179
gui_set_state_value -category Layout -key child_hier_col3 -value {-1}
gui_set_state_value -category Layout -key child_hier_colhier -value 347
gui_set_state_value -category Layout -key child_hier_colpd -value 0
gui_set_state_value -category Layout -key child_hier_coltype -value 89
gui_set_state_value -category Layout -key child_hier_size_x -value 366
gui_set_state_value -category Layout -key child_hier_size_y -value 754
gui_set_state_value -category Layout -key child_list_down -value 871
gui_set_state_value -category Layout -key child_list_right -value 1861
gui_set_state_value -category Layout -key child_memory_pos_x -value {-2}
gui_set_state_value -category Layout -key child_memory_pos_y -value {-15}
gui_set_state_value -category Layout -key child_memory_size_x -value 1050
gui_set_state_value -category Layout -key child_memory_size_y -value 640
gui_set_state_value -category Layout -key child_schematic_docknewline -value false
gui_set_state_value -category Layout -key child_schematic_pos_x -value {-2}
gui_set_state_value -category Layout -key child_schematic_pos_y -value {-15}
gui_set_state_value -category Layout -key child_schematic_size_x -value 509
gui_set_state_value -category Layout -key child_schematic_size_y -value 727
gui_set_state_value -category Layout -key child_source_docknewline -value false
gui_set_state_value -category Layout -key child_source_pos_x -value {-2}
gui_set_state_value -category Layout -key child_source_pos_y -value {-15}
gui_set_state_value -category Layout -key child_source_size_x -value 967
gui_set_state_value -category Layout -key child_source_size_y -value 749
gui_set_state_value -category Layout -key child_wave_colname -value 258
gui_set_state_value -category Layout -key child_wave_colvalue -value 258
gui_set_state_value -category Layout -key child_wave_left -value 521
gui_set_state_value -category Layout -key child_wave_right -value 1271
gui_set_state_value -category Layout -key main_pos_x -value 60
gui_set_state_value -category Layout -key main_pos_y -value 42
gui_set_state_value -category Layout -key main_size_x -value 1900
gui_set_state_value -category Layout -key main_size_y -value 996
gui_set_state_value -category Layout -key stand_list_child_docknewline -value false
gui_set_state_value -category Layout -key stand_list_child_pos_x -value {-2}
gui_set_state_value -category Layout -key stand_list_child_pos_y -value {-15}
gui_set_state_value -category Layout -key stand_list_child_size_x -value 2021
gui_set_state_value -category Layout -key stand_list_child_size_y -value 1016
gui_set_state_value -category Layout -key stand_list_top_pos_x -value 42
gui_set_state_value -category Layout -key stand_list_top_pos_y -value 144
gui_set_state_value -category Layout -key stand_list_top_size_x -value 2058
gui_set_state_value -category Layout -key stand_list_top_size_y -value 1264
gui_set_state_value -category Layout -key stand_schematic_child_docknewline -value false
gui_set_state_value -category Layout -key stand_schematic_child_pos_x -value {-2}
gui_set_state_value -category Layout -key stand_schematic_child_pos_y -value {-15}
gui_set_state_value -category Layout -key stand_schematic_child_size_x -value 504
gui_set_state_value -category Layout -key stand_schematic_child_size_y -value 200
gui_set_state_value -category Layout -key stand_schematic_top_pos_x -value 654
gui_set_state_value -category Layout -key stand_schematic_top_pos_y -value 572
gui_set_state_value -category Layout -key stand_schematic_top_size_x -value 1153
gui_set_state_value -category Layout -key stand_schematic_top_size_y -value 971
gui_set_state_value -category Layout -key stand_source_child_docknewline -value false
gui_set_state_value -category Layout -key stand_source_child_pos_x -value {-2}
gui_set_state_value -category Layout -key stand_source_child_pos_y -value {-15}
gui_set_state_value -category Layout -key stand_source_child_size_x -value 1542
gui_set_state_value -category Layout -key stand_source_child_size_y -value 755
gui_set_state_value -category Layout -key stand_source_top_pos_x -value 312
gui_set_state_value -category Layout -key stand_source_top_pos_y -value 236
gui_set_state_value -category Layout -key stand_source_top_size_x -value 1849
gui_set_state_value -category Layout -key stand_source_top_size_y -value 1095
gui_set_state_value -category Layout -key stand_wave_child_docknewline -value false
gui_set_state_value -category Layout -key stand_wave_child_pos_x -value {-2}
gui_set_state_value -category Layout -key stand_wave_child_pos_y -value {-15}
gui_set_state_value -category Layout -key stand_wave_child_size_x -value 1802
gui_set_state_value -category Layout -key stand_wave_child_size_y -value 844
gui_set_state_value -category Layout -key stand_wave_top_pos_x -value 106
gui_set_state_value -category Layout -key stand_wave_top_pos_y -value 181
gui_set_state_value -category Layout -key stand_wave_top_size_x -value 1903
gui_set_state_value -category Layout -key stand_wave_top_size_y -value 1125
gui_set_state_value -category Data -key showAggregate -value false
gui_set_state_value -category Data -key showAssertion -value false
gui_set_state_value -category Data -key showBuffer -value false
gui_set_state_value -category Data -key showConstant -value false
gui_set_state_value -category Data -key showEvent -value false
gui_set_state_value -category Data -key showInterface -value false
gui_set_state_value -category Data -key showLinkage -value false
gui_set_state_value -category Data -key showLowPower -value false
gui_set_state_value -category Data -key showOthers -value false
gui_set_state_value -category Data -key showParameter -value false
gui_set_state_value -category Data -key showSignal -value false
gui_set_state_value -category Data -key showUnit -value false
gui_set_state_value -category Data -key showVariable -value false
gui_create_state_key -category FindDialog -key m_pMatchCase -value_type bool -value true
gui_create_state_key -category FindDialog -key m_pMatchWord -value_type bool -value false
gui_create_state_key -category FindDialog -key m_pUseCombo -value_type string -value {}
gui_create_state_key -category FindDialog -key m_pWrapAround -value_type bool -value true
gui_create_state_key -category Widget_History -key Find|m_pFindFrame|m_pFindCombo -value_type string -value {BOOT cphy_lock iccm_ram dccm_ram cphy_ram}
gui_create_state_key -category Widget_History -key Search.1|m_pStringCombo -value_type string -value {ahb2sapms kvgmia_qvsl32 kvgmia_qvs132 DTCM_LOCK_BIT tcm_load_mode}
gui_create_state_key -category Widget_History -key TopLevel.1|qt_left_dock|DockWnd1|HSPane.1|pages|Hier.1|hbox|textfilter -value_type string -value {*reg *axi* *simple_sim* *simple_sim}
gui_create_state_key -category Widget_History -key TopLevel.1|qt_left_dock|DockWnd2|DLPane.1|pages|Data.1|hbox|textfilter -value_type string -value {*kt* xclk *x* {esp?[*}}
gui_create_state_key -category Widget_History -key TopLevel.1|qt_top_dock|&Edit|FindCombo -value_type string -value {BOOT cphy_lock iccm_ram dccm_ram cphy_ram}
gui_create_state_key -category Widget_History -key TopLevel.2|EkTopVbox|wndWorkspace|qt_workspacechild2|Wave.1|left|filterVBox|controlHBox|unnamed -value_type string -value {*array* *rd_clk* *rd_clk}
gui_create_state_key -category Widget_History -key TopLevel.2|EkTopVbox|wndWorkspace|qt_workspacechild3|Wave.1|left|filterVBox|controlHBox|unnamed -value_type string -value {*256:0* *31:0* *31:0 *11223344}
gui_create_state_key -category Widget_History -key TopLevel.2|qt_top_dock|&Edit|FindCombo -value_type string -value {cphy_lock iccm_ram dccm_ram cphy_ram module}
gui_create_state_key -category Widget_History -key TopLevel.3|qt_top_dock|&Edit|FindCombo -value_type string -value tcm_load_mode
gui_create_state_key -category Widget_History -key dlgDumpValues|m_Combo -value_type string -value {{glbl testbench} testbench testbench.i_dnv6f2_tb_top {testbench.i_dnv6f2_tb_top.i_dnv6f2_a testbench.i_dnv6f2_tb_top.i_dnv6f2_b} testbench.i_dnv6f2_tb_top.i_dnv6f2_b}
gui_create_state_key -category Widget_History -key dlgSearchValue|m_ValueComboBox -value_type string -value {000f1000 01c981 66c120}
gui_create_state_key -category Widget_History -key {dlgSimSetup|m_setupTab|tab pages|SimTab|m_VPDCombo} -value_type string -value inter.vpd
gui_create_state_key -category Widget_History -key {dlgSimSetup|m_setupTab|tab pages|SimTab|m_argsCombo} -value_type string -value {{-ucligui -nc +lmt_simplesim_test+ +vcs+lic+wait} {-nc +lmt_simplesim_test+ +vcs+lic+wait} {-ucligui -nc +lmt_simplesim_test+ +vcs+lic+wait +warn=none} {-nc +lmt_simplesim_test+ +vcs+lic+wait +warn=none} {-ucligui +vcs+lic+wait}}
gui_create_state_key -category Widget_History -key {dlgSimSetup|m_setupTab|tab pages|SimTab|m_curDirCombo} -value_type string -value {/nfs/ch/disks/ch_umg_disk5523/cfarnswo/models/fpga_models/3d6/lmt_srvahb_cafe_v6/lmt_cafe_v6_a/vcs /nfs/ch/disks/ch_umg_disk5523/cfarnswo/models/fpga_models/3d6/lmt_hvaon_cafe_v6_v2/lmt_cafe_v6_a/vcs /nfs/ch/disks/ch_umg_disk5523/cfarnswo/models/fpga_models/lmt_kvgahb_cafe_v6_rollover_fix_fsm/lmt_cafe_v6_a/vcs /nfs/ch/disks/ch_umg_disk5523/cfarnswo/models/fpga_models/lmt_kvgahb_cafe_v6_work/lmt_cafe_v6_a/vcs /nfs/ch/disks/ch_umg_disk5523/cfarnswo/models/fpga_models/lmt_kvgahb_cafe_v6/lmt_cafe_v6_a/vcs}
gui_create_state_key -category Widget_History -key {dlgSimSetup|m_setupTab|tab pages|SimTab|m_exeCombo} -value_type string -value {/nfs/ch/disks/ch_umg_disk5523/cfarnswo/models/fpga_models/3d6/lmt_srvahb_cafe_v6/lmt_cafe_v6_a/vcs/simv simv /nfs/ch/disks/ch_umg_disk5523/cfarnswo/models/fpga_models/3d6/lmt_hvaon_cafe_v6_v2/lmt_cafe_v6_a/vcs/simv /nfs/ch/disks/ch_umg_disk5523/cfarnswo/models/fpga_models/lmt_kvgahb_cafe_v6_rollover_fix_fsm/lmt_cafe_v6_a/vcs/simv /nfs/ch/disks/ch_umg_disk5523/cfarnswo/models/fpga_models/lmt_kvgahb_cafe_v6_work/lmt_cafe_v6_a/vcs/simv}
gui_create_state_key -category SearchDialog -key MatchCase -value_type bool -value false
gui_create_state_key -category SearchDialog -key MatchWord -value_type bool -value false
gui_create_state_key -category SearchDialog -key SearchMode -value_type string -value Wildcards
gui_create_state_key -category SearchDialog -key UseCombo -value_type bool -value true
gui_state_default_create -off

# Begin command logging
gui_sim_run Ucli -exe simv -args {-ucligui  } -dir .
gui_list_select -id Hier.1 -current_item_name mkInputArbiter -current_item_type Scope  -selected  {  }
gui_list_select -id Hier.1 -current_item_name CONNECT_testbench_sample -current_item_type Scope  -selected  { CONNECT_testbench_sample   }
gui_list_select -id Hier.1 -current_item_name mkRouterOutputArbitersStatic -current_item_type Scope  -selected  { CONNECT_testbench_sample  mkInputArbiter  mkOutputArbiter  mkRouterInputArbitersStatic  mkRouterOutputArbitersStatic   }
dump -add { CONNECT_testbench_sample mkInputArbiter mkOutputArbiter mkRouterInputArbitersStatic mkRouterOutputArbitersStatic }  -depth 0 -scope "."
dump -add { CONNECT_testbench_sample mkInputArbiter mkOutputArbiter mkRouterInputArbitersStatic mkRouterOutputArbitersStatic }  -depth 0 -scope "."
gui_list_select -id Hier.1 -current_item_name mkOutputArbiter -current_item_type Scope  -selected  {  }
gui_sim_continue  
gui_sim_restart
gui_set_pref_value -category {Source} -key {value_annotate} -value {false}
gui_set_pref_value -category {Source} -key {value_annotate} -value {true}
gui_list_select -id Hier.1 -current_item_name CONNECT_testbench_sample -current_item_type Scope  -selected  { CONNECT_testbench_sample   }
gui_list_expand -id Hier.1   CONNECT_testbench_sample
gui_list_action -id  Hier.1 CONNECT_testbench_sample
gui_list_select -id Hier.1 -current_item_name CONNECT_testbench_sample.i_top_level -current_item_type Scope  -selected  { CONNECT_testbench_sample.i_top_level   }
gui_list_select -id Data.1 -selected  { CONNECT_testbench_sample.i_top_level.CLK   }
gui_list_select -id Data.1 -selected  { CONNECT_testbench_sample.i_top_level.CLK  CONNECT_testbench_sample.i_top_level.RST_N   }
gui_list_select -id Data.1 -selected  { CONNECT_testbench_sample.i_top_level.CLK  CONNECT_testbench_sample.i_top_level.RST_N  {CONNECT_testbench_sample.i_top_level.data[63:0]}   }
gui_open_window Wave
gui_list_add -id Wave.1 -from Data.1 { CONNECT_testbench_sample.i_top_level.CLK CONNECT_testbench_sample.i_top_level.RST_N {CONNECT_testbench_sample.i_top_level.data[63:0]} } -insertionbar
gui_sim_continue  
gui_zoom -window  Wave.1  -full
gui_wv_zoom_timerange -id  Wave.1 0 259532
gui_list_expand -id  Wave.1   {CONNECT_testbench_sample.i_top_level.data[63:0]}
gui_list_collapse -id  Wave.1   {CONNECT_testbench_sample.i_top_level.data[63:0]}
gui_list_expand -id  Hier.1   CONNECT_testbench_sample.i_top_level
gui_list_expand -id  Hier.1   CONNECT_testbench_sample.i_top_level.i_ram_sp_sr_sw
gui_list_collapse -id  Hier.1   CONNECT_testbench_sample.i_top_level.i_ram_sp_sr_sw
gui_list_collapse -id  Hier.1   CONNECT_testbench_sample.i_top_level
gui_list_expand -id  Hier.1   CONNECT_testbench_sample.i_top_level
gui_list_collapse -id  Hier.1   CONNECT_testbench_sample.i_top_level
gui_list_expand -id  Hier.1   CONNECT_testbench_sample.i_top_level
gui_list_select -id Data.1 -selected  {  }
gui_zoom -window  Wave.1  -full
gui_list_select -id Hier.1 -current_item_name CONNECT_testbench_sample.i_top_level.i_ram_sp_sr_sw -current_item_type Scope  -selected  { CONNECT_testbench_sample.i_top_level.i_ram_sp_sr_sw   }
gui_list_add -id Wave.1 -from Hier.1 { CONNECT_testbench_sample.i_top_level.i_ram_sp_sr_sw } -insertionbar
gui_marker_move -id  Wave.1 C1 1953744
gui_list_select -id Wave.1 -selected  { {CONNECT_testbench_sample.i_top_level.i_ram_sp_sr_sw.RAM_DEPTH[31:0]}   }
gui_delete_selected -id  Wave.1
gui_list_select -id Wave.1 -selected  { CONNECT_testbench_sample.i_top_level.i_ram_sp_sr_sw.clk   }
gui_delete_selected -id  Wave.1
gui_list_select -id Wave.1 -selected  { CONNECT_testbench_sample.i_top_level.i_ram_sp_sr_sw.cs   }
gui_list_select -id Wave.1 -selected  { CONNECT_testbench_sample.i_top_level.CLK   }
gui_delete_selected -id  Wave.1
gui_list_select -id Wave.1 -selected  { CONNECT_testbench_sample.i_top_level.RST_N   }
gui_list_select -id Wave.1 -selected  {  }
gui_list_select -id Wave.1 -selected  { CONNECT_testbench_sample.i_top_level.RST_N   }
gui_list_select -id Wave.1 -selected  {  }
gui_list_select -id Wave.1 -selected  { CONNECT_testbench_sample.i_top_level.RST_N   }
gui_list_select -id Wave.1 -selected  {  }
gui_list_select -id Data.1 -selected  { CONNECT_testbench_sample.i_top_level.i_ram_sp_sr_sw.clk   }
gui_list_add -id Wave.1 -from Data.1 { CONNECT_testbench_sample.i_top_level.i_ram_sp_sr_sw.clk } -insertionbar
gui_marker_move -id  Wave.1 C1 65000
gui_marker_move -id  Wave.1 C1 95000
gui_marker_move -id  Wave.1 C1 135000
gui_marker_move -id  Wave.1 C1 185000
gui_marker_move -id  Wave.1 C1 265000
gui_marker_move -id  Wave.1 C1 95000
gui_marker_move -id  Wave.1 C1 135000
gui_marker_move -id  Wave.1 C1 191828
gui_marker_move -id  Wave.1 C1 261144
gui_wv_zoom_timerange -id  Wave.1 0 170872
gui_zoom -window  Wave.1  -full
gui_sim_watch { -file  $::env(PWD)/mkInputArbiter.v  -line  69  }
gui_sim_watch { -file  $::env(PWD)/mkInputArbiter.v  -line  68  }
gui_sim_watch { -file  $::env(PWD)/mkInputArbiter.v  -line  67  }
gui_src_collapse -id { Source.1 } -fid  0  -line 66
gui_sim_watch { -file  $::env(PWD)/mkInputArbiter.v  -line  53  }
gui_src_expand -id { Source.1 } -fid  0  -line 66
gui_list_select -id Data.1 -selected  {  }
gui_sim_restart
gui_set_pref_value -category {Source} -key {value_annotate} -value {false}
gui_set_pref_value -category {Source} -key {value_annotate} -value {true}
gui_sim_continue  
gui_zoom -window  Wave.1  -full
gui_zoom -window  Wave.1  -full
gui_wv_zoom_timerange -id  Wave.1 0 109616
gui_marker_move -id  Wave.1 C1 80590
gui_zoom -window  Wave.1  -full
gui_zoom -window  Wave.1  -factor 0.5
gui_wv_zoom_timerange -id  Wave.1 1902160 2092376
gui_wv_zoom_timerange -id  Wave.1 1996507 2019485
gui_list_select -id Wave.1 -selected  { {CONNECT_testbench_sample.i_top_level.i_ram_sp_sr_sw.address[15:0]}   }
gui_list_set_selected_property -id Wave.1 -radix decimal
gui_list_select -id Wave.1 -selected  {  }
gui_list_select -id Hier.1 -current_item_name CONNECT_testbench_sample.i_top_level.i_ram_sp_sr_sw -current_item_type Scope  -selected  {  }
gui_list_expand -id  Hier.1   CONNECT_testbench_sample.i_top_level.i_mkNetwork
gui_list_collapse -id  Hier.1   CONNECT_testbench_sample.i_top_level.i_mkNetwork
